terminate called after throwing an instance of 'dealii::StandardExceptions::ExcMessage'
terminate called after throwing an instance of 'dealii::StandardExceptions::ExcMessage'
terminate called after throwing an instance of 'dealii::StandardExceptions::ExcMessage'
terminate called after throwing an instance of 'dealii::StandardExceptions::ExcMessage'
terminate called after throwing an instance of 'dealii::StandardExceptions::ExcMessage'
terminate called after throwing an instance of 'dealii::StandardExceptions::ExcMessage'
  what():  
--------------------------------------------------------
An error occurred in line <470> of file </home/kit/ianm/mx3529/libs/dealii-8.4.1/source/lac/trilinos_solver.cc> in function
    void dealii::TrilinosWrappers::SolverDirect::do_solve()
The violated condition was: 
    Factory.Query(additional_data.solver_type.c_str())
The name and call sequence of the exception was:
    ExcMessage (std::string ("You tried to select the solver type <") + additional_data.solver_type + "> but this solver is not supported by Trilinos either " "because it does not exist, or because Trilinos was not " "configured for its use.")
Additional Information: 
You tried to select the solver type <Amesos_Umfpack> but this solver is not supported by Trilinos either because it does not exist, or because Trilinos was not configured for its use.
--------------------------------------------------------

[hc3n131:13306] *** Process received signal ***
  what():  
--------------------------------------------------------
An error occurred in line <470> of file </home/kit/ianm/mx3529/libs/dealii-8.4.1/source/lac/trilinos_solver.cc> in function
    void dealii::TrilinosWrappers::SolverDirect::do_solve()
The violated condition was: 
    Factory.Query(additional_data.solver_type.c_str())
The name and call sequence of the exception was:
    ExcMessage (std::string ("You tried to select the solver type <") + additional_data.solver_type + "> but this solver is not supported by Trilinos either " "because it does not exist, or because Trilinos was not " "configured for its use.")
Additional Information: 
You tried to select the solver type <Amesos_Umfpack> but this solver is not supported by Trilinos either because it does not exist, or because Trilinos was not configured for its use.
--------------------------------------------------------

[hc3n131:13307] *** Process received signal ***
[hc3n131:13307] Signal: Aborted (6)
[hc3n131:13307] Signal code:  (-6)
  what():  
--------------------------------------------------------
An error occurred in line <470> of file </home/kit/ianm/mx3529/libs/dealii-8.4.1/source/lac/trilinos_solver.cc> in function
    void dealii::TrilinosWrappers::SolverDirect::do_solve()
The violated condition was: 
    Factory.Query(additional_data.solver_type.c_str())
The name and call sequence of the exception was:
    ExcMessage (std::string ("You tried to select the solver type <") + additional_data.solver_type + "> but this solver is not supported by Trilinos either " "because it does not exist, or because Trilinos was not " "configured for its use.")
Additional Information: 
You tried to select the solver type <Amesos_Umfpack> but this solver is not supported by Trilinos either because it does not exist, or because Trilinos was not configured for its use.
--------------------------------------------------------

[hc3n013:29844] *** Process received signal ***
[hc3n013:29844] Signal: Aborted (6)
[hc3n013:29844] Signal code:  (-6)
  what():  
--------------------------------------------------------
An error occurred in line <470> of file </home/kit/ianm/mx3529/libs/dealii-8.4.1/source/lac/trilinos_solver.cc> in function
    void dealii::TrilinosWrappers::SolverDirect::do_solve()
The violated condition was: 
    Factory.Query(additional_data.solver_type.c_str())
The name and call sequence of the exception was:
    ExcMessage (std::string ("You tried to select the solver type <") + additional_data.solver_type + "> but this solver is not supported by Trilinos either " "because it does not exist, or because Trilinos was not " "configured for its use.")
Additional Information: 
You tried to select the solver type <Amesos_Umfpack> but this solver is not supported by Trilinos either because it does not exist, or because Trilinos was not configured for its use.
--------------------------------------------------------

[hc3n013:29845] *** Process received signal ***
[hc3n013:29845] Signal: Aborted (6)
[hc3n013:29845] Signal code:  (-6)
[hc3n131:13306] Signal: Aborted (6)
[hc3n131:13306] Signal code:  (-6)
[hc3n131:13306] [ 0] [hc3n013:29845] [ 0] /lib64/libpthread.so.0(+0xf850)[0x2ab0febea850]
[hc3n013:29845] [ 1] /lib64/libc.so.6(gsignal+0x35)[0x2ab1036f5875]
[hc3n013:29845] [ 2] /lib64/libc.so.6(abort+0x181)[0x2ab1036f6e51]
[hc3n013:29845] [ 3] /opt/gcc/6/lib64/libstdc++.so.6(_ZN9__gnu_cxx27__verbose_terminate_handlerEv+0x15d)[0x2ab1033d294d]
[hc3n013:29845] [ 4] [hc3n013:29844] [ 0] /lib64/libpthread.so.0(+0xf850)[0x2b912617d850]
[hc3n013:29844] [ 1] /lib64/libc.so.6(gsignal+0x35)[0x2b912ac88875]
[hc3n013:29844] [ 2] /lib64/libc.so.6(abort+0x181)[0x2b912ac89e51]
[hc3n013:29844] [ 3] [hc3n131:13307] [ 0] /lib64/libpthread.so.0(+0xf850)[0x2b8fce1c8850]
[hc3n131:13307] [ 1] /opt/gcc/6/lib64/libstdc++.so.6(_ZN9__gnu_cxx27__verbose_terminate_handlerEv+0x15d)[0x2b912a96594d]
[hc3n013:29844] [ 4] /opt/gcc/6/lib64/libstdc++.so.6(+0x96916)[0x2b912a963916]
[hc3n013:29844] [ 5] /opt/gcc/6/lib64/libstdc++.so.6(+0x96961)[0x2b912a963961]
[hc3n013:29844] [ 6] /opt/gcc/6/lib64/libstdc++.so.6(+0x96b78)[0x2b912a963b78]
[hc3n013:29844] [ 7] ./main(_ZN6dealii18deal_II_exceptions9internals11issue_errorINS_18StandardExceptions10ExcMessageEEEvNS1_17ExceptionHandlingEPKciS7_S7_S7_T_+0xc0)[0x4663e0]
[hc3n013:29844] [ 8] /opt/gcc/6/lib64/libstdc++.so.6(+0x96916)[0x2ab1033d0916]
[hc3n013:29845] [ 5] /opt/gcc/6/lib64/libstdc++.so.6(+0x96961)[0x2ab1033d0961]
[hc3n013:29845] [ 6] /opt/gcc/6/lib64/libstdc++.so.6(+0x96b78)[0x2ab1033d0b78]
[hc3n013:29845] [ 7] ./main(_ZN6dealii18deal_II_exceptions9internals11issue_errorINS_18StandardExceptions10ExcMessageEEEvNS1_17ExceptionHandlingEPKciS7_S7_S7_T_+0xc0)[0x4663e0]
[hc3n013:29845] [ 8] /lib64/libpthread.so.0(+0xf850)[0x2abd152c9850]
[hc3n131:13306] [ 1] /lib64/libc.so.6(gsignal+0x35)[0x2abd19dd4875]
  what():  
--------------------------------------------------------
An error occurred in line <470> of file </home/kit/ianm/mx3529/libs/dealii-8.4.1/source/lac/trilinos_solver.cc> in function
    void dealii::TrilinosWrappers::SolverDirect::do_solve()
The violated condition was: 
    Factory.Query(additional_data.solver_type.c_str())
The name and call sequence of the exception was:
    ExcMessage (std::string ("You tried to select the solver type <") + additional_data.solver_type + "> but this solver is not supported by Trilinos either " "because it does not exist, or because Trilinos was not " "configured for its use.")
Additional Information: 
You tried to select the solver type <Amesos_Umfpack> but this solver is not supported by Trilinos either because it does not exist, or because Trilinos was not configured for its use.
--------------------------------------------------------

[hc3n226:31875] *** Process received signal ***
[hc3n131:13306] [ 2] /lib64/libc.so.6(abort+0x181)[0x2abd19dd5e51]
  what():  
--------------------------------------------------------
An error occurred in line <470> of file </home/kit/ianm/mx3529/libs/dealii-8.4.1/source/lac/trilinos_solver.cc> in function
    void dealii::TrilinosWrappers::SolverDirect::do_solve()
The violated condition was: 
    Factory.Query(additional_data.solver_type.c_str())
The name and call sequence of the exception was:
    ExcMessage (std::string ("You tried to select the solver type <") + additional_data.solver_type + "> but this solver is not supported by Trilinos either " "because it does not exist, or because Trilinos was not " "configured for its use.")
Additional Information: 
You tried to select the solver type <Amesos_Umfpack> but this solver is not supported by Trilinos either because it does not exist, or because Trilinos was not configured for its use.
--------------------------------------------------------

[hc3n226:31874] *** Process received signal ***
[hc3n226:31874] Signal: Aborted (6)
[hc3n226:31874] Signal code:  (-6)
/lib64/libc.so.6(gsignal+0x35)[0x2b8fd2cd3875]
[hc3n131:13307] [ 2] /lib64/libc.so.6(abort+0x181)[0x2b8fd2cd4e51]
[hc3n131:13307] [ 3] [hc3n226:31875] Signal: Aborted (6)
[hc3n226:31875] Signal code:  (-6)
[hc3n226:31875] [ 0] [hc3n131:13306] [ 3] [hc3n226:31874] [ 0] /lib64/libpthread.so.0(+0xf850)[0x2acc3d70a850]
[hc3n226:31874] [ 1] /lib64/libc.so.6(gsignal+0x35)[0x2acc42215875]
[hc3n226:31874] [ 2] /opt/gcc/6/lib64/libstdc++.so.6(_ZN9__gnu_cxx27__verbose_terminate_handlerEv+0x15d)[0x2b8fd29b094d]
[hc3n131:13307] [ 4] /lib64/libpthread.so.0(+0xf850)[0x2b30d6ca6850]
[hc3n226:31875] [ 1] /lib64/libc.so.6(gsignal+0x35)[0x2b30db7b1875]
[hc3n226:31875] [ 2] /opt/gcc/6/lib64/libstdc++.so.6(_ZN9__gnu_cxx27__verbose_terminate_handlerEv+0x15d)[0x2abd19ab194d]
[hc3n131:13306] [ 4] /lib64/libc.so.6(abort+0x181)[0x2b30db7b2e51]
[hc3n226:31875] [ 3] /lib64/libc.so.6(abort+0x181)[0x2acc42216e51]
[hc3n226:31874] [ 3] /opt/gcc/6/lib64/libstdc++.so.6(+0x96916)[0x2b8fd29ae916]
[hc3n131:13307] [ 5] /opt/gcc/6/lib64/libstdc++.so.6(+0x96916)[0x2abd19aaf916]
[hc3n131:13306] [ 5] /opt/gcc/6/lib64/libstdc++.so.6(_ZN9__gnu_cxx27__verbose_terminate_handlerEv+0x15d)[0x2acc41ef294d]
[hc3n226:31874] [ 4] /opt/gcc/6/lib64/libstdc++.so.6(+0x96961)[0x2b8fd29ae961]
[hc3n131:13307] [ 6] /opt/gcc/6/lib64/libstdc++.so.6(+0x96961)[0x2abd19aaf961]
[hc3n131:13306] [ 6] terminate called after throwing an instance of 'dealii::StandardExceptions::ExcMessage'
/opt/gcc/6/lib64/libstdc++.so.6(_ZN9__gnu_cxx27__verbose_terminate_handlerEv+0x15d)[0x2b30db48e94d]
[hc3n226:31875] [ 4] /opt/gcc/6/lib64/libstdc++.so.6(+0x96b78)[0x2b8fd29aeb78]
[hc3n131:13307] [ 7] /home/kit/ianm/mx3529/share/dealii/lib/libdeal_II.g.so.8.4.1(_ZN6dealii16TrilinosWrappers12SolverDirect8do_solveEv+0x2c2)[0x2ab0ebb3eee8]
[hc3n013:29845] [ 9] ./main(_ZN6dealii18deal_II_exceptions9internals11issue_errorINS_18StandardExceptions10ExcMessageEEEvNS1_17ExceptionHandlingEPKciS7_S7_S7_T_+0xc0)[0x4663e0]
[hc3n131:13307] [ 8] terminate called after throwing an instance of 'dealii::StandardExceptions::ExcMessage'
/opt/gcc/6/lib64/libstdc++.so.6(+0x96916)[0x2b30db48c916]
[hc3n226:31875] [ 5] /opt/gcc/6/lib64/libstdc++.so.6(+0x96916)[0x2acc41ef0916]
[hc3n226:31874] [ 5] /opt/gcc/6/lib64/libstdc++.so.6(+0x96b78)[0x2abd19aafb78]
[hc3n131:13306] [ 7] /opt/gcc/6/lib64/libstdc++.so.6(+0x96961)[0x2b30db48c961]
[hc3n226:31875] [ 6] ./main(_ZN6dealii18deal_II_exceptions9internals11issue_errorINS_18StandardExceptions10ExcMessageEEEvNS1_17ExceptionHandlingEPKciS7_S7_S7_T_+0xc0)[0x4663e0]
[hc3n131:13306] [ 8] /home/kit/ianm/mx3529/share/dealii/lib/libdeal_II.g.so.8.4.1(_ZN6dealii16TrilinosWrappers12SolverDirect8do_solveEv+0x2c2)[0x2b91130d1ee8]
[hc3n013:29844] [ 9] /opt/gcc/6/lib64/libstdc++.so.6(+0x96961)[0x2acc41ef0961]
[hc3n226:31874] [ 6] /home/kit/ianm/mx3529/share/dealii/lib/libdeal_II.g.so.8.4.1(_ZN6dealii16TrilinosWrappers12SolverDirect8do_solveEv+0x2c2)[0x2b8fbb11cee8]
[hc3n131:13307] [ 9] /home/kit/ianm/mx3529/share/dealii/lib/libdeal_II.g.so.8.4.1(_ZN6dealii16TrilinosWrappers12SolverDirect8do_solveEv+0x2c2)[0x2abd0221dee8]
[hc3n131:13306] [ 9] /opt/gcc/6/lib64/libstdc++.so.6(+0x96b78)[0x2acc41ef0b78]
[hc3n226:31874] [ 7] /opt/gcc/6/lib64/libstdc++.so.6(+0x96b78)[0x2b30db48cb78]
[hc3n226:31875] [ 7] ./main(_ZN6dealii18deal_II_exceptions9internals11issue_errorINS_18StandardExceptions10ExcMessageEEEvNS1_17ExceptionHandlingEPKciS7_S7_S7_T_+0xc0)[0x4663e0]
[hc3n226:31875] [ 8] ./main(_ZN6dealii18deal_II_exceptions9internals11issue_errorINS_18StandardExceptions10ExcMessageEEEvNS1_17ExceptionHandlingEPKciS7_S7_S7_T_+0xc0)[0x4663e0]
[hc3n226:31874] [ 8] /home/kit/ianm/mx3529/share/dealii/lib/libdeal_II.g.so.8.4.1(_ZN6dealii16TrilinosWrappers12SolverDirect8do_solveEv+0x2c2)[0x2b30c3bfaee8]
[hc3n226:31875] [ 9] /home/kit/ianm/mx3529/share/dealii/lib/libdeal_II.g.so.8.4.1(_ZN6dealii16TrilinosWrappers12SolverDirect8do_solveEv+0x2c2)[0x2acc2a65eee8]
[hc3n226:31874] [ 9] /home/kit/ianm/mx3529/share/dealii/lib/libdeal_II.g.so.8.4.1(_ZN6dealii16TrilinosWrappers12SolverDirect5solveERKNS0_12SparseMatrixERNS0_10VectorBaseERKS5_+0xc0)[0x2b8fbb11d66a]
[hc3n131:13307] [10] ./main(_ZNK22PreconditionerSweeping5vmultERN6dealii16TrilinosWrappers3MPI6VectorERKS3_+0x717)[0x451257]
[hc3n131:13307] [11] ./main(_ZN6dealii11SolverGMRESINS_16TrilinosWrappers3MPI6VectorEE5solveINS1_12SparseMatrixE22PreconditionerSweepingEEvRKT_RS3_RKS3_RKT0_+0x3c2)[0x4996b4]
[hc3n131:13307] [12] /home/kit/ianm/mx3529/share/dealii/lib/libdeal_II.g.so.8.4.1(_ZN6dealii16TrilinosWrappers12SolverDirect5solveERKNS0_12SparseMatrixERNS0_10VectorBaseERKS5_+0xc0)[0x2abd0221e66a]
[hc3n131:13306] [10] ./main(_ZNK22PreconditionerSweeping5vmultERN6dealii16TrilinosWrappers3MPI6VectorERKS3_+0x717)[0x451257]
[hc3n131:13306] [11] /home/kit/ianm/mx3529/share/dealii/lib/libdeal_II.g.so.8.4.1(_ZN6dealii16TrilinosWrappers12SolverDirect5solveERKNS0_12SparseMatrixERNS0_10VectorBaseERKS5_+0xc0)[0x2ab0ebb3f66a]
[hc3n013:29845] [10] ./main(_ZNK22PreconditionerSweeping5vmultERN6dealii16TrilinosWrappers3MPI6VectorERKS3_+0x717)[0x451257]
[hc3n013:29845] [11] ./main(_ZN6dealii11SolverGMRESINS_16TrilinosWrappers3MPI6VectorEE5solveINS1_12SparseMatrixE22PreconditionerSweepingEEvRKT_RS3_RKS3_RKT0_+0x3c2)[0x4996b4]
[hc3n013:29845] [12]   what():  
--------------------------------------------------------
An error occurred in line <470> of file </home/kit/ianm/mx3529/libs/dealii-8.4.1/source/lac/trilinos_solver.cc> in function
    void dealii::TrilinosWrappers::SolverDirect::do_solve()
The violated condition was: 
    Factory.Query(additional_data.solver_type.c_str())
The name and call sequence of the exception was:
    ExcMessage (std::string ("You tried to select the solver type <") + additional_data.solver_type + "> but this solver is not supported by Trilinos either " "because it does not exist, or because Trilinos was not " "configured for its use.")
Additional Information: 
You tried to select the solver type <Amesos_Umfpack> but this solver is not supported by Trilinos either because it does not exist, or because Trilinos was not configured for its use.
--------------------------------------------------------

./main(_ZN9WaveguideIN6dealii16TrilinosWrappers12SparseMatrixENS1_3MPI6VectorEE5solveEv+0x166d)[0x458525]
[hc3n131:13307] [13] ./main(_ZN9WaveguideIN6dealii16TrilinosWrappers12SparseMatrixENS1_3MPI6VectorEE3runEv+0x200)[0x4a02e8]
[hc3n131:13307] [14] ./main(_ZN9WaveguideIN6dealii16TrilinosWrappers12SparseMatrixENS1_3MPI6VectorEE5solveEv+0x166d)[0x458525]
[hc3n013:29845] [13] ./main(_ZN9WaveguideIN6dealii16TrilinosWrappers12SparseMatrixENS1_3MPI6VectorEE3runEv+0x200)[0x4a02e8]
[hc3n013:29845] [14] ./main(_ZN12OptimizationIN6dealii16TrilinosWrappers12SparseMatrixENS1_3MPI6VectorEE3runEv+0xb52)[0x4a1516]
[hc3n013:29845] [15] ./main(main+0x4ab)[0x45ad22]
[hc3n013:29845] [16] /lib64/libc.so.6(__libc_start_main+0xe6)[0x2ab1036e1c36]
[hc3n013:29845] [17] ./main[0x44bd69]
[hc3n013:29845] *** End of error message ***
./main(_ZN6dealii11SolverGMRESINS_16TrilinosWrappers3MPI6VectorEE5solveINS1_12SparseMatrixE22PreconditionerSweepingEEvRKT_RS3_RKS3_RKT0_+0x3c2)[0x4996b4]
[hc3n131:13306] [12]   what():  
--------------------------------------------------------
An error occurred in line <470> of file </home/kit/ianm/mx3529/libs/dealii-8.4.1/source/lac/trilinos_solver.cc> in function
    void dealii::TrilinosWrappers::SolverDirect::do_solve()
The violated condition was: 
    Factory.Query(additional_data.solver_type.c_str())
The name and call sequence of the exception was:
    ExcMessage (std::string ("You tried to select the solver type <") + additional_data.solver_type + "> but this solver is not supported by Trilinos either " "because it does not exist, or because Trilinos was not " "configured for its use.")
Additional Information: 
You tried to select the solver type <Amesos_Umfpack> but this solver is not supported by Trilinos either because it does not exist, or because Trilinos was not configured for its use.
--------------------------------------------------------

./main(_ZN12OptimizationIN6dealii16TrilinosWrappers12SparseMatrixENS1_3MPI6VectorEE3runEv+0xb52)[0x4a1516]
[hc3n131:13307] [15] ./main(main+0x4ab)[0x45ad22]
[hc3n131:13307] [16] [hc3n276:12901] *** Process received signal ***
[hc3n276:12901] Signal: Aborted (6)
[hc3n276:12901] Signal code:  (-6)
[hc3n276:12900] *** Process received signal ***
[hc3n276:12900] Signal: Aborted (6)
[hc3n276:12900] Signal code:  (-6)
/home/kit/ianm/mx3529/share/dealii/lib/libdeal_II.g.so.8.4.1(_ZN6dealii16TrilinosWrappers12SolverDirect5solveERKNS0_12SparseMatrixERNS0_10VectorBaseERKS5_+0xc0)[0x2acc2a65f66a]
[hc3n226:31874] [10] ./main(_ZNK22PreconditionerSweeping5vmultERN6dealii16TrilinosWrappers3MPI6VectorERKS3_+0x717)[0x451257]
[hc3n226:31874] [11] ./main(_ZN6dealii11SolverGMRESINS_16TrilinosWrappers3MPI6VectorEE5solveINS1_12SparseMatrixE22PreconditionerSweepingEEvRKT_RS3_RKS3_RKT0_+0x3c2)[0x4996b4]
[hc3n226:31874] [12] ./main(_ZN9WaveguideIN6dealii16TrilinosWrappers12SparseMatrixENS1_3MPI6VectorEE5solveEv+0x166d)[0x458525]
[hc3n131:13306] [13] ./main(_ZN9WaveguideIN6dealii16TrilinosWrappers12SparseMatrixENS1_3MPI6VectorEE3runEv+0x200)[0x4a02e8]
[hc3n131:13306] [14] [hc3n276:12900] [ 0] /lib64/libpthread.so.0(+0xf850)[0x2b0245cf2850]
[hc3n276:12900] [ 1] /home/kit/ianm/mx3529/share/dealii/lib/libdeal_II.g.so.8.4.1(_ZN6dealii16TrilinosWrappers12SolverDirect5solveERKNS0_12SparseMatrixERNS0_10VectorBaseERKS5_+0xc0)[0x2b30c3bfb66a]
[hc3n226:31875] [10] ./main(_ZNK22PreconditionerSweeping5vmultERN6dealii16TrilinosWrappers3MPI6VectorERKS3_+0x717)[0x451257]
[hc3n226:31875] [11] ./main(_ZN6dealii11SolverGMRESINS_16TrilinosWrappers3MPI6VectorEE5solveINS1_12SparseMatrixE22PreconditionerSweepingEEvRKT_RS3_RKS3_RKT0_+0x3c2)[0x4996b4]
[hc3n226:31875] [12] /lib64/libc.so.6(__libc_start_main+0xe6)[0x2b8fd2cbfc36]
[hc3n131:13307] [17] ./main[0x44bd69]
[hc3n131:13307] *** End of error message ***
/home/kit/ianm/mx3529/share/dealii/lib/libdeal_II.g.so.8.4.1(_ZN6dealii16TrilinosWrappers12SolverDirect5solveERKNS0_12SparseMatrixERNS0_10VectorBaseERKS5_+0xc0)[0x2b91130d266a]
[hc3n013:29844] [10] ./main(_ZN12OptimizationIN6dealii16TrilinosWrappers12SparseMatrixENS1_3MPI6VectorEE3runEv+0xb52)[0x4a1516]
[hc3n131:13306] [15] ./main(main+0x4ab)[0x45ad22]
[hc3n131:13306] [16] [hc3n276:12901] [ 0] /lib64/libpthread.so.0(+0xf850)[0x2b85c6afc850]
[hc3n276:12901] [ 1] /lib64/libc.so.6(gsignal+0x35)[0x2b85cb607875]
[hc3n276:12901] [ 2] ./main(_ZN9WaveguideIN6dealii16TrilinosWrappers12SparseMatrixENS1_3MPI6VectorEE5solveEv+0x166d)[0x458525]
[hc3n226:31874] [13] ./main(_ZNK22PreconditionerSweeping5vmultERN6dealii16TrilinosWrappers3MPI6VectorERKS3_+0x717)[0x451257]
[hc3n013:29844] [11] ./main(_ZN6dealii11SolverGMRESINS_16TrilinosWrappers3MPI6VectorEE5solveINS1_12SparseMatrixE22PreconditionerSweepingEEvRKT_RS3_RKS3_RKT0_+0x3c2)[0x4996b4]
[hc3n013:29844] [12] ./main(_ZN9WaveguideIN6dealii16TrilinosWrappers12SparseMatrixENS1_3MPI6VectorEE5solveEv+0x166d)[0x458525]
[hc3n013:29844] [13] ./main(_ZN9WaveguideIN6dealii16TrilinosWrappers12SparseMatrixENS1_3MPI6VectorEE3runEv+0x200)[0x4a02e8]
[hc3n013:29844] [14] ./main(_ZN12OptimizationIN6dealii16TrilinosWrappers12SparseMatrixENS1_3MPI6VectorEE3runEv+0xb52)[0x4a1516]
[hc3n013:29844] [15] ./main(main+0x4ab)[0x45ad22]
[hc3n013:29844] [16] /lib64/libc.so.6(__libc_start_main+0xe6)[0x2b912ac74c36]
[hc3n013:29844] [17] ./main[0x44bd69]
[hc3n013:29844] *** End of error message ***
./main(_ZN9WaveguideIN6dealii16TrilinosWrappers12SparseMatrixENS1_3MPI6VectorEE5solveEv+0x166d)[0x458525]
[hc3n226:31875] [13] ./main(_ZN9WaveguideIN6dealii16TrilinosWrappers12SparseMatrixENS1_3MPI6VectorEE3runEv+0x200)[0x4a02e8]
[hc3n226:31875] [14] /lib64/libc.so.6(__libc_start_main+0xe6)[0x2abd19dc0c36]
[hc3n131:13306] [17] /lib64/libc.so.6(gsignal+0x35)[0x2b024a7fd875]
[hc3n276:12900] [ 2] /lib64/libc.so.6(abort+0x181)[0x2b024a7fee51]
[hc3n276:12900] [ 3] ./main(_ZN9WaveguideIN6dealii16TrilinosWrappers12SparseMatrixENS1_3MPI6VectorEE3runEv+0x200)[0x4a02e8]
[hc3n226:31874] [14] ./main(_ZN12OptimizationIN6dealii16TrilinosWrappers12SparseMatrixENS1_3MPI6VectorEE3runEv+0xb52)[0x4a1516]
[hc3n226:31874] [15] ./main(main+0x4ab)[0x45ad22]
[hc3n226:31874] [16] ./main[0x44bd69]
[hc3n131:13306] *** End of error message ***
/lib64/libc.so.6(abort+0x181)[0x2b85cb608e51]
[hc3n276:12901] [ 3] /opt/gcc/6/lib64/libstdc++.so.6(_ZN9__gnu_cxx27__verbose_terminate_handlerEv+0x15d)[0x2b024a4da94d]
[hc3n276:12900] [ 4] ./main(_ZN12OptimizationIN6dealii16TrilinosWrappers12SparseMatrixENS1_3MPI6VectorEE3runEv+0xb52)[0x4a1516]
[hc3n226:31875] [15] ./main(main+0x4ab)[0x45ad22]
[hc3n226:31875] [16] /opt/gcc/6/lib64/libstdc++.so.6(_ZN9__gnu_cxx27__verbose_terminate_handlerEv+0x15d)[0x2b85cb2e494d]
[hc3n276:12901] [ 4] /lib64/libc.so.6(__libc_start_main+0xe6)[0x2acc42201c36]
[hc3n226:31874] [17] ./main[0x44bd69]
/lib64/libc.so.6(__libc_start_main+0xe6)[0x2b30db79dc36]
[hc3n226:31875] [17] /opt/gcc/6/lib64/libstdc++.so.6(+0x96916)[0x2b024a4d8916]
[hc3n276:12900] [ 5] ./main[0x44bd69]
[hc3n226:31875] *** End of error message ***
/opt/gcc/6/lib64/libstdc++.so.6(+0x96916)[0x2b85cb2e2916]
[hc3n276:12901] [ 5] /opt/gcc/6/lib64/libstdc++.so.6(+0x96961)[0x2b024a4d8961]
[hc3n276:12900] [ 6] [hc3n226:31874] *** End of error message ***
/opt/gcc/6/lib64/libstdc++.so.6(+0x96961)[0x2b85cb2e2961]
[hc3n276:12901] [ 6] /opt/gcc/6/lib64/libstdc++.so.6(+0x96b78)[0x2b024a4d8b78]
[hc3n276:12900] [ 7] ./main(_ZN6dealii18deal_II_exceptions9internals11issue_errorINS_18StandardExceptions10ExcMessageEEEvNS1_17ExceptionHandlingEPKciS7_S7_S7_T_+0xc0)[0x4663e0]
[hc3n276:12900] [ 8] /opt/gcc/6/lib64/libstdc++.so.6(+0x96b78)[0x2b85cb2e2b78]
[hc3n276:12901] [ 7] ./main(_ZN6dealii18deal_II_exceptions9internals11issue_errorINS_18StandardExceptions10ExcMessageEEEvNS1_17ExceptionHandlingEPKciS7_S7_S7_T_+0xc0)[0x4663e0]
[hc3n276:12901] [ 8] /home/kit/ianm/mx3529/share/dealii/lib/libdeal_II.g.so.8.4.1(_ZN6dealii16TrilinosWrappers12SolverDirect8do_solveEv+0x2c2)[0x2b0232c46ee8]
[hc3n276:12900] [ 9] /home/kit/ianm/mx3529/share/dealii/lib/libdeal_II.g.so.8.4.1(_ZN6dealii16TrilinosWrappers12SolverDirect8do_solveEv+0x2c2)[0x2b85b3a50ee8]
[hc3n276:12901] [ 9] /home/kit/ianm/mx3529/share/dealii/lib/libdeal_II.g.so.8.4.1(_ZN6dealii16TrilinosWrappers12SolverDirect5solveERKNS0_12SparseMatrixERNS0_10VectorBaseERKS5_+0xc0)[0x2b0232c4766a]
[hc3n276:12900] [10] ./main(_ZNK22PreconditionerSweeping5vmultERN6dealii16TrilinosWrappers3MPI6VectorERKS3_+0x717)[0x451257]
[hc3n276:12900] [11] /home/kit/ianm/mx3529/share/dealii/lib/libdeal_II.g.so.8.4.1(_ZN6dealii16TrilinosWrappers12SolverDirect5solveERKNS0_12SparseMatrixERNS0_10VectorBaseERKS5_+0xc0)[0x2b85b3a5166a]
[hc3n276:12901] [10] ./main(_ZNK22PreconditionerSweeping5vmultERN6dealii16TrilinosWrappers3MPI6VectorERKS3_+0x717)[0x451257]
[hc3n276:12901] [11] ./main(_ZN6dealii11SolverGMRESINS_16TrilinosWrappers3MPI6VectorEE5solveINS1_12SparseMatrixE22PreconditionerSweepingEEvRKT_RS3_RKS3_RKT0_+0x3c2)[0x4996b4]
[hc3n276:12900] [12] ./main(_ZN9WaveguideIN6dealii16TrilinosWrappers12SparseMatrixENS1_3MPI6VectorEE5solveEv+0x166d)[0x458525]
[hc3n276:12900] [13] ./main(_ZN9WaveguideIN6dealii16TrilinosWrappers12SparseMatrixENS1_3MPI6VectorEE3runEv+0x200)[0x4a02e8]
[hc3n276:12900] [14] ./main(_ZN6dealii11SolverGMRESINS_16TrilinosWrappers3MPI6VectorEE5solveINS1_12SparseMatrixE22PreconditionerSweepingEEvRKT_RS3_RKS3_RKT0_+0x3c2)[0x4996b4]
[hc3n276:12901] [12] ./main(_ZN9WaveguideIN6dealii16TrilinosWrappers12SparseMatrixENS1_3MPI6VectorEE5solveEv+0x166d)[0x458525]
[hc3n276:12901] [13] ./main(_ZN9WaveguideIN6dealii16TrilinosWrappers12SparseMatrixENS1_3MPI6VectorEE3runEv+0x200)[0x4a02e8]
[hc3n276:12901] [14] ./main(_ZN12OptimizationIN6dealii16TrilinosWrappers12SparseMatrixENS1_3MPI6VectorEE3runEv+0xb52)[0x4a1516]
[hc3n276:12900] [15] ./main(_ZN12OptimizationIN6dealii16TrilinosWrappers12SparseMatrixENS1_3MPI6VectorEE3runEv+0xb52)[0x4a1516]
[hc3n276:12901] [15] ./main(main+0x4ab)[0x45ad22]
[hc3n276:12901] [16] ./main(main+0x4ab)[0x45ad22]
[hc3n276:12900] [16] /lib64/libc.so.6(__libc_start_main+0xe6)[0x2b024a7e9c36]
[hc3n276:12900] [17] /lib64/libc.so.6(__libc_start_main+0xe6)[0x2b85cb5f3c36]
[hc3n276:12901] [17] ./main[0x44bd69]
[hc3n276:12901] *** End of error message ***
./main[0x44bd69]
[hc3n276:12900] *** End of error message ***
terminate called after throwing an instance of 'dealii::StandardExceptions::ExcMessage'
terminate called after throwing an instance of 'dealii::StandardExceptions::ExcMessage'
  what():  
--------------------------------------------------------
An error occurred in line <470> of file </home/kit/ianm/mx3529/libs/dealii-8.4.1/source/lac/trilinos_solver.cc> in function
    void dealii::TrilinosWrappers::SolverDirect::do_solve()
The violated condition was: 
    Factory.Query(additional_data.solver_type.c_str())
The name and call sequence of the exception was:
    ExcMessage (std::string ("You tried to select the solver type <") + additional_data.solver_type + "> but this solver is not supported by Trilinos either " "because it does not exist, or because Trilinos was not " "configured for its use.")
Additional Information: 
You tried to select the solver type <Amesos_Umfpack> but this solver is not supported by Trilinos either because it does not exist, or because Trilinos was not configured for its use.
--------------------------------------------------------

[hc3n018:26663] *** Process received signal ***
  what():  
--------------------------------------------------------
An error occurred in line <470> of file </home/kit/ianm/mx3529/libs/dealii-8.4.1/source/lac/trilinos_solver.cc> in function
    void dealii::TrilinosWrappers::SolverDirect::do_solve()
The violated condition was: 
    Factory.Query(additional_data.solver_type.c_str())
The name and call sequence of the exception was:
    ExcMessage (std::string ("You tried to select the solver type <") + additional_data.solver_type + "> but this solver is not supported by Trilinos either " "because it does not exist, or because Trilinos was not " "configured for its use.")
Additional Information: 
You tried to select the solver type <Amesos_Umfpack> but this solver is not supported by Trilinos either because it does not exist, or because Trilinos was not configured for its use.
--------------------------------------------------------

[hc3n018:26662] *** Process received signal ***
[hc3n018:26662] Signal: Aborted (6)
[hc3n018:26662] Signal code:  (-6)
[hc3n018:26663] Signal: Aborted (6)
[hc3n018:26663] Signal code:  (-6)
[hc3n018:26662] [ 0] /lib64/libpthread.so.0(+0xf850)[0x2ab2c0c0f850]
[hc3n018:26662] [ 1] [hc3n018:26663] [ 0] /lib64/libpthread.so.0(+0xf850)[0x2b7c8f5e6850]
[hc3n018:26663] [ 1] /lib64/libc.so.6(gsignal+0x35)[0x2b7c940f1875]
[hc3n018:26663] [ 2] /lib64/libc.so.6(gsignal+0x35)[0x2ab2c571a875]
[hc3n018:26662] [ 2] /lib64/libc.so.6(abort+0x181)[0x2ab2c571be51]
[hc3n018:26662] [ 3] /lib64/libc.so.6(abort+0x181)[0x2b7c940f2e51]
[hc3n018:26663] [ 3] /opt/gcc/6/lib64/libstdc++.so.6(_ZN9__gnu_cxx27__verbose_terminate_handlerEv+0x15d)[0x2ab2c53f794d]
[hc3n018:26662] [ 4] /opt/gcc/6/lib64/libstdc++.so.6(_ZN9__gnu_cxx27__verbose_terminate_handlerEv+0x15d)[0x2b7c93dce94d]
[hc3n018:26663] [ 4] /opt/gcc/6/lib64/libstdc++.so.6(+0x96916)[0x2ab2c53f5916]
[hc3n018:26662] [ 5] /opt/gcc/6/lib64/libstdc++.so.6(+0x96916)[0x2b7c93dcc916]
[hc3n018:26663] [ 5] /opt/gcc/6/lib64/libstdc++.so.6(+0x96961)[0x2ab2c53f5961]
[hc3n018:26662] [ 6] /opt/gcc/6/lib64/libstdc++.so.6(+0x96961)[0x2b7c93dcc961]
[hc3n018:26663] [ 6] /opt/gcc/6/lib64/libstdc++.so.6(+0x96b78)[0x2b7c93dccb78]
[hc3n018:26663] [ 7] /opt/gcc/6/lib64/libstdc++.so.6(+0x96b78)[0x2ab2c53f5b78]
[hc3n018:26662] [ 7] ./main(_ZN6dealii18deal_II_exceptions9internals11issue_errorINS_18StandardExceptions10ExcMessageEEEvNS1_17ExceptionHandlingEPKciS7_S7_S7_T_+0xc0)[0x4663e0]
[hc3n018:26663] [ 8] ./main(_ZN6dealii18deal_II_exceptions9internals11issue_errorINS_18StandardExceptions10ExcMessageEEEvNS1_17ExceptionHandlingEPKciS7_S7_S7_T_+0xc0)[0x4663e0]
[hc3n018:26662] [ 8] /home/kit/ianm/mx3529/share/dealii/lib/libdeal_II.g.so.8.4.1(_ZN6dealii16TrilinosWrappers12SolverDirect8do_solveEv+0x2c2)[0x2b7c7c53aee8]
[hc3n018:26663] [ 9] /home/kit/ianm/mx3529/share/dealii/lib/libdeal_II.g.so.8.4.1(_ZN6dealii16TrilinosWrappers12SolverDirect8do_solveEv+0x2c2)[0x2ab2adb63ee8]
[hc3n018:26662] [ 9] /home/kit/ianm/mx3529/share/dealii/lib/libdeal_II.g.so.8.4.1(_ZN6dealii16TrilinosWrappers12SolverDirect5solveERKNS0_12SparseMatrixERNS0_10VectorBaseERKS5_+0xc0)[0x2b7c7c53b66a]
[hc3n018:26663] [10] ./main(_ZNK22PreconditionerSweeping5vmultERN6dealii16TrilinosWrappers3MPI6VectorERKS3_+0x717)[0x451257]
[hc3n018:26663] [11] ./main(_ZN6dealii11SolverGMRESINS_16TrilinosWrappers3MPI6VectorEE5solveINS1_12SparseMatrixE22PreconditionerSweepingEEvRKT_RS3_RKS3_RKT0_+0x3c2)[0x4996b4]
[hc3n018:26663] [12] /home/kit/ianm/mx3529/share/dealii/lib/libdeal_II.g.so.8.4.1(_ZN6dealii16TrilinosWrappers12SolverDirect5solveERKNS0_12SparseMatrixERNS0_10VectorBaseERKS5_+0xc0)[0x2ab2adb6466a]
[hc3n018:26662] [10] ./main(_ZNK22PreconditionerSweeping5vmultERN6dealii16TrilinosWrappers3MPI6VectorERKS3_+0x717)[0x451257]
[hc3n018:26662] [11] ./main(_ZN6dealii11SolverGMRESINS_16TrilinosWrappers3MPI6VectorEE5solveINS1_12SparseMatrixE22PreconditionerSweepingEEvRKT_RS3_RKS3_RKT0_+0x3c2)[0x4996b4]
[hc3n018:26662] [12] ./main(_ZN9WaveguideIN6dealii16TrilinosWrappers12SparseMatrixENS1_3MPI6VectorEE5solveEv+0x166d)[0x458525]
[hc3n018:26662] [13] ./main(_ZN9WaveguideIN6dealii16TrilinosWrappers12SparseMatrixENS1_3MPI6VectorEE5solveEv+0x166d)[0x458525]
[hc3n018:26663] [13] ./main(_ZN9WaveguideIN6dealii16TrilinosWrappers12SparseMatrixENS1_3MPI6VectorEE3runEv+0x200)[0x4a02e8]
[hc3n018:26663] [14] ./main(_ZN12OptimizationIN6dealii16TrilinosWrappers12SparseMatrixENS1_3MPI6VectorEE3runEv+0xb52)[0x4a1516]
[hc3n018:26663] [15] ./main(main+0x4ab)[0x45ad22]
[hc3n018:26663] [16] ./main(_ZN9WaveguideIN6dealii16TrilinosWrappers12SparseMatrixENS1_3MPI6VectorEE3runEv+0x200)[0x4a02e8]
[hc3n018:26662] [14] ./main(_ZN12OptimizationIN6dealii16TrilinosWrappers12SparseMatrixENS1_3MPI6VectorEE3runEv+0xb52)[0x4a1516]
[hc3n018:26662] [15] ./main(main+0x4ab)[0x45ad22]
[hc3n018:26662] [16] /lib64/libc.so.6(__libc_start_main+0xe6)[0x2b7c940ddc36]
[hc3n018:26663] [17] ./main[0x44bd69]
[hc3n018:26663] *** End of error message ***
/lib64/libc.so.6(__libc_start_main+0xe6)[0x2ab2c5706c36]
[hc3n018:26662] [17] ./main[0x44bd69]
[hc3n018:26662] *** End of error message ***
terminate called after throwing an instance of 'dealii::StandardExceptions::ExcMessage'
terminate called after throwing an instance of 'dealii::StandardExceptions::ExcMessage'
  what():  
--------------------------------------------------------
An error occurred in line <470> of file </home/kit/ianm/mx3529/libs/dealii-8.4.1/source/lac/trilinos_solver.cc> in function
    void dealii::TrilinosWrappers::SolverDirect::do_solve()
The violated condition was: 
    Factory.Query(additional_data.solver_type.c_str())
The name and call sequence of the exception was:
    ExcMessage (std::string ("You tried to select the solver type <") + additional_data.solver_type + "> but this solver is not supported by Trilinos either " "because it does not exist, or because Trilinos was not " "configured for its use.")
Additional Information: 
You tried to select the solver type <Amesos_Umfpack> but this solver is not supported by Trilinos either because it does not exist, or because Trilinos was not configured for its use.
--------------------------------------------------------

  what():  
--------------------------------------------------------
An error occurred in line <470> of file </home/kit/ianm/mx3529/libs/dealii-8.4.1/source/lac/trilinos_solver.cc> in function
    void dealii::TrilinosWrappers::SolverDirect::do_solve()
The violated condition was: 
    Factory.Query(additional_data.solver_type.c_str())
The name and call sequence of the exception was:
    ExcMessage (std::string ("You tried to select the solver type <") + additional_data.solver_type + "> but this solver is not supported by Trilinos either " "because it does not exist, or because Trilinos was not " "configured for its use.")
Additional Information: 
You tried to select the solver type <Amesos_Umfpack> but this solver is not supported by Trilinos either because it does not exist, or because Trilinos was not configured for its use.
--------------------------------------------------------

[hc3n149:14814] *** Process received signal ***
[hc3n149:14814] Signal: Aborted (6)
[hc3n149:14814] Signal code:  (-6)
[hc3n149:14814] [ 0] [hc3n149:14813] *** Process received signal ***
[hc3n149:14813] Signal: Aborted (6)
[hc3n149:14813] Signal code:  (-6)
[hc3n149:14813] [ 0] /lib64/libpthread.so.0(+0xf850)[0x2b514d039850]
[hc3n149:14813] [ 1] /lib64/libc.so.6(gsignal+0x35)[0x2b5151b44875]
[hc3n149:14813] [ 2] /lib64/libpthread.so.0(+0xf850)[0x2adf1a840850]
[hc3n149:14814] [ 1] /lib64/libc.so.6(gsignal+0x35)[0x2adf1f34b875]
[hc3n149:14814] [ 2] /lib64/libc.so.6(abort+0x181)[0x2adf1f34ce51]
[hc3n149:14814] [ 3] /lib64/libc.so.6(abort+0x181)[0x2b5151b45e51]
[hc3n149:14813] [ 3] /opt/gcc/6/lib64/libstdc++.so.6(_ZN9__gnu_cxx27__verbose_terminate_handlerEv+0x15d)[0x2b515182194d]
[hc3n149:14813] [ 4] /opt/gcc/6/lib64/libstdc++.so.6(_ZN9__gnu_cxx27__verbose_terminate_handlerEv+0x15d)[0x2adf1f02894d]
[hc3n149:14814] [ 4] /opt/gcc/6/lib64/libstdc++.so.6(+0x96916)[0x2adf1f026916]
[hc3n149:14814] [ 5] /opt/gcc/6/lib64/libstdc++.so.6(+0x96916)[0x2b515181f916]
[hc3n149:14813] [ 5] /opt/gcc/6/lib64/libstdc++.so.6(+0x96961)[0x2adf1f026961]
[hc3n149:14814] [ 6] /opt/gcc/6/lib64/libstdc++.so.6(+0x96961)[0x2b515181f961]
[hc3n149:14813] [ 6] /opt/gcc/6/lib64/libstdc++.so.6(+0x96b78)[0x2adf1f026b78]
[hc3n149:14814] [ 7] ./main(_ZN6dealii18deal_II_exceptions9internals11issue_errorINS_18StandardExceptions10ExcMessageEEEvNS1_17ExceptionHandlingEPKciS7_S7_S7_T_+0xc0)[0x4663e0]
[hc3n149:14814] [ 8] /opt/gcc/6/lib64/libstdc++.so.6(+0x96b78)[0x2b515181fb78]
[hc3n149:14813] [ 7] ./main(_ZN6dealii18deal_II_exceptions9internals11issue_errorINS_18StandardExceptions10ExcMessageEEEvNS1_17ExceptionHandlingEPKciS7_S7_S7_T_+0xc0)[0x4663e0]
[hc3n149:14813] [ 8] /home/kit/ianm/mx3529/share/dealii/lib/libdeal_II.g.so.8.4.1(_ZN6dealii16TrilinosWrappers12SolverDirect8do_solveEv+0x2c2)[0x2b5139f8dee8]
[hc3n149:14813] [ 9] /home/kit/ianm/mx3529/share/dealii/lib/libdeal_II.g.so.8.4.1(_ZN6dealii16TrilinosWrappers12SolverDirect8do_solveEv+0x2c2)[0x2adf07794ee8]
[hc3n149:14814] [ 9] /home/kit/ianm/mx3529/share/dealii/lib/libdeal_II.g.so.8.4.1(_ZN6dealii16TrilinosWrappers12SolverDirect5solveERKNS0_12SparseMatrixERNS0_10VectorBaseERKS5_+0xc0)[0x2b5139f8e66a]
[hc3n149:14813] [10] /home/kit/ianm/mx3529/share/dealii/lib/libdeal_II.g.so.8.4.1(_ZN6dealii16TrilinosWrappers12SolverDirect5solveERKNS0_12SparseMatrixERNS0_10VectorBaseERKS5_+0xc0)[0x2adf0779566a]
[hc3n149:14814] [10] ./main(_ZNK22PreconditionerSweeping5vmultERN6dealii16TrilinosWrappers3MPI6VectorERKS3_+0x717)[0x451257]
[hc3n149:14814] [11] ./main(_ZN6dealii11SolverGMRESINS_16TrilinosWrappers3MPI6VectorEE5solveINS1_12SparseMatrixE22PreconditionerSweepingEEvRKT_RS3_RKS3_RKT0_+0x3c2)[0x4996b4]
[hc3n149:14814] [12] ./main(_ZN9WaveguideIN6dealii16TrilinosWrappers12SparseMatrixENS1_3MPI6VectorEE5solveEv+0x166d)[0x458525]
[hc3n149:14814] [13] ./main(_ZNK22PreconditionerSweeping5vmultERN6dealii16TrilinosWrappers3MPI6VectorERKS3_+0x717)[0x451257]
[hc3n149:14813] [11] ./main(_ZN6dealii11SolverGMRESINS_16TrilinosWrappers3MPI6VectorEE5solveINS1_12SparseMatrixE22PreconditionerSweepingEEvRKT_RS3_RKS3_RKT0_+0x3c2)[0x4996b4]
[hc3n149:14813] [12] ./main(_ZN9WaveguideIN6dealii16TrilinosWrappers12SparseMatrixENS1_3MPI6VectorEE5solveEv+0x166d)[0x458525]
[hc3n149:14813] [13] ./main(_ZN9WaveguideIN6dealii16TrilinosWrappers12SparseMatrixENS1_3MPI6VectorEE3runEv+0x200)[0x4a02e8]
[hc3n149:14814] [14] ./main(_ZN12OptimizationIN6dealii16TrilinosWrappers12SparseMatrixENS1_3MPI6VectorEE3runEv+0xb52)[0x4a1516]
[hc3n149:14814] [15] ./main(main+0x4ab)[0x45ad22]
[hc3n149:14814] [16] ./main(_ZN9WaveguideIN6dealii16TrilinosWrappers12SparseMatrixENS1_3MPI6VectorEE3runEv+0x200)[0x4a02e8]
[hc3n149:14813] [14] /lib64/libc.so.6(__libc_start_main+0xe6)[0x2adf1f337c36]
[hc3n149:14814] [17] ./main[0x44bd69]
[hc3n149:14814] *** End of error message ***
./main(_ZN12OptimizationIN6dealii16TrilinosWrappers12SparseMatrixENS1_3MPI6VectorEE3runEv+0xb52)[0x4a1516]
[hc3n149:14813] [15] ./main(main+0x4ab)[0x45ad22]
[hc3n149:14813] [16] /lib64/libc.so.6(__libc_start_main+0xe6)[0x2b5151b30c36]
[hc3n149:14813] [17] ./main[0x44bd69]
[hc3n149:14813] *** End of error message ***
terminate called after throwing an instance of 'dealii::StandardExceptions::ExcMessage'
terminate called after throwing an instance of 'dealii::StandardExceptions::ExcMessage'
  what():  
--------------------------------------------------------
An error occurred in line <470> of file </home/kit/ianm/mx3529/libs/dealii-8.4.1/source/lac/trilinos_solver.cc> in function
    void dealii::TrilinosWrappers::SolverDirect::do_solve()
The violated condition was: 
    Factory.Query(additional_data.solver_type.c_str())
The name and call sequence of the exception was:
    ExcMessage (std::string ("You tried to select the solver type <") + additional_data.solver_type + "> but this solver is not supported by Trilinos either " "because it does not exist, or because Trilinos was not " "configured for its use.")
Additional Information: 
You tried to select the solver type <Amesos_Umfpack> but this solver is not supported by Trilinos either because it does not exist, or because Trilinos was not configured for its use.
--------------------------------------------------------

[hc3n016:23964] *** Process received signal ***
[hc3n016:23964] Signal: Aborted (6)
[hc3n016:23964] Signal code:  (-6)
  what():  
--------------------------------------------------------
An error occurred in line <470> of file </home/kit/ianm/mx3529/libs/dealii-8.4.1/source/lac/trilinos_solver.cc> in function
    void dealii::TrilinosWrappers::SolverDirect::do_solve()
The violated condition was: 
    Factory.Query(additional_data.solver_type.c_str())
The name and call sequence of the exception was:
    ExcMessage (std::string ("You tried to select the solver type <") + additional_data.solver_type + "> but this solver is not supported by Trilinos either " "because it does not exist, or because Trilinos was not " "configured for its use.")
Additional Information: 
You tried to select the solver type <Amesos_Umfpack> but this solver is not supported by Trilinos either because it does not exist, or because Trilinos was not configured for its use.
--------------------------------------------------------

[hc3n016:23965] *** Process received signal ***
[hc3n016:23965] Signal: Aborted (6)
[hc3n016:23965] Signal code:  (-6)
[hc3n016:23964] [ 0] /lib64/libpthread.so.0(+0xf850)[0x2b77f5ea1850]
[hc3n016:23964] [ 1] [hc3n016:23965] [ 0] /lib64/libpthread.so.0(+0xf850)[0x2b1d0cea7850]
[hc3n016:23965] [ 1] /lib64/libc.so.6(gsignal+0x35)[0x2b1d119b2875]
[hc3n016:23965] [ 2] /lib64/libc.so.6(gsignal+0x35)[0x2b77fa9ac875]
[hc3n016:23964] [ 2] /lib64/libc.so.6(abort+0x181)[0x2b77fa9ade51]
[hc3n016:23964] [ 3] /lib64/libc.so.6(abort+0x181)[0x2b1d119b3e51]
[hc3n016:23965] [ 3] /opt/gcc/6/lib64/libstdc++.so.6(_ZN9__gnu_cxx27__verbose_terminate_handlerEv+0x15d)[0x2b1d1168f94d]
[hc3n016:23965] [ 4] /opt/gcc/6/lib64/libstdc++.so.6(_ZN9__gnu_cxx27__verbose_terminate_handlerEv+0x15d)[0x2b77fa68994d]
[hc3n016:23964] [ 4] /opt/gcc/6/lib64/libstdc++.so.6(+0x96916)[0x2b1d1168d916]
[hc3n016:23965] [ 5] /opt/gcc/6/lib64/libstdc++.so.6(+0x96916)[0x2b77fa687916]
[hc3n016:23964] [ 5] /opt/gcc/6/lib64/libstdc++.so.6(+0x96961)[0x2b77fa687961]
[hc3n016:23964] [ 6] /opt/gcc/6/lib64/libstdc++.so.6(+0x96961)[0x2b1d1168d961]
[hc3n016:23965] [ 6] /opt/gcc/6/lib64/libstdc++.so.6(+0x96b78)[0x2b1d1168db78]
[hc3n016:23965] [ 7] /opt/gcc/6/lib64/libstdc++.so.6(+0x96b78)[0x2b77fa687b78]
[hc3n016:23964] [ 7] ./main(_ZN6dealii18deal_II_exceptions9internals11issue_errorINS_18StandardExceptions10ExcMessageEEEvNS1_17ExceptionHandlingEPKciS7_S7_S7_T_+0xc0)[0x4663e0]
[hc3n016:23965] [ 8] ./main(_ZN6dealii18deal_II_exceptions9internals11issue_errorINS_18StandardExceptions10ExcMessageEEEvNS1_17ExceptionHandlingEPKciS7_S7_S7_T_+0xc0)[0x4663e0]
[hc3n016:23964] [ 8] /home/kit/ianm/mx3529/share/dealii/lib/libdeal_II.g.so.8.4.1(_ZN6dealii16TrilinosWrappers12SolverDirect8do_solveEv+0x2c2)[0x2b77e2df5ee8]
[hc3n016:23964] [ 9] /home/kit/ianm/mx3529/share/dealii/lib/libdeal_II.g.so.8.4.1(_ZN6dealii16TrilinosWrappers12SolverDirect8do_solveEv+0x2c2)[0x2b1cf9dfbee8]
[hc3n016:23965] [ 9] /home/kit/ianm/mx3529/share/dealii/lib/libdeal_II.g.so.8.4.1(_ZN6dealii16TrilinosWrappers12SolverDirect5solveERKNS0_12SparseMatrixERNS0_10VectorBaseERKS5_+0xc0)[0x2b77e2df666a]
[hc3n016:23964] [10] ./main(_ZNK22PreconditionerSweeping5vmultERN6dealii16TrilinosWrappers3MPI6VectorERKS3_+0x717)[0x451257]
[hc3n016:23964] [11] /home/kit/ianm/mx3529/share/dealii/lib/libdeal_II.g.so.8.4.1(_ZN6dealii16TrilinosWrappers12SolverDirect5solveERKNS0_12SparseMatrixERNS0_10VectorBaseERKS5_+0xc0)[0x2b1cf9dfc66a]
[hc3n016:23965] [10] ./main(_ZNK22PreconditionerSweeping5vmultERN6dealii16TrilinosWrappers3MPI6VectorERKS3_+0x717)[0x451257]
[hc3n016:23965] [11] ./main(_ZN6dealii11SolverGMRESINS_16TrilinosWrappers3MPI6VectorEE5solveINS1_12SparseMatrixE22PreconditionerSweepingEEvRKT_RS3_RKS3_RKT0_+0x3c2)[0x4996b4]
[hc3n016:23965] [12] ./main(_ZN9WaveguideIN6dealii16TrilinosWrappers12SparseMatrixENS1_3MPI6VectorEE5solveEv+0x166d)[0x458525]
[hc3n016:23965] [13] ./main(_ZN6dealii11SolverGMRESINS_16TrilinosWrappers3MPI6VectorEE5solveINS1_12SparseMatrixE22PreconditionerSweepingEEvRKT_RS3_RKS3_RKT0_+0x3c2)[0x4996b4]
[hc3n016:23964] [12] ./main(_ZN9WaveguideIN6dealii16TrilinosWrappers12SparseMatrixENS1_3MPI6VectorEE5solveEv+0x166d)[0x458525]
[hc3n016:23964] [13] ./main(_ZN9WaveguideIN6dealii16TrilinosWrappers12SparseMatrixENS1_3MPI6VectorEE3runEv+0x200)[0x4a02e8]
[hc3n016:23964] [14] ./main(_ZN9WaveguideIN6dealii16TrilinosWrappers12SparseMatrixENS1_3MPI6VectorEE3runEv+0x200)[0x4a02e8]
[hc3n016:23965] [14] ./main(_ZN12OptimizationIN6dealii16TrilinosWrappers12SparseMatrixENS1_3MPI6VectorEE3runEv+0xb52)[0x4a1516]
[hc3n016:23965] [15] ./main(_ZN12OptimizationIN6dealii16TrilinosWrappers12SparseMatrixENS1_3MPI6VectorEE3runEv+0xb52)[0x4a1516]
[hc3n016:23964] [15] ./main(main+0x4ab)[0x45ad22]
[hc3n016:23964] [16] ./main(main+0x4ab)[0x45ad22]
[hc3n016:23965] [16] /lib64/libc.so.6(__libc_start_main+0xe6)[0x2b1d1199ec36]
[hc3n016:23965] [17] ./main[0x44bd69]
[hc3n016:23965] *** End of error message ***
/lib64/libc.so.6(__libc_start_main+0xe6)[0x2b77fa998c36]
[hc3n016:23964] [17] ./main[0x44bd69]
[hc3n016:23964] *** End of error message ***
terminate called after throwing an instance of 'dealii::StandardExceptions::ExcMessage'
terminate called after throwing an instance of 'dealii::StandardExceptions::ExcMessage'
  what():  
--------------------------------------------------------
An error occurred in line <470> of file </home/kit/ianm/mx3529/libs/dealii-8.4.1/source/lac/trilinos_solver.cc> in function
    void dealii::TrilinosWrappers::SolverDirect::do_solve()
The violated condition was: 
    Factory.Query(additional_data.solver_type.c_str())
The name and call sequence of the exception was:
    ExcMessage (std::string ("You tried to select the solver type <") + additional_data.solver_type + "> but this solver is not supported by Trilinos either " "because it does not exist, or because Trilinos was not " "configured for its use.")
Additional Information: 
You tried to select the solver type <Amesos_Umfpack> but this solver is not supported by Trilinos either because it does not exist, or because Trilinos was not configured for its use.
--------------------------------------------------------

[hc3n293:25115] *** Process received signal ***
  what():  
--------------------------------------------------------
An error occurred in line <470> of file </home/kit/ianm/mx3529/libs/dealii-8.4.1/source/lac/trilinos_solver.cc> in function
    void dealii::TrilinosWrappers::SolverDirect::do_solve()
The violated condition was: 
    Factory.Query(additional_data.solver_type.c_str())
The name and call sequence of the exception was:
    ExcMessage (std::string ("You tried to select the solver type <") + additional_data.solver_type + "> but this solver is not supported by Trilinos either " "because it does not exist, or because Trilinos was not " "configured for its use.")
Additional Information: 
You tried to select the solver type <Amesos_Umfpack> but this solver is not supported by Trilinos either because it does not exist, or because Trilinos was not configured for its use.
--------------------------------------------------------

[hc3n293:25115] Signal: Aborted (6)
[hc3n293:25115] Signal code:  (-6)
[hc3n293:25116] *** Process received signal ***
[hc3n293:25115] [ 0] [hc3n293:25116] Signal: Aborted (6)
[hc3n293:25116] Signal code:  (-6)
/lib64/libpthread.so.0(+0xf850)[0x2b32c5f74850]
[hc3n293:25115] [ 1] /lib64/libc.so.6(gsignal+0x35)[0x2b32caa7f875]
[hc3n293:25115] [ 2] /lib64/libc.so.6(abort+0x181)[0x2b32caa80e51]
[hc3n293:25115] [ 3] [hc3n293:25116] [ 0] /lib64/libpthread.so.0(+0xf850)[0x2b19c1b22850]
[hc3n293:25116] [ 1] /opt/gcc/6/lib64/libstdc++.so.6(_ZN9__gnu_cxx27__verbose_terminate_handlerEv+0x15d)[0x2b32ca75c94d]
[hc3n293:25115] [ 4] /lib64/libc.so.6(gsignal+0x35)[0x2b19c662d875]
[hc3n293:25116] [ 2] /lib64/libc.so.6(abort+0x181)[0x2b19c662ee51]
[hc3n293:25116] [ 3] /opt/gcc/6/lib64/libstdc++.so.6(+0x96916)[0x2b32ca75a916]
[hc3n293:25115] [ 5] terminate called after throwing an instance of 'dealii::StandardExceptions::ExcMessage'
/opt/gcc/6/lib64/libstdc++.so.6(_ZN9__gnu_cxx27__verbose_terminate_handlerEv+0x15d)[0x2b19c630a94d]
[hc3n293:25116] [ 4] terminate called after throwing an instance of 'dealii::StandardExceptions::ExcMessage'
/opt/gcc/6/lib64/libstdc++.so.6(+0x96961)[0x2b32ca75a961]
[hc3n293:25115] [ 6] /opt/gcc/6/lib64/libstdc++.so.6(+0x96b78)[0x2b32ca75ab78]
[hc3n293:25115] [ 7] /opt/gcc/6/lib64/libstdc++.so.6(+0x96916)[0x2b19c6308916]
[hc3n293:25116] [ 5] ./main(_ZN6dealii18deal_II_exceptions9internals11issue_errorINS_18StandardExceptions10ExcMessageEEEvNS1_17ExceptionHandlingEPKciS7_S7_S7_T_+0xc0)[0x4663e0]
[hc3n293:25115] [ 8] /opt/gcc/6/lib64/libstdc++.so.6(+0x96961)[0x2b19c6308961]
[hc3n293:25116] [ 6] /opt/gcc/6/lib64/libstdc++.so.6(+0x96b78)[0x2b19c6308b78]
[hc3n293:25116] [ 7] ./main(_ZN6dealii18deal_II_exceptions9internals11issue_errorINS_18StandardExceptions10ExcMessageEEEvNS1_17ExceptionHandlingEPKciS7_S7_S7_T_+0xc0)[0x4663e0]
[hc3n293:25116] [ 8]   what():  
--------------------------------------------------------
An error occurred in line <470> of file </home/kit/ianm/mx3529/libs/dealii-8.4.1/source/lac/trilinos_solver.cc> in function
    void dealii::TrilinosWrappers::SolverDirect::do_solve()
The violated condition was: 
    Factory.Query(additional_data.solver_type.c_str())
The name and call sequence of the exception was:
    ExcMessage (std::string ("You tried to select the solver type <") + additional_data.solver_type + "> but this solver is not supported by Trilinos either " "because it does not exist, or because Trilinos was not " "configured for its use.")
Additional Information: 
You tried to select the solver type <Amesos_Umfpack> but this solver is not supported by Trilinos either because it does not exist, or because Trilinos was not configured for its use.
--------------------------------------------------------

[hc3n028:31905] *** Process received signal ***
/home/kit/ianm/mx3529/share/dealii/lib/libdeal_II.g.so.8.4.1(_ZN6dealii16TrilinosWrappers12SolverDirect8do_solveEv+0x2c2)[0x2b19aea76ee8]
[hc3n293:25116] [ 9] /home/kit/ianm/mx3529/share/dealii/lib/libdeal_II.g.so.8.4.1(_ZN6dealii16TrilinosWrappers12SolverDirect8do_solveEv+0x2c2)[0x2b32b2ec8ee8]
[hc3n293:25115] [ 9]   what():  
--------------------------------------------------------
An error occurred in line <470> of file </home/kit/ianm/mx3529/libs/dealii-8.4.1/source/lac/trilinos_solver.cc> in function
    void dealii::TrilinosWrappers::SolverDirect::do_solve()
The violated condition was: 
    Factory.Query(additional_data.solver_type.c_str())
The name and call sequence of the exception was:
    ExcMessage (std::string ("You tried to select the solver type <") + additional_data.solver_type + "> but this solver is not supported by Trilinos either " "because it does not exist, or because Trilinos was not " "configured for its use.")
Additional Information: 
You tried to select the solver type <Amesos_Umfpack> but this solver is not supported by Trilinos either because it does not exist, or because Trilinos was not configured for its use.
--------------------------------------------------------

[hc3n028:31904] *** Process received signal ***
[hc3n028:31905] Signal: Aborted (6)
[hc3n028:31905] Signal code:  (-6)
[hc3n028:31904] Signal: Aborted (6)
[hc3n028:31904] Signal code:  (-6)
[hc3n028:31905] [ 0] /lib64/libpthread.so.0(+0xf850)[0x2afdd2af5850]
[hc3n028:31905] [ 1] [hc3n028:31904] [ 0] /lib64/libc.so.6(gsignal+0x35)[0x2afdd7600875]
[hc3n028:31905] [ 2] /lib64/libc.so.6(abort+0x181)[0x2afdd7601e51]
[hc3n028:31905] [ 3] /lib64/libpthread.so.0(+0xf850)[0x2b46100f6850]
[hc3n028:31904] [ 1] /lib64/libc.so.6(gsignal+0x35)[0x2b4614c01875]
[hc3n028:31904] [ 2] /lib64/libc.so.6(abort+0x181)[0x2b4614c02e51]
[hc3n028:31904] [ 3] /opt/gcc/6/lib64/libstdc++.so.6(_ZN9__gnu_cxx27__verbose_terminate_handlerEv+0x15d)[0x2b46148de94d]
[hc3n028:31904] [ 4] /opt/gcc/6/lib64/libstdc++.so.6(_ZN9__gnu_cxx27__verbose_terminate_handlerEv+0x15d)[0x2afdd72dd94d]
[hc3n028:31905] [ 4] /opt/gcc/6/lib64/libstdc++.so.6(+0x96916)[0x2b46148dc916]
[hc3n028:31904] [ 5] /opt/gcc/6/lib64/libstdc++.so.6(+0x96961)[0x2b46148dc961]
[hc3n028:31904] [ 6] /opt/gcc/6/lib64/libstdc++.so.6(+0x96916)[0x2afdd72db916]
[hc3n028:31905] [ 5] /opt/gcc/6/lib64/libstdc++.so.6(+0x96b78)[0x2b46148dcb78]
[hc3n028:31904] [ 7] ./main(_ZN6dealii18deal_II_exceptions9internals11issue_errorINS_18StandardExceptions10ExcMessageEEEvNS1_17ExceptionHandlingEPKciS7_S7_S7_T_+0xc0)[0x4663e0]
[hc3n028:31904] [ 8] /opt/gcc/6/lib64/libstdc++.so.6(+0x96961)[0x2afdd72db961]
[hc3n028:31905] [ 6] /opt/gcc/6/lib64/libstdc++.so.6(+0x96b78)[0x2afdd72dbb78]
[hc3n028:31905] [ 7] ./main(_ZN6dealii18deal_II_exceptions9internals11issue_errorINS_18StandardExceptions10ExcMessageEEEvNS1_17ExceptionHandlingEPKciS7_S7_S7_T_+0xc0)[0x4663e0]
[hc3n028:31905] [ 8] /home/kit/ianm/mx3529/share/dealii/lib/libdeal_II.g.so.8.4.1(_ZN6dealii16TrilinosWrappers12SolverDirect5solveERKNS0_12SparseMatrixERNS0_10VectorBaseERKS5_+0xc0)[0x2b19aea7766a]
[hc3n293:25116] [10] ./main(_ZNK22PreconditionerSweeping5vmultERN6dealii16TrilinosWrappers3MPI6VectorERKS3_+0x717)[0x451257]
[hc3n293:25116] [11] /home/kit/ianm/mx3529/share/dealii/lib/libdeal_II.g.so.8.4.1(_ZN6dealii16TrilinosWrappers12SolverDirect5solveERKNS0_12SparseMatrixERNS0_10VectorBaseERKS5_+0xc0)[0x2b32b2ec966a]
[hc3n293:25115] [10] ./main(_ZNK22PreconditionerSweeping5vmultERN6dealii16TrilinosWrappers3MPI6VectorERKS3_+0x717)[0x451257]
[hc3n293:25115] [11] ./main(_ZN6dealii11SolverGMRESINS_16TrilinosWrappers3MPI6VectorEE5solveINS1_12SparseMatrixE22PreconditionerSweepingEEvRKT_RS3_RKS3_RKT0_+0x3c2)[0x4996b4]
[hc3n293:25115] [12] ./main(_ZN9WaveguideIN6dealii16TrilinosWrappers12SparseMatrixENS1_3MPI6VectorEE5solveEv+0x166d)[0x458525]
[hc3n293:25115] [13] ./main(_ZN6dealii11SolverGMRESINS_16TrilinosWrappers3MPI6VectorEE5solveINS1_12SparseMatrixE22PreconditionerSweepingEEvRKT_RS3_RKS3_RKT0_+0x3c2)[0x4996b4]
[hc3n293:25116] [12] ./main(_ZN9WaveguideIN6dealii16TrilinosWrappers12SparseMatrixENS1_3MPI6VectorEE5solveEv+0x166d)[0x458525]
[hc3n293:25116] [13] ./main(_ZN9WaveguideIN6dealii16TrilinosWrappers12SparseMatrixENS1_3MPI6VectorEE3runEv+0x200)[0x4a02e8]
[hc3n293:25116] [14] ./main(_ZN12OptimizationIN6dealii16TrilinosWrappers12SparseMatrixENS1_3MPI6VectorEE3runEv+0xb52)[0x4a1516]
[hc3n293:25116] [15] ./main(_ZN9WaveguideIN6dealii16TrilinosWrappers12SparseMatrixENS1_3MPI6VectorEE3runEv+0x200)[0x4a02e8]
[hc3n293:25115] [14] ./main(_ZN12OptimizationIN6dealii16TrilinosWrappers12SparseMatrixENS1_3MPI6VectorEE3runEv+0xb52)[0x4a1516]
[hc3n293:25115] [15] ./main(main+0x4ab)[0x45ad22]
[hc3n293:25115] [16] ./main(main+0x4ab)[0x45ad22]
[hc3n293:25116] [16] /lib64/libc.so.6(__libc_start_main+0xe6)[0x2b19c6619c36]
[hc3n293:25116] [17] /home/kit/ianm/mx3529/share/dealii/lib/libdeal_II.g.so.8.4.1(_ZN6dealii16TrilinosWrappers12SolverDirect8do_solveEv+0x2c2)[0x2b45fd04aee8]
[hc3n028:31904] [ 9] /lib64/libc.so.6(__libc_start_main+0xe6)[0x2b32caa6bc36]
[hc3n293:25115] [17] ./main[0x44bd69]
[hc3n293:25115] *** End of error message ***
./main[0x44bd69]
[hc3n293:25116] *** End of error message ***
/home/kit/ianm/mx3529/share/dealii/lib/libdeal_II.g.so.8.4.1(_ZN6dealii16TrilinosWrappers12SolverDirect8do_solveEv+0x2c2)[0x2afdbfa49ee8]
[hc3n028:31905] [ 9] /home/kit/ianm/mx3529/share/dealii/lib/libdeal_II.g.so.8.4.1(_ZN6dealii16TrilinosWrappers12SolverDirect5solveERKNS0_12SparseMatrixERNS0_10VectorBaseERKS5_+0xc0)[0x2b45fd04b66a]
[hc3n028:31904] [10] ./main(_ZNK22PreconditionerSweeping5vmultERN6dealii16TrilinosWrappers3MPI6VectorERKS3_+0x717)[0x451257]
[hc3n028:31904] [11] ./main(_ZN6dealii11SolverGMRESINS_16TrilinosWrappers3MPI6VectorEE5solveINS1_12SparseMatrixE22PreconditionerSweepingEEvRKT_RS3_RKS3_RKT0_+0x3c2)[0x4996b4]
[hc3n028:31904] [12] ./main(_ZN9WaveguideIN6dealii16TrilinosWrappers12SparseMatrixENS1_3MPI6VectorEE5solveEv+0x166d)[0x458525]
[hc3n028:31904] [13] ./main(_ZN9WaveguideIN6dealii16TrilinosWrappers12SparseMatrixENS1_3MPI6VectorEE3runEv+0x200)[0x4a02e8]
[hc3n028:31904] [14] ./main(_ZN12OptimizationIN6dealii16TrilinosWrappers12SparseMatrixENS1_3MPI6VectorEE3runEv+0xb52)[0x4a1516]
[hc3n028:31904] [15] ./main(main+0x4ab)[0x45ad22]
[hc3n028:31904] [16] /lib64/libc.so.6(__libc_start_main+0xe6)[0x2b4614bedc36]
[hc3n028:31904] [17] ./main[0x44bd69]
[hc3n028:31904] *** End of error message ***
/home/kit/ianm/mx3529/share/dealii/lib/libdeal_II.g.so.8.4.1(_ZN6dealii16TrilinosWrappers12SolverDirect5solveERKNS0_12SparseMatrixERNS0_10VectorBaseERKS5_+0xc0)[0x2afdbfa4a66a]
[hc3n028:31905] [10] ./main(_ZNK22PreconditionerSweeping5vmultERN6dealii16TrilinosWrappers3MPI6VectorERKS3_+0x717)[0x451257]
[hc3n028:31905] [11] ./main(_ZN6dealii11SolverGMRESINS_16TrilinosWrappers3MPI6VectorEE5solveINS1_12SparseMatrixE22PreconditionerSweepingEEvRKT_RS3_RKS3_RKT0_+0x3c2)[0x4996b4]
[hc3n028:31905] [12] ./main(_ZN9WaveguideIN6dealii16TrilinosWrappers12SparseMatrixENS1_3MPI6VectorEE5solveEv+0x166d)[0x458525]
[hc3n028:31905] [13] terminate called after throwing an instance of 'dealii::StandardExceptions::ExcMessage'
terminate called after throwing an instance of 'dealii::StandardExceptions::ExcMessage'
./main(_ZN9WaveguideIN6dealii16TrilinosWrappers12SparseMatrixENS1_3MPI6VectorEE3runEv+0x200)[0x4a02e8]
[hc3n028:31905] [14] ./main(_ZN12OptimizationIN6dealii16TrilinosWrappers12SparseMatrixENS1_3MPI6VectorEE3runEv+0xb52)[0x4a1516]
[hc3n028:31905] [15] ./main(main+0x4ab)[0x45ad22]
[hc3n028:31905] [16] /lib64/libc.so.6(__libc_start_main+0xe6)[0x2afdd75ecc36]
[hc3n028:31905] [17] ./main[0x44bd69]
[hc3n028:31905] *** End of error message ***
  what():  
--------------------------------------------------------
An error occurred in line <470> of file </home/kit/ianm/mx3529/libs/dealii-8.4.1/source/lac/trilinos_solver.cc> in function
    void dealii::TrilinosWrappers::SolverDirect::do_solve()
The violated condition was: 
    Factory.Query(additional_data.solver_type.c_str())
The name and call sequence of the exception was:
    ExcMessage (std::string ("You tried to select the solver type <") + additional_data.solver_type + "> but this solver is not supported by Trilinos either " "because it does not exist, or because Trilinos was not " "configured for its use.")
Additional Information: 
You tried to select the solver type <Amesos_Umfpack> but this solver is not supported by Trilinos either because it does not exist, or because Trilinos was not configured for its use.
--------------------------------------------------------

[hc3n275:31749] *** Process received signal ***
  what():  
--------------------------------------------------------
An error occurred in line <470> of file </home/kit/ianm/mx3529/libs/dealii-8.4.1/source/lac/trilinos_solver.cc> in function
    void dealii::TrilinosWrappers::SolverDirect::do_solve()
The violated condition was: 
    Factory.Query(additional_data.solver_type.c_str())
The name and call sequence of the exception was:
    ExcMessage (std::string ("You tried to select the solver type <") + additional_data.solver_type + "> but this solver is not supported by Trilinos either " "because it does not exist, or because Trilinos was not " "configured for its use.")
Additional Information: 
You tried to select the solver type <Amesos_Umfpack> but this solver is not supported by Trilinos either because it does not exist, or because Trilinos was not configured for its use.
--------------------------------------------------------

[hc3n275:31750] *** Process received signal ***
[hc3n275:31750] Signal: Aborted (6)
[hc3n275:31750] Signal code:  (-6)
[hc3n275:31749] Signal: Aborted (6)
[hc3n275:31749] Signal code:  (-6)
[hc3n275:31749] [ 0] /lib64/libpthread.so.0(+0xf850)[0x2aac803bf850]
[hc3n275:31749] [ 1] [hc3n275:31750] [ 0] /lib64/libpthread.so.0(+0xf850)[0x2ac21926a850]
[hc3n275:31750] [ 1] /lib64/libc.so.6(gsignal+0x35)[0x2ac21dd75875]
[hc3n275:31750] [ 2] /lib64/libc.so.6(abort+0x181)[0x2ac21dd76e51]
[hc3n275:31750] [ 3] /lib64/libc.so.6(gsignal+0x35)[0x2aac84eca875]
[hc3n275:31749] [ 2] /lib64/libc.so.6(abort+0x181)[0x2aac84ecbe51]
[hc3n275:31749] [ 3] /opt/gcc/6/lib64/libstdc++.so.6(_ZN9__gnu_cxx27__verbose_terminate_handlerEv+0x15d)[0x2ac21da5294d]
[hc3n275:31750] [ 4] /opt/gcc/6/lib64/libstdc++.so.6(_ZN9__gnu_cxx27__verbose_terminate_handlerEv+0x15d)[0x2aac84ba794d]
[hc3n275:31749] [ 4] /opt/gcc/6/lib64/libstdc++.so.6(+0x96916)[0x2aac84ba5916]
[hc3n275:31749] [ 5] /opt/gcc/6/lib64/libstdc++.so.6(+0x96916)[0x2ac21da50916]
[hc3n275:31750] [ 5] /opt/gcc/6/lib64/libstdc++.so.6(+0x96961)[0x2ac21da50961]
[hc3n275:31750] [ 6] /opt/gcc/6/lib64/libstdc++.so.6(+0x96961)[0x2aac84ba5961]
[hc3n275:31749] [ 6] /opt/gcc/6/lib64/libstdc++.so.6(+0x96b78)[0x2ac21da50b78]
[hc3n275:31750] [ 7] /opt/gcc/6/lib64/libstdc++.so.6(+0x96b78)[0x2aac84ba5b78]
[hc3n275:31749] [ 7] ./main(_ZN6dealii18deal_II_exceptions9internals11issue_errorINS_18StandardExceptions10ExcMessageEEEvNS1_17ExceptionHandlingEPKciS7_S7_S7_T_+0xc0)[0x4663e0]
[hc3n275:31750] [ 8] ./main(_ZN6dealii18deal_II_exceptions9internals11issue_errorINS_18StandardExceptions10ExcMessageEEEvNS1_17ExceptionHandlingEPKciS7_S7_S7_T_+0xc0)[0x4663e0]
[hc3n275:31749] [ 8] /home/kit/ianm/mx3529/share/dealii/lib/libdeal_II.g.so.8.4.1(_ZN6dealii16TrilinosWrappers12SolverDirect8do_solveEv+0x2c2)[0x2aac6d313ee8]
[hc3n275:31749] [ 9] /home/kit/ianm/mx3529/share/dealii/lib/libdeal_II.g.so.8.4.1(_ZN6dealii16TrilinosWrappers12SolverDirect8do_solveEv+0x2c2)[0x2ac2061beee8]
[hc3n275:31750] [ 9] /home/kit/ianm/mx3529/share/dealii/lib/libdeal_II.g.so.8.4.1(_ZN6dealii16TrilinosWrappers12SolverDirect5solveERKNS0_12SparseMatrixERNS0_10VectorBaseERKS5_+0xc0)[0x2ac2061bf66a]
[hc3n275:31750] [10] ./main(_ZNK22PreconditionerSweeping5vmultERN6dealii16TrilinosWrappers3MPI6VectorERKS3_+0x717)[0x451257]
[hc3n275:31750] [11] ./main(_ZN6dealii11SolverGMRESINS_16TrilinosWrappers3MPI6VectorEE5solveINS1_12SparseMatrixE22PreconditionerSweepingEEvRKT_RS3_RKS3_RKT0_+0x3c2)[0x4996b4]
[hc3n275:31750] [12] /home/kit/ianm/mx3529/share/dealii/lib/libdeal_II.g.so.8.4.1(_ZN6dealii16TrilinosWrappers12SolverDirect5solveERKNS0_12SparseMatrixERNS0_10VectorBaseERKS5_+0xc0)[0x2aac6d31466a]
[hc3n275:31749] [10] ./main(_ZNK22PreconditionerSweeping5vmultERN6dealii16TrilinosWrappers3MPI6VectorERKS3_+0x717)[0x451257]
[hc3n275:31749] [11] ./main(_ZN6dealii11SolverGMRESINS_16TrilinosWrappers3MPI6VectorEE5solveINS1_12SparseMatrixE22PreconditionerSweepingEEvRKT_RS3_RKS3_RKT0_+0x3c2)[0x4996b4]
[hc3n275:31749] [12] ./main(_ZN9WaveguideIN6dealii16TrilinosWrappers12SparseMatrixENS1_3MPI6VectorEE5solveEv+0x166d)[0x458525]
[hc3n275:31750] [13] ./main(_ZN9WaveguideIN6dealii16TrilinosWrappers12SparseMatrixENS1_3MPI6VectorEE3runEv+0x200)[0x4a02e8]
[hc3n275:31750] [14] ./main(_ZN12OptimizationIN6dealii16TrilinosWrappers12SparseMatrixENS1_3MPI6VectorEE3runEv+0xb52)[0x4a1516]
[hc3n275:31750] [15] ./main(_ZN9WaveguideIN6dealii16TrilinosWrappers12SparseMatrixENS1_3MPI6VectorEE5solveEv+0x166d)[0x458525]
[hc3n275:31749] [13] ./main(_ZN9WaveguideIN6dealii16TrilinosWrappers12SparseMatrixENS1_3MPI6VectorEE3runEv+0x200)[0x4a02e8]
[hc3n275:31749] [14] ./main(_ZN12OptimizationIN6dealii16TrilinosWrappers12SparseMatrixENS1_3MPI6VectorEE3runEv+0xb52)[0x4a1516]
[hc3n275:31749] [15] ./main(main+0x4ab)[0x45ad22]
[hc3n275:31750] [16] /lib64/libc.so.6(__libc_start_main+0xe6)[0x2ac21dd61c36]
[hc3n275:31750] [17] ./main[0x44bd69]
[hc3n275:31750] *** End of error message ***
./main(main+0x4ab)[0x45ad22]
[hc3n275:31749] [16] /lib64/libc.so.6(__libc_start_main+0xe6)[0x2aac84eb6c36]
[hc3n275:31749] [17] ./main[0x44bd69]
[hc3n275:31749] *** End of error message ***
terminate called after throwing an instance of 'dealii::StandardExceptions::ExcMessage'
terminate called after throwing an instance of 'dealii::StandardExceptions::ExcMessage'
  what():  
--------------------------------------------------------
An error occurred in line <470> of file </home/kit/ianm/mx3529/libs/dealii-8.4.1/source/lac/trilinos_solver.cc> in function
    void dealii::TrilinosWrappers::SolverDirect::do_solve()
The violated condition was: 
    Factory.Query(additional_data.solver_type.c_str())
The name and call sequence of the exception was:
    ExcMessage (std::string ("You tried to select the solver type <") + additional_data.solver_type + "> but this solver is not supported by Trilinos either " "because it does not exist, or because Trilinos was not " "configured for its use.")
Additional Information: 
You tried to select the solver type <Amesos_Umfpack> but this solver is not supported by Trilinos either because it does not exist, or because Trilinos was not configured for its use.
--------------------------------------------------------

[hc3n156:24221] *** Process received signal ***
[hc3n156:24221] Signal: Aborted (6)
[hc3n156:24221] Signal code:  (-6)
  what():  
--------------------------------------------------------
An error occurred in line <470> of file </home/kit/ianm/mx3529/libs/dealii-8.4.1/source/lac/trilinos_solver.cc> in function
    void dealii::TrilinosWrappers::SolverDirect::do_solve()
The violated condition was: 
    Factory.Query(additional_data.solver_type.c_str())
The name and call sequence of the exception was:
    ExcMessage (std::string ("You tried to select the solver type <") + additional_data.solver_type + "> but this solver is not supported by Trilinos either " "because it does not exist, or because Trilinos was not " "configured for its use.")
Additional Information: 
You tried to select the solver type <Amesos_Umfpack> but this solver is not supported by Trilinos either because it does not exist, or because Trilinos was not configured for its use.
--------------------------------------------------------

[hc3n156:24220] *** Process received signal ***
[hc3n156:24220] Signal: Aborted (6)
[hc3n156:24220] Signal code:  (-6)
[hc3n156:24220] [ 0] [hc3n156:24221] [ 0] /lib64/libpthread.so.0(+0xf850)[0x2b90aae2e850]
[hc3n156:24221] [ 1] /lib64/libpthread.so.0(+0xf850)[0x2b39d1a51850]
[hc3n156:24220] [ 1] /lib64/libc.so.6(gsignal+0x35)[0x2b39d655c875]
[hc3n156:24220] [ 2] /lib64/libc.so.6(gsignal+0x35)[0x2b90af939875]
[hc3n156:24221] [ 2] /lib64/libc.so.6(abort+0x181)[0x2b90af93ae51]
[hc3n156:24221] [ 3] /lib64/libc.so.6(abort+0x181)[0x2b39d655de51]
[hc3n156:24220] [ 3] /opt/gcc/6/lib64/libstdc++.so.6(_ZN9__gnu_cxx27__verbose_terminate_handlerEv+0x15d)[0x2b90af61694d]
[hc3n156:24221] [ 4] /opt/gcc/6/lib64/libstdc++.so.6(+0x96916)[0x2b90af614916]
[hc3n156:24221] [ 5] /opt/gcc/6/lib64/libstdc++.so.6(_ZN9__gnu_cxx27__verbose_terminate_handlerEv+0x15d)[0x2b39d623994d]
[hc3n156:24220] [ 4] /opt/gcc/6/lib64/libstdc++.so.6(+0x96961)[0x2b90af614961]
[hc3n156:24221] [ 6] /opt/gcc/6/lib64/libstdc++.so.6(+0x96b78)[0x2b90af614b78]
[hc3n156:24221] [ 7] /opt/gcc/6/lib64/libstdc++.so.6(+0x96916)[0x2b39d6237916]
[hc3n156:24220] [ 5] ./main(_ZN6dealii18deal_II_exceptions9internals11issue_errorINS_18StandardExceptions10ExcMessageEEEvNS1_17ExceptionHandlingEPKciS7_S7_S7_T_+0xc0)[0x4663e0]
[hc3n156:24221] [ 8] /opt/gcc/6/lib64/libstdc++.so.6(+0x96961)[0x2b39d6237961]
[hc3n156:24220] [ 6] /opt/gcc/6/lib64/libstdc++.so.6(+0x96b78)[0x2b39d6237b78]
[hc3n156:24220] [ 7] ./main(_ZN6dealii18deal_II_exceptions9internals11issue_errorINS_18StandardExceptions10ExcMessageEEEvNS1_17ExceptionHandlingEPKciS7_S7_S7_T_+0xc0)[0x4663e0]
[hc3n156:24220] [ 8] /home/kit/ianm/mx3529/share/dealii/lib/libdeal_II.g.so.8.4.1(_ZN6dealii16TrilinosWrappers12SolverDirect8do_solveEv+0x2c2)[0x2b9097d82ee8]
[hc3n156:24221] [ 9] /home/kit/ianm/mx3529/share/dealii/lib/libdeal_II.g.so.8.4.1(_ZN6dealii16TrilinosWrappers12SolverDirect8do_solveEv+0x2c2)[0x2b39be9a5ee8]
[hc3n156:24220] [ 9] /home/kit/ianm/mx3529/share/dealii/lib/libdeal_II.g.so.8.4.1(_ZN6dealii16TrilinosWrappers12SolverDirect5solveERKNS0_12SparseMatrixERNS0_10VectorBaseERKS5_+0xc0)[0x2b9097d8366a]
[hc3n156:24221] [10] ./main(_ZNK22PreconditionerSweeping5vmultERN6dealii16TrilinosWrappers3MPI6VectorERKS3_+0x717)[0x451257]
[hc3n156:24221] [11] ./main(_ZN6dealii11SolverGMRESINS_16TrilinosWrappers3MPI6VectorEE5solveINS1_12SparseMatrixE22PreconditionerSweepingEEvRKT_RS3_RKS3_RKT0_+0x3c2)[0x4996b4]
[hc3n156:24221] [12] ./main(_ZN9WaveguideIN6dealii16TrilinosWrappers12SparseMatrixENS1_3MPI6VectorEE5solveEv+0x166d)[0x458525]
[hc3n156:24221] [13] ./main(_ZN9WaveguideIN6dealii16TrilinosWrappers12SparseMatrixENS1_3MPI6VectorEE3runEv+0x200)[0x4a02e8]
[hc3n156:24221] [14] /home/kit/ianm/mx3529/share/dealii/lib/libdeal_II.g.so.8.4.1(_ZN6dealii16TrilinosWrappers12SolverDirect5solveERKNS0_12SparseMatrixERNS0_10VectorBaseERKS5_+0xc0)[0x2b39be9a666a]
[hc3n156:24220] [10] ./main(_ZNK22PreconditionerSweeping5vmultERN6dealii16TrilinosWrappers3MPI6VectorERKS3_+0x717)[0x451257]
[hc3n156:24220] [11] ./main(_ZN12OptimizationIN6dealii16TrilinosWrappers12SparseMatrixENS1_3MPI6VectorEE3runEv+0xb52)[0x4a1516]
[hc3n156:24221] [15] ./main(main+0x4ab)[0x45ad22]
[hc3n156:24221] [16] ./main(_ZN6dealii11SolverGMRESINS_16TrilinosWrappers3MPI6VectorEE5solveINS1_12SparseMatrixE22PreconditionerSweepingEEvRKT_RS3_RKS3_RKT0_+0x3c2)[0x4996b4]
[hc3n156:24220] [12] ./main(_ZN9WaveguideIN6dealii16TrilinosWrappers12SparseMatrixENS1_3MPI6VectorEE5solveEv+0x166d)[0x458525]
[hc3n156:24220] [13] /lib64/libc.so.6(__libc_start_main+0xe6)[0x2b90af925c36]
[hc3n156:24221] [17] ./main[0x44bd69]
[hc3n156:24221] *** End of error message ***
./main(_ZN9WaveguideIN6dealii16TrilinosWrappers12SparseMatrixENS1_3MPI6VectorEE3runEv+0x200)[0x4a02e8]
[hc3n156:24220] [14] ./main(_ZN12OptimizationIN6dealii16TrilinosWrappers12SparseMatrixENS1_3MPI6VectorEE3runEv+0xb52)[0x4a1516]
[hc3n156:24220] [15] ./main(main+0x4ab)[0x45ad22]
[hc3n156:24220] [16] /lib64/libc.so.6(__libc_start_main+0xe6)[0x2b39d6548c36]
[hc3n156:24220] [17] ./main[0x44bd69]
[hc3n156:24220] *** End of error message ***
terminate called after throwing an instance of 'dealii::StandardExceptions::ExcMessage'
terminate called after throwing an instance of 'dealii::StandardExceptions::ExcMessage'
