Universitaet Karlsruhe / Rechenzentrum   +++ hc3 +++   JMS 2.3 / slurm 15.08.11
Job 211746 has been submitted at 22.07.2016/09:16:00 on hc3n996
Command: job_submit -t 600 -m 8188 -c p -p 12 -J WaveguideOptimization_10 -NbC mpirun ./main
Job 211746 started at 22.07.2016/09:16:34 on hc3n025
12 tasks running on 6 nodes exclusive: 2*hc3n[025,027,274,349,351,353]
+++ Mail send to mx3529 +++
================================================================================
Will write solutions to solutions/run11
JobId hc3n274 Fri Jul 22 09:16:36 2016
JobId hc3n025 Fri Jul 22 09:16:36 2016
JobId hc3n353 Fri Jul 22 09:16:36 2016
JobId hc3n027 Fri Jul 22 09:16:36 2016
JobId hc3n274 Fri Jul 22 09:16:36 2016
JobId hc3n349 Fri Jul 22 09:16:36 2016
JobId hc3n351 Fri Jul 22 09:16:36 2016
JobId hc3n353 Fri Jul 22 09:16:36 2016
JobId hc3n027 Fri Jul 22 09:16:36 2016
JobId hc3n349 Fri Jul 22 09:16:36 2016
JobId hc3n351 Fri Jul 22 09:16:36 2016
JobId hc3n025 Fri Jul 22 09:16:36 2016
-------------------------------------------
Sectors: 4
z_0: -5.00000     	 z_1: -1.66667     
m_0: 0.0500000    	 m_1: 0.0240741    
r_0: 2.00000      	 r_1: 2.00000      
v_0: 0.00000      	 v_1: -0.133333    
-------------------------------------------
z_0: -1.66667     	 z_1: 1.66667      
m_0: 0.0240741    	 m_1: -0.0240741   
r_0: 2.00000      	 r_1: 2.00000      
v_0: -0.133333    	 v_1: -0.133333    
-------------------------------------------
z_0: 1.66667      	 z_1: 5.00000      
m_0: -0.0240741   	 m_1: -0.0500000   
r_0: 2.00000      	 r_1: 2.00000      
v_0: -0.133333    	 v_1: 0.00000      
-------------------------------------------
z_0: 5.00000      	 z_1: 8.33333      
m_0: -0.0500000   	 m_1: -0.0500000   
r_0: 2.00000      	 r_1: 2.00000      
v_0: 0.00000      	 v_1: 0.00000      
-------------------------------------------
Residual Count: 9
Distributing Degrees of freedom.
Renumbering DOFs (Downstream...)
Number of degrees of freedom: 123792
Renumbering DOFs (Custom...)
Reordering done.
Constructing Sparsity Patterns and Constrain Matrices ... Done
done
Initialization done.
Done.
-------------------------------------
Dofs per cell: 24
Quadrature Formula Size: 8
Dofs per face: 8
Dofs per line: 2
Starting Assemblation process
Assembling done. L2-Norm of RHS: 72.3837
Number of GMRES steps: 4000-All preconditioner matrices built. Solving...
DEAL:GMRES::Starting value 13.5959
DEAL:GMRES::Check 0	13.5959
DEAL:GMRES::Starting value 13.5959
DEAL:GMRES::Starting value 13.5959
DEAL:GMRES::Starting value 13.5959
DEAL:GMRES::Starting value 13.5959
DEAL:GMRES::Starting value 13.5959
DEAL:GMRES::Starting value 13.5959
DEAL:GMRES::Starting value 13.5959
DEAL:GMRES::Starting value 13.5959
DEAL:GMRES::Starting value 13.5959
DEAL:GMRES::Starting value 13.5959
DEAL:GMRES::Starting value 13.5959
DEAL:GMRES::Check 10	10.9515
DEAL:GMRES::Check 20	9.91815
DEAL:GMRES::Check 30	9.40624
DEAL:GMRES::Check 40	8.66553
DEAL:GMRES::Check 50	7.74854
DEAL:GMRES::Check 60	5.85273
DEAL:GMRES::Check 70	4.44951
DEAL:GMRES::Check 80	3.96123
DEAL:GMRES::Check 90	3.13672
DEAL:GMRES::Check 100	2.58913
DEAL:GMRES::Check 110	2.38313
DEAL:GMRES::Check 120	2.16346
DEAL:GMRES::Check 130	2.00164
DEAL:GMRES::Check 140	1.87159
DEAL:GMRES::Check 150	1.75882
DEAL:GMRES::Check 160	1.73132
DEAL:GMRES::Check 170	1.64632
DEAL:GMRES::Check 180	1.62603
DEAL:GMRES::Check 190	1.47344
DEAL:GMRES::Check 200	1.32077
DEAL:GMRES::Check 210	1.25320
DEAL:GMRES::Check 220	1.19429
DEAL:GMRES::Check 230	1.17526
DEAL:GMRES::Check 240	1.16004
DEAL:GMRES::Check 250	1.15675
DEAL:GMRES::Check 260	1.15260
DEAL:GMRES::Check 270	1.14247
DEAL:GMRES::Check 280	1.13417
DEAL:GMRES::Check 290	1.12792
DEAL:GMRES::Check 300	1.12516
DEAL:GMRES::Check 310	1.12179
DEAL:GMRES::Check 320	1.11702
DEAL:GMRES::Check 330	1.11546
DEAL:GMRES::Check 340	1.11389
DEAL:GMRES::Check 350	1.10630
DEAL:GMRES::Check 360	1.10442
DEAL:GMRES::Check 370	1.10294
DEAL:GMRES::Check 380	1.09926
DEAL:GMRES::Check 390	1.09647
DEAL:GMRES::Check 400	1.09196
DEAL:GMRES::Check 410	1.08853
DEAL:GMRES::Check 420	1.08553
DEAL:GMRES::Check 430	1.08077
DEAL:GMRES::Check 440	1.07715
DEAL:GMRES::Check 450	1.07315
DEAL:GMRES::Check 460	1.06580
DEAL:GMRES::Check 470	1.06278
DEAL:GMRES::Check 480	1.05943
DEAL:GMRES::Check 490	1.05602
DEAL:GMRES::Check 500	1.05117
DEAL:GMRES::Check 510	1.04366
DEAL:GMRES::Check 520	1.04122
DEAL:GMRES::Check 530	1.03824
DEAL:GMRES::Check 540	1.03699
DEAL:GMRES::Check 550	1.03425
DEAL:GMRES::Check 560	1.03255
DEAL:GMRES::Check 570	1.03118
DEAL:GMRES::Check 580	1.02939
DEAL:GMRES::Check 590	1.02874
DEAL:GMRES::Check 600	1.02846
DEAL:GMRES::Check 610	1.02813
DEAL:GMRES::Check 620	1.02596
DEAL:GMRES::Check 630	1.02374
DEAL:GMRES::Check 640	1.02048
DEAL:GMRES::Check 650	1.01883
DEAL:GMRES::Check 660	1.01766
DEAL:GMRES::Check 670	1.01658
DEAL:GMRES::Check 680	1.01613
DEAL:GMRES::Check 690	1.01511
DEAL:GMRES::Check 700	1.01458
DEAL:GMRES::Check 710	1.01440
DEAL:GMRES::Check 720	1.01384
DEAL:GMRES::Check 730	1.01214
DEAL:GMRES::Check 740	1.01113
DEAL:GMRES::Check 750	1.01082
DEAL:GMRES::Check 760	1.01055
DEAL:GMRES::Check 770	1.00993
DEAL:GMRES::Check 780	1.00917
DEAL:GMRES::Check 790	1.00773
DEAL:GMRES::Check 800	1.00743
DEAL:GMRES::Check 810	1.00623
DEAL:GMRES::Check 820	1.00528
DEAL:GMRES::Check 830	1.00457
DEAL:GMRES::Check 840	1.00413
DEAL:GMRES::Check 850	1.00351
DEAL:GMRES::Check 860	1.00296
DEAL:GMRES::Check 870	1.00261
DEAL:GMRES::Check 880	1.00218
DEAL:GMRES::Check 890	1.00187
DEAL:GMRES::Check 900	1.00149
DEAL:GMRES::Check 910	1.00121
DEAL:GMRES::Check 920	1.00058
DEAL:GMRES::Check 930	0.999813
DEAL:GMRES::Check 940	0.998955
DEAL:GMRES::Check 950	0.997024
DEAL:GMRES::Check 960	0.996029
DEAL:GMRES::Check 970	0.995313
DEAL:GMRES::Check 980	0.994621
DEAL:GMRES::Check 990	0.994369
DEAL:GMRES::Check 1000	0.993456
DEAL:GMRES::Check 1010	0.992731
DEAL:GMRES::Check 1020	0.991705
DEAL:GMRES::Check 1030	0.991597
DEAL:GMRES::Check 1040	0.991498
DEAL:GMRES::Check 1050	0.991073
DEAL:GMRES::Check 1060	0.990682
DEAL:GMRES::Check 1070	0.990437
DEAL:GMRES::Check 1080	0.989972
DEAL:GMRES::Check 1090	0.989815
DEAL:GMRES::Check 1100	0.989392
DEAL:GMRES::Check 1110	0.989099
DEAL:GMRES::Check 1120	0.988892
DEAL:GMRES::Check 1130	0.988846
DEAL:GMRES::Check 1140	0.988551
DEAL:GMRES::Check 1150	0.988440
DEAL:GMRES::Check 1160	0.988312
DEAL:GMRES::Check 1170	0.987525
DEAL:GMRES::Check 1180	0.987438
DEAL:GMRES::Check 1190	0.987253
DEAL:GMRES::Check 1200	0.987108
DEAL:GMRES::Check 1210	0.986647
DEAL:GMRES::Check 1220	0.986537
DEAL:GMRES::Check 1230	0.986456
DEAL:GMRES::Check 1240	0.986365
DEAL:GMRES::Check 1250	0.986227
DEAL:GMRES::Check 1260	0.986061
DEAL:GMRES::Check 1270	0.985895
DEAL:GMRES::Check 1280	0.985798
DEAL:GMRES::Check 1290	0.985543
DEAL:GMRES::Check 1300	0.985455
DEAL:GMRES::Check 1310	0.985346
DEAL:GMRES::Check 1320	0.985094
DEAL:GMRES::Check 1330	0.984905
DEAL:GMRES::Check 1340	0.984745
DEAL:GMRES::Check 1350	0.983755
DEAL:GMRES::Check 1360	0.983535
DEAL:GMRES::Check 1370	0.983332
DEAL:GMRES::Check 1380	0.983240
DEAL:GMRES::Check 1390	0.983153
DEAL:GMRES::Check 1400	0.983032
DEAL:GMRES::Check 1410	0.982811
DEAL:GMRES::Check 1420	0.982634
DEAL:GMRES::Check 1430	0.982146
DEAL:GMRES::Check 1440	0.981761
DEAL:GMRES::Check 1450	0.981413
DEAL:GMRES::Check 1460	0.981119
DEAL:GMRES::Check 1470	0.980879
DEAL:GMRES::Check 1480	0.980591
DEAL:GMRES::Check 1490	0.980453
DEAL:GMRES::Check 1500	0.980298
DEAL:GMRES::Check 1510	0.980198
DEAL:GMRES::Check 1520	0.980049
DEAL:GMRES::Check 1530	0.979747
DEAL:GMRES::Check 1540	0.979558
DEAL:GMRES::Check 1550	0.979210
DEAL:GMRES::Check 1560	0.978950
DEAL:GMRES::Check 1570	0.978691
DEAL:GMRES::Check 1580	0.978043
DEAL:GMRES::Check 1590	0.977252
DEAL:GMRES::Check 1600	0.976166
DEAL:GMRES::Check 1610	0.975823
DEAL:GMRES::Check 1620	0.975134
DEAL:GMRES::Check 1630	0.974971
DEAL:GMRES::Check 1640	0.974347
DEAL:GMRES::Check 1650	0.974130
DEAL:GMRES::Check 1660	0.973782
DEAL:GMRES::Check 1670	0.973248
DEAL:GMRES::Check 1680	0.973216
DEAL:GMRES::Check 1690	0.973063
DEAL:GMRES::Check 1700	0.972997
DEAL:GMRES::Check 1710	0.972752
DEAL:GMRES::Check 1720	0.972446
DEAL:GMRES::Check 1730	0.972148
DEAL:GMRES::Check 1740	0.971882
DEAL:GMRES::Check 1750	0.971584
DEAL:GMRES::Check 1760	0.971305
DEAL:GMRES::Check 1770	0.970715
DEAL:GMRES::Check 1780	0.970291
DEAL:GMRES::Check 1790	0.969594
DEAL:GMRES::Check 1800	0.968827
DEAL:GMRES::Check 1810	0.965086
DEAL:GMRES::Check 1820	0.962559
DEAL:GMRES::Check 1830	0.958467
DEAL:GMRES::Check 1840	0.956982
DEAL:GMRES::Check 1850	0.956536
DEAL:GMRES::Check 1860	0.956158
DEAL:GMRES::Check 1870	0.955261
DEAL:GMRES::Check 1880	0.954129
DEAL:GMRES::Check 1890	0.952652
DEAL:GMRES::Check 1900	0.951081
DEAL:GMRES::Check 1910	0.948840
DEAL:GMRES::Check 1920	0.946965
DEAL:GMRES::Check 1930	0.946911
DEAL:GMRES::Check 1940	0.946701
DEAL:GMRES::Check 1950	0.945794
DEAL:GMRES::Check 1960	0.945102
DEAL:GMRES::Check 1970	0.944727
DEAL:GMRES::Check 1980	0.944648
DEAL:GMRES::Check 1990	0.944540
DEAL:GMRES::Check 2000	0.944365
DEAL:GMRES::Check 2010	0.944030
DEAL:GMRES::Check 2020	0.943735
DEAL:GMRES::Check 2030	0.943501
DEAL:GMRES::Check 2040	0.943136
DEAL:GMRES::Check 2050	0.941937
DEAL:GMRES::Check 2060	0.941228
DEAL:GMRES::Check 2070	0.939394
DEAL:GMRES::Check 2080	0.937757
DEAL:GMRES::Check 2090	0.936233
DEAL:GMRES::Check 2100	0.934168
DEAL:GMRES::Check 2110	0.933067
DEAL:GMRES::Check 2120	0.932226
DEAL:GMRES::Check 2130	0.931808
DEAL:GMRES::Check 2140	0.931463
DEAL:GMRES::Check 2150	0.931190
DEAL:GMRES::Check 2160	0.930765
DEAL:GMRES::Check 2170	0.930167
DEAL:GMRES::Check 2180	0.929439
DEAL:GMRES::Check 2190	0.928357
DEAL:GMRES::Check 2200	0.926687
DEAL:GMRES::Check 2210	0.925507
DEAL:GMRES::Check 2220	0.924801
DEAL:GMRES::Check 2230	0.923664
DEAL:GMRES::Check 2240	0.922586
DEAL:GMRES::Check 2250	0.922255
DEAL:GMRES::Check 2260	0.921171
DEAL:GMRES::Check 2270	0.920137
DEAL:GMRES::Check 2280	0.919859
DEAL:GMRES::Check 2290	0.919397
DEAL:GMRES::Check 2300	0.919156
DEAL:GMRES::Check 2310	0.918674
DEAL:GMRES::Check 2320	0.918395
DEAL:GMRES::Check 2330	0.918102
DEAL:GMRES::Check 2340	0.917894
DEAL:GMRES::Check 2350	0.917667
DEAL:GMRES::Check 2360	0.917518
DEAL:GMRES::Check 2370	0.917419
DEAL:GMRES::Check 2380	0.917174
DEAL:GMRES::Check 2390	0.916849
DEAL:GMRES::Check 2400	0.916785
DEAL:GMRES::Check 2410	0.916697
DEAL:GMRES::Check 2420	0.916561
DEAL:GMRES::Check 2430	0.916413
DEAL:GMRES::Check 2440	0.916070
DEAL:GMRES::Check 2450	0.915863
DEAL:GMRES::Check 2460	0.915532
DEAL:GMRES::Check 2470	0.915410
DEAL:GMRES::Check 2480	0.915199
DEAL:GMRES::Check 2490	0.915115
DEAL:GMRES::Check 2500	0.914894
DEAL:GMRES::Check 2510	0.914595
DEAL:GMRES::Check 2520	0.914375
DEAL:GMRES::Check 2530	0.914048
DEAL:GMRES::Check 2540	0.913858
DEAL:GMRES::Check 2550	0.913744
DEAL:GMRES::Check 2560	0.913570
DEAL:GMRES::Check 2570	0.913405
DEAL:GMRES::Check 2580	0.913227
DEAL:GMRES::Check 2590	0.913119
DEAL:GMRES::Check 2600	0.912940
DEAL:GMRES::Check 2610	0.912675
DEAL:GMRES::Check 2620	0.912089
DEAL:GMRES::Check 2630	0.911848
DEAL:GMRES::Check 2640	0.911619
DEAL:GMRES::Check 2650	0.911346
DEAL:GMRES::Check 2660	0.910638
DEAL:GMRES::Check 2670	0.910123
DEAL:GMRES::Check 2680	0.909817
DEAL:GMRES::Check 2690	0.909671
DEAL:GMRES::Check 2700	0.909606
DEAL:GMRES::Check 2710	0.909476
DEAL:GMRES::Check 2720	0.909275
DEAL:GMRES::Check 2730	0.909108
DEAL:GMRES::Check 2740	0.908885
DEAL:GMRES::Check 2750	0.908673
DEAL:GMRES::Check 2760	0.908524
DEAL:GMRES::Check 2770	0.908355
DEAL:GMRES::Check 2780	0.908000
DEAL:GMRES::Check 2790	0.907670
DEAL:GMRES::Check 2800	0.907394
DEAL:GMRES::Check 2810	0.907204
DEAL:GMRES::Check 2820	0.907044
DEAL:GMRES::Check 2830	0.906504
DEAL:GMRES::Check 2840	0.906270
DEAL:GMRES::Check 2850	0.905787
DEAL:GMRES::Check 2860	0.905405
DEAL:GMRES::Check 2870	0.904865
DEAL:GMRES::Check 2880	0.904139
DEAL:GMRES::Check 2890	0.903824
DEAL:GMRES::Check 2900	0.903372
DEAL:GMRES::Check 2910	0.902729
DEAL:GMRES::Check 2920	0.902035
DEAL:GMRES::Check 2930	0.901629
DEAL:GMRES::Check 2940	0.901127
DEAL:GMRES::Check 2950	0.900771
DEAL:GMRES::Check 2960	0.900571
DEAL:GMRES::Check 2970	0.900385
DEAL:GMRES::Check 2980	0.900230
DEAL:GMRES::Check 2990	0.900113
DEAL:GMRES::Check 3000	0.900052
DEAL:GMRES::Check 3010	0.899949
DEAL:GMRES::Check 3020	0.899820
DEAL:GMRES::Check 3030	0.899718
DEAL:GMRES::Check 3040	0.899560
DEAL:GMRES::Check 3050	0.899390
DEAL:GMRES::Check 3060	0.899081
DEAL:GMRES::Check 3070	0.898848
DEAL:GMRES::Check 3080	0.898582
DEAL:GMRES::Check 3090	0.898323
DEAL:GMRES::Check 3100	0.897904
DEAL:GMRES::Check 3110	0.897561
DEAL:GMRES::Check 3120	0.897340
DEAL:GMRES::Check 3130	0.897010
DEAL:GMRES::Check 3140	0.896760
DEAL:GMRES::Check 3150	0.896540
DEAL:GMRES::Check 3160	0.896280
DEAL:GMRES::Check 3170	0.896032
DEAL:GMRES::Check 3180	0.895879
DEAL:GMRES::Check 3190	0.895728
DEAL:GMRES::Check 3200	0.895572
DEAL:GMRES::Check 3210	0.895518
DEAL:GMRES::Check 3220	0.895111
DEAL:GMRES::Check 3230	0.894754
DEAL:GMRES::Check 3240	0.894671
DEAL:GMRES::Check 3250	0.894549
DEAL:GMRES::Check 3260	0.894392
DEAL:GMRES::Check 3270	0.894349
DEAL:GMRES::Check 3280	0.894236
DEAL:GMRES::Check 3290	0.894078
DEAL:GMRES::Check 3300	0.893872
DEAL:GMRES::Check 3310	0.893603
DEAL:GMRES::Check 3320	0.893485
DEAL:GMRES::Check 3330	0.893261
DEAL:GMRES::Check 3340	0.893091
DEAL:GMRES::Check 3350	0.892904
DEAL:GMRES::Check 3360	0.892761
DEAL:GMRES::Check 3370	0.892455
DEAL:GMRES::Check 3380	0.891982
DEAL:GMRES::Check 3390	0.891708
DEAL:GMRES::Check 3400	0.891519
DEAL:GMRES::Check 3410	0.891438
DEAL:GMRES::Check 3420	0.891068
DEAL:GMRES::Check 3430	0.890546
DEAL:GMRES::Check 3440	0.890362
DEAL:GMRES::Check 3450	0.890216
DEAL:GMRES::Check 3460	0.890049
DEAL:GMRES::Check 3470	0.889850
DEAL:GMRES::Check 3480	0.889595
DEAL:GMRES::Check 3490	0.889224
DEAL:GMRES::Check 3500	0.888817
DEAL:GMRES::Check 3510	0.888557
DEAL:GMRES::Check 3520	0.888413
DEAL:GMRES::Check 3530	0.888123
DEAL:GMRES::Check 3540	0.888000
DEAL:GMRES::Check 3550	0.887818
DEAL:GMRES::Check 3560	0.887690
DEAL:GMRES::Check 3570	0.887568
DEAL:GMRES::Check 3580	0.887248
DEAL:GMRES::Check 3590	0.886849
DEAL:GMRES::Check 3600	0.886315
DEAL:GMRES::Check 3610	0.886176
DEAL:GMRES::Check 3620	0.885920
DEAL:GMRES::Check 3630	0.885764
DEAL:GMRES::Check 3640	0.885705
DEAL:GMRES::Check 3650	0.885681
DEAL:GMRES::Check 3660	0.885447
DEAL:GMRES::Check 3670	0.885352
DEAL:GMRES::Check 3680	0.885029
DEAL:GMRES::Check 3690	0.884723
DEAL:GMRES::Check 3700	0.884602
DEAL:GMRES::Check 3710	0.884462
DEAL:GMRES::Check 3720	0.884324
DEAL:GMRES::Check 3730	0.884236
DEAL:GMRES::Check 3740	0.884010
DEAL:GMRES::Check 3750	0.883899
DEAL:GMRES::Check 3760	0.883826
DEAL:GMRES::Check 3770	0.883602
DEAL:GMRES::Check 3780	0.883463
DEAL:GMRES::Check 3790	0.883382
DEAL:GMRES::Check 3800	0.883245
DEAL:GMRES::Check 3810	0.882871
DEAL:GMRES::Check 3820	0.882753
DEAL:GMRES::Check 3830	0.882649
DEAL:GMRES::Check 3840	0.882456
DEAL:GMRES::Check 3850	0.882303
DEAL:GMRES::Check 3860	0.882102
DEAL:GMRES::Check 3870	0.881864
DEAL:GMRES::Check 3880	0.881574
DEAL:GMRES::Check 3890	0.881387
DEAL:GMRES::Check 3900	0.881269
DEAL:GMRES::Check 3910	0.881193
DEAL:GMRES::Check 3920	0.881172
DEAL:GMRES::Check 3930	0.881059
DEAL:GMRES::Check 3940	0.880975
DEAL:GMRES::Check 3950	0.880829
DEAL:GMRES::Check 3960	0.880783
DEAL:GMRES::Check 3970	0.880631
DEAL:GMRES::Check 3980	0.880551
DEAL:GMRES::Check 3990	0.880492
DEAL:GMRES::Check 4000	0.880467
DEAL:GMRES::Check 4010	0.880467
DEAL:GMRES::Check 4020	0.880467
DEAL:GMRES::Check 4030	0.880467
DEAL:GMRES::Check 4040	0.880467
DEAL:GMRES::Check 4050	0.880467
DEAL:GMRES::Check 4060	0.880467
DEAL:GMRES::Check 4070	0.880467
DEAL:GMRES::Check 4080	0.880467
DEAL:GMRES::Check 4090	0.880467
DEAL:GMRES::Check 4100	0.880467
DEAL:GMRES::Check 4110	0.880467
DEAL:GMRES::Check 4120	0.880467
DEAL:GMRES::Check 4130	0.880467
DEAL:GMRES::Check 4140	0.880467
DEAL:GMRES::Check 4150	0.880467
DEAL:GMRES::Check 4160	0.880467
DEAL:GMRES::Check 4170	0.880467
DEAL:GMRES::Check 4180	0.880467
DEAL:GMRES::Check 4190	0.880467
DEAL:GMRES::Check 4200	0.880467
DEAL:GMRES::Check 4210	0.880467
DEAL:GMRES::Check 4220	0.880467
DEAL:GMRES::Check 4230	0.880467
DEAL:GMRES::Check 4240	0.880467
DEAL:GMRES::Check 4250	0.880467
DEAL:GMRES::Check 4260	0.880467
DEAL:GMRES::Check 4270	0.880467
DEAL:GMRES::Check 4280	0.880467
DEAL:GMRES::Check 4290	0.880467
DEAL:GMRES::Check 4300	0.880467
DEAL:GMRES::Check 4310	0.880467
DEAL:GMRES::Check 4320	0.880467
DEAL:GMRES::Check 4330	0.880467
DEAL:GMRES::Check 4340	0.880467
DEAL:GMRES::Check 4350	0.880467
DEAL:GMRES::Check 4360	0.880467
DEAL:GMRES::Check 4370	0.880467
DEAL:GMRES::Check 4380	0.880467
DEAL:GMRES::Check 4390	0.880467
DEAL:GMRES::Check 4400	0.880467
DEAL:GMRES::Check 4410	0.880467
DEAL:GMRES::Check 4420	0.880467
DEAL:GMRES::Check 4430	0.880467
DEAL:GMRES::Check 4440	0.880467
DEAL:GMRES::Check 4450	0.880467
DEAL:GMRES::Check 4460	0.880467
DEAL:GMRES::Check 4470	0.880467
DEAL:GMRES::Check 4480	0.880467
DEAL:GMRES::Check 4490	0.880467
DEAL:GMRES::Check 4500	0.880467
DEAL:GMRES::Check 4510	0.880467
DEAL:GMRES::Check 4520	0.880467
DEAL:GMRES::Check 4530	0.880467
DEAL:GMRES::Check 4540	0.880467
DEAL:GMRES::Check 4550	0.880467
DEAL:GMRES::Check 4560	0.880467
DEAL:GMRES::Check 4570	0.880467
DEAL:GMRES::Check 4580	0.880467
DEAL:GMRES::Check 4590	0.880467
DEAL:GMRES::Check 4600	0.880467
DEAL:GMRES::Check 4610	0.880467
DEAL:GMRES::Check 4620	0.880467
DEAL:GMRES::Check 4630	0.880467
DEAL:GMRES::Check 4640	0.880467
DEAL:GMRES::Check 4650	0.880467
DEAL:GMRES::Check 4660	0.880467
DEAL:GMRES::Check 4670	0.880467
DEAL:GMRES::Check 4680	0.880467
DEAL:GMRES::Check 4690	0.880467
DEAL:GMRES::Check 4700	0.880467
DEAL:GMRES::Check 4710	0.880467
DEAL:GMRES::Check 4720	0.880467
DEAL:GMRES::Check 4730	0.880467
DEAL:GMRES::Check 4740	0.880467
DEAL:GMRES::Check 4750	0.880467
DEAL:GMRES::Check 4760	0.880467
DEAL:GMRES::Check 4770	0.880467
DEAL:GMRES::Check 4780	0.880467
DEAL:GMRES::Check 4790	0.880467
DEAL:GMRES::Check 4800	0.880467
DEAL:GMRES::Check 4810	0.880467
DEAL:GMRES::Check 4820	0.880467
DEAL:GMRES::Check 4830	0.880467
DEAL:GMRES::Check 4840	0.880467
DEAL:GMRES::Check 4850	0.880467
DEAL:GMRES::Check 4860	0.880467
DEAL:GMRES::Check 4870	0.880467
DEAL:GMRES::Check 4880	0.880467
DEAL:GMRES::Check 4890	0.880467
DEAL:GMRES::Check 4900	0.880467
DEAL:GMRES::Check 4910	0.880467
DEAL:GMRES::Check 4920	0.880467
DEAL:GMRES::Check 4930	0.880467
DEAL:GMRES::Check 4940	0.880467
DEAL:GMRES::Check 4950	0.880467
DEAL:GMRES::Check 4960	0.880467
DEAL:GMRES::Check 4970	0.880467
DEAL:GMRES::Check 4980	0.880467
DEAL:GMRES::Check 4990	0.880467
DEAL:GMRES::Check 5000	0.880467
DEAL:GMRES::Check 5010	0.880467
DEAL:GMRES::Check 5020	0.880467
DEAL:GMRES::Check 5030	0.880467
DEAL:GMRES::Check 5040	0.880467
DEAL:GMRES::Check 5050	0.880467
DEAL:GMRES::Check 5060	0.880467
DEAL:GMRES::Check 5070	0.880467
DEAL:GMRES::Check 5080	0.880467
DEAL:GMRES::Check 5090	0.880467
DEAL:GMRES::Check 5100	0.880467
DEAL:GMRES::Check 5110	0.880467
DEAL:GMRES::Check 5120	0.880467
DEAL:GMRES::Check 5130	0.880467
DEAL:GMRES::Check 5140	0.880467
DEAL:GMRES::Check 5150	0.880467
DEAL:GMRES::Check 5160	0.880467
DEAL:GMRES::Check 5170	0.880467
DEAL:GMRES::Check 5180	0.880467
DEAL:GMRES::Check 5190	0.880467
DEAL:GMRES::Check 5200	0.880467
DEAL:GMRES::Check 5210	0.880467
DEAL:GMRES::Check 5220	0.880467
DEAL:GMRES::Check 5230	0.880467
DEAL:GMRES::Check 5240	0.880467
DEAL:GMRES::Check 5250	0.880467
DEAL:GMRES::Check 5260	0.880467
DEAL:GMRES::Check 5270	0.880467
DEAL:GMRES::Check 5280	0.880467
DEAL:GMRES::Check 5290	0.880467
DEAL:GMRES::Check 5300	0.880467
DEAL:GMRES::Check 5310	0.880467
DEAL:GMRES::Check 5320	0.880467
DEAL:GMRES::Check 5330	0.880467
DEAL:GMRES::Check 5340	0.880467
DEAL:GMRES::Check 5350	0.880467
DEAL:GMRES::Check 5360	0.880467
DEAL:GMRES::Check 5370	0.880467
DEAL:GMRES::Check 5380	0.880467
DEAL:GMRES::Check 5390	0.880467
DEAL:GMRES::Check 5400	0.880467
DEAL:GMRES::Check 5410	0.880467
DEAL:GMRES::Check 5420	0.880467
DEAL:GMRES::Check 5430	0.880467
DEAL:GMRES::Check 5440	0.880467
DEAL:GMRES::Check 5450	0.880467
DEAL:GMRES::Check 5460	0.880467
DEAL:GMRES::Check 5470	0.880467
DEAL:GMRES::Check 5480	0.880467
DEAL:GMRES::Check 5490	0.880467
DEAL:GMRES::Check 5500	0.880467
DEAL:GMRES::Check 5510	0.880467
DEAL:GMRES::Check 5520	0.880467
DEAL:GMRES::Check 5530	0.880467
DEAL:GMRES::Check 5540	0.880467
DEAL:GMRES::Check 5550	0.880467
DEAL:GMRES::Check 5560	0.880467
DEAL:GMRES::Check 5570	0.880467
DEAL:GMRES::Check 5580	0.880467
DEAL:GMRES::Check 5590	0.880467
================================================================================
Job 211746 completed at 22.07.2016/16:24:10 (CANCELLED)

+++ Mail send to mx3529 +++
