Universitaet Karlsruhe / Rechenzentrum   +++ hc3 +++   JMS 2.3 / slurm 15.08.11
Job 211631 has been submitted at 21.07.2016/14:41:12 on hc3n994
Command: job_submit -t 600 -m 8188 -c p -p 12 -J WaveguideOptimization_6 -NbC mpirun ./main
Job 211631 started at 21.07.2016/14:41:30 on hc3n180
12 tasks running on 6 nodes exclusive: 2*hc3n[180,252,270,288,306,324]
+++ Mail send to mx3529 +++
================================================================================
Will write solutions to solutions/run7
JobId hc3n270 Thu Jul 21 14:41:30 2016
JobId hc3n180 Thu Jul 21 14:41:30 2016
-------------------------------------------
Sectors: 4
z_0: -4.00000     	 z_1: -1.33333     
m_0: 0.0500000    	 m_1: 0.0240741    
r_0: 2.00000      	 r_1: 2.00000      
v_0: 0.00000      	 v_1: -0.133333    
-------------------------------------------
z_0: -1.33333     	 z_1: 1.33333      
m_0: 0.0240741    	 m_1: -0.0240741   
r_0: 2.00000      	 r_1: 2.00000      
v_0: -0.133333    	 v_1: -0.133333    
-------------------------------------------
z_0: 1.33333      	 z_1: 4.00000      
m_0: -0.0240741   	 m_1: -0.0500000   
r_0: 2.00000      	 r_1: 2.00000      
v_0: -0.133333    	 v_1: 0.00000      
-------------------------------------------
z_0: 4.00000      	 z_1: 6.66667      
m_0: -0.0500000   	 m_1: -0.0500000   
r_0: 2.00000      	 r_1: 2.00000      
v_0: 0.00000      	 v_1: 0.00000      
-------------------------------------------
JobId hc3n252 Thu Jul 21 14:41:30 2016
-------------------------------------------
Sectors: 4
-------------------------------------------
Sectors: 4
z_0: -4.00000     	 z_1: -1.33333     
m_0: 0.0500000    	 m_1: 0.0240741    
r_0: 2.00000      	 r_1: 2.00000      
v_0: 0.00000      	 v_1: -0.133333    
-------------------------------------------
z_0: -1.33333     	 z_1: 1.33333      
m_0: 0.0240741    	 m_1: -0.0240741   
JobId hc3n324 Thu Jul 21 14:41:30 2016
JobId hc3n306 Thu Jul 21 14:41:30 2016
-------------------------------------------
Sectors: 4
JobId hc3n288 Thu Jul 21 14:41:30 2016
z_0: -4.00000     	 z_1: -1.33333     
m_0: 0.0500000    	 m_1: 0.0240741    
r_0: 2.00000      	 r_1: 2.00000      
v_0: 0.00000      	 v_1: -0.133333    
-------------------------------------------
z_0: -1.33333     	 z_1: 1.33333      
m_0: 0.0240741    	 m_1: -0.0240741   
r_0: 2.00000      	 r_1: 2.00000      
v_0: -0.133333    	 v_1: -0.133333    
-------------------------------------------
z_0: 1.33333      	 z_1: 4.00000      
m_0: -0.0240741   	 m_1: -0.0500000   
r_0: 2.00000      	 r_1: 2.00000      
JobId hc3n270 Thu Jul 21 14:41:30 2016
-------------------------------------------
Sectors: 4
z_0: -4.00000     	 z_1: -1.33333     
m_0: 0.0500000    	 m_1: 0.0240741    
r_0: 2.00000      	 r_1: 2.00000      
v_0: 0.00000      	 v_1: -0.133333    
-------------------------------------------
z_0: -1.33333     	 z_1: 1.33333      
m_0: 0.0240741    	 m_1: -0.0240741   
r_0: 2.00000      	 r_1: 2.00000      
v_0: -0.133333    	 v_1: -0.133333    
-------------------------------------------
z_0: 1.33333      	 z_1: 4.00000      
m_0: -0.0240741   	 m_1: -0.0500000   
r_0: 2.00000      	 r_1: 2.00000      
v_0: -0.133333    	 v_1: 0.00000      
-------------------------------------------
z_0: 4.00000      	 z_1: 6.66667      
m_0: -0.0500000   	 m_1: -0.0500000   
r_0: 2.00000      	 r_1: 2.00000      
JobId hc3n324 Thu Jul 21 14:41:30 2016
z_0: -4.00000     	 z_1: -1.33333     
m_0: 0.0500000    	 m_1: 0.0240741    
r_0: 2.00000      	 r_1: 2.00000      
v_0: 0.00000      	 v_1: -0.133333    
-------------------------------------------
z_0: -1.33333     	 z_1: 1.33333      
m_0: 0.0240741    	 m_1: -0.0240741   
-------------------------------------------
v_0: -0.133333    	 v_1: 0.00000      
-------------------------------------------
z_0: 4.00000      	 z_1: 6.66667      
m_0: -0.0500000   	 m_1: -0.0500000   
r_0: 2.00000      	 r_1: 2.00000      
v_0: 0.00000      	 v_1: 0.00000      
-------------------------------------------
r_0: 2.00000      	 r_1: 2.00000      
v_0: -0.133333    	 v_1: -0.133333    
-------------------------------------------
z_0: 1.33333      	 z_1: 4.00000      
m_0: -0.0240741   	 m_1: -0.0500000   
r_0: 2.00000      	 r_1: 2.00000      
v_0: -0.133333    	 v_1: 0.00000      
-------------------------------------------
z_0: 4.00000      	 z_1: 6.66667      
m_0: -0.0500000   	 m_1: -0.0500000   
-------------------------------------------
Sectors: 4
z_0: -4.00000     	 z_1: -1.33333     
m_0: 0.0500000    	 m_1: 0.0240741    
r_0: 2.00000      	 r_1: 2.00000      
v_0: 0.00000      	 v_1: -0.133333    
-------------------------------------------
z_0: -1.33333     	 z_1: 1.33333      
m_0: 0.0240741    	 m_1: -0.0240741   
JobId hc3n306 Thu Jul 21 14:41:30 2016
Sectors: 4
z_0: -4.00000     	 z_1: -1.33333     
m_0: 0.0500000    	 m_1: 0.0240741    
r_0: 2.00000      	 r_1: 2.00000      
JobId hc3n252 Thu Jul 21 14:41:30 2016
v_0: 0.00000      	 v_1: 0.00000      
-------------------------------------------
-------------------------------------------
Sectors: 4
r_0: 2.00000      	 r_1: 2.00000      
v_0: -0.133333    	 v_1: -0.133333    
-------------------------------------------
z_0: 1.33333      	 z_1: 4.00000      
m_0: -0.0240741   	 m_1: -0.0500000   
r_0: 2.00000      	 r_1: 2.00000      
v_0: -0.133333    	 v_1: 0.00000      
-------------------------------------------
z_0: 4.00000      	 z_1: 6.66667      
m_0: -0.0500000   	 m_1: -0.0500000   
r_0: 2.00000      	 r_1: 2.00000      
v_0: 0.00000      	 v_1: 0.00000      
JobId hc3n288 Thu Jul 21 14:41:30 2016
JobId hc3n180 Thu Jul 21 14:41:30 2016
-------------------------------------------
Sectors: 4
z_0: -4.00000     	 z_1: -1.33333     
m_0: 0.0500000    	 m_1: 0.0240741    
r_0: 2.00000      	 r_1: 2.00000      
v_0: 0.00000      	 v_1: -0.133333    
-------------------------------------------
z_0: -1.33333     	 z_1: 1.33333      
m_0: 0.0240741    	 m_1: -0.0240741   
r_0: 2.00000      	 r_1: 2.00000      
v_0: -0.133333    	 v_1: -0.133333    
-------------------------------------------
z_0: 1.33333      	 z_1: 4.00000      
m_0: -0.0240741   	 m_1: -0.0500000   
r_0: 2.00000      	 r_1: 2.00000      
v_0: -0.133333    	 v_1: 0.00000      
-------------------------------------------
z_0: 4.00000      	 z_1: 6.66667      
m_0: -0.0500000   	 m_1: -0.0500000   
r_0: 2.00000      	 r_1: 2.00000      
v_0: 0.00000      	 v_1: 0.00000      
-------------------------------------------
-------------------------------------------
r_0: 2.00000      	 r_1: 2.00000      
v_0: 0.00000      	 v_1: 0.00000      
-------------------------------------------
r_0: 2.00000      	 r_1: 2.00000      
v_0: -0.133333    	 v_1: -0.133333    
-------------------------------------------
z_0: 1.33333      	 z_1: 4.00000      
m_0: -0.0240741   	 m_1: -0.0500000   
r_0: 2.00000      	 r_1: 2.00000      
-------------------------------------------
v_0: 0.00000      	 v_1: -0.133333    
-------------------------------------------
z_0: -1.33333     	 z_1: 1.33333      
m_0: 0.0240741    	 m_1: -0.0240741   
r_0: 2.00000      	 r_1: 2.00000      
Residual Count: 9
v_0: -0.133333    	 v_1: 0.00000      
-------------------------------------------
z_0: 4.00000      	 z_1: 6.66667      
m_0: -0.0500000   	 m_1: -0.0500000   
r_0: 2.00000      	 r_1: 2.00000      
v_0: 0.00000      	 v_1: 0.00000      
-------------------------------------------
-------------------------------------------
Sectors: 4
v_0: -0.133333    	 v_1: -0.133333    
-------------------------------------------
z_0: 1.33333      	 z_1: 4.00000      
m_0: -0.0240741   	 m_1: -0.0500000   
r_0: 2.00000      	 r_1: 2.00000      
v_0: -0.133333    	 v_1: 0.00000      
-------------------------------------------
z_0: 4.00000      	 z_1: 6.66667      
m_0: -0.0500000   	 m_1: -0.0500000   
r_0: 2.00000      	 r_1: 2.00000      
Sectors: 4
z_0: -4.00000     	 z_1: -1.33333     
m_0: 0.0500000    	 m_1: 0.0240741    
r_0: 2.00000      	 r_1: 2.00000      
v_0: 0.00000      	 v_1: -0.133333    
-------------------------------------------
z_0: -1.33333     	 z_1: 1.33333      
m_0: 0.0240741    	 m_1: -0.0240741   
r_0: 2.00000      	 r_1: 2.00000      
v_0: -0.133333    	 v_1: -0.133333    
-------------------------------------------
z_0: 1.33333      	 z_1: 4.00000      
z_0: -4.00000     	 z_1: -1.33333     
m_0: 0.0500000    	 m_1: 0.0240741    
r_0: 2.00000      	 r_1: 2.00000      
v_0: 0.00000      	 v_1: -0.133333    
-------------------------------------------
z_0: -1.33333     	 z_1: 1.33333      
m_0: 0.0240741    	 m_1: -0.0240741   
r_0: 2.00000      	 r_1: 2.00000      
-------------------------------------------
Sectors: 4
z_0: -4.00000     	 z_1: -1.33333     
m_0: 0.0500000    	 m_1: 0.0240741    
r_0: 2.00000      	 r_1: 2.00000      
v_0: 0.00000      	 v_1: -0.133333    
-------------------------------------------
z_0: -1.33333     	 z_1: 1.33333      
m_0: 0.0240741    	 m_1: -0.0240741   
r_0: 2.00000      	 r_1: 2.00000      
v_0: -0.133333    	 v_1: -0.133333    
-------------------------------------------
z_0: 1.33333      	 z_1: 4.00000      
m_0: -0.0240741   	 m_1: -0.0500000   
r_0: 2.00000      	 r_1: 2.00000      
z_0: -4.00000     	 z_1: -1.33333     
m_0: 0.0500000    	 m_1: 0.0240741    
m_0: -0.0240741   	 m_1: -0.0500000   
r_0: 2.00000      	 r_1: 2.00000      
v_0: -0.133333    	 v_1: 0.00000      
-------------------------------------------
z_0: 4.00000      	 z_1: 6.66667      
m_0: -0.0500000   	 m_1: -0.0500000   
r_0: 2.00000      	 r_1: 2.00000      
v_0: 0.00000      	 v_1: 0.00000      
v_0: -0.133333    	 v_1: -0.133333    
-------------------------------------------
z_0: 1.33333      	 z_1: 4.00000      
m_0: -0.0240741   	 m_1: -0.0500000   
r_0: 2.00000      	 r_1: 2.00000      
v_0: -0.133333    	 v_1: 0.00000      
-------------------------------------------
v_0: 0.00000      	 v_1: 0.00000      
-------------------------------------------
r_0: 2.00000      	 r_1: 2.00000      
v_0: 0.00000      	 v_1: -0.133333    
-------------------------------------------
z_0: -1.33333     	 z_1: 1.33333      
m_0: 0.0240741    	 m_1: -0.0240741   
r_0: 2.00000      	 r_1: 2.00000      
-------------------------------------------
z_0: 4.00000      	 z_1: 6.66667      
m_0: -0.0500000   	 m_1: -0.0500000   
r_0: 2.00000      	 r_1: 2.00000      
v_0: 0.00000      	 v_1: 0.00000      
-------------------------------------------
v_0: -0.133333    	 v_1: 0.00000      
-------------------------------------------
z_0: 4.00000      	 z_1: 6.66667      
m_0: -0.0500000   	 m_1: -0.0500000   
r_0: 2.00000      	 r_1: 2.00000      
v_0: 0.00000      	 v_1: 0.00000      
-------------------------------------------
v_0: -0.133333    	 v_1: -0.133333    
-------------------------------------------
z_0: 1.33333      	 z_1: 4.00000      
m_0: -0.0240741   	 m_1: -0.0500000   
r_0: 2.00000      	 r_1: 2.00000      
v_0: -0.133333    	 v_1: 0.00000      
-------------------------------------------
z_0: 4.00000      	 z_1: 6.66667      
m_0: -0.0500000   	 m_1: -0.0500000   
r_0: 2.00000      	 r_1: 2.00000      
v_0: 0.00000      	 v_1: 0.00000      
-------------------------------------------
Mesh info:
 dimension: 3
 no. of cells: 670
 boundary indicators: 0(449 times) 
Mesh info:
 dimension: 3
 no. of cells: 670
 boundary indicators: 0(449 times) 
Mesh info:
 dimension: 3
 no. of cells: 817
 boundary indicators: 0(470 times) 
Mesh info:
 dimension: 3
 no. of cells: 817
Mesh info:
 dimension: 3
 no. of cells: 817
 boundary indicators: 0(470 times) 
 boundary indicators: 0(473 times) 
Mesh info:
 dimension: 3
 no. of cells: 817
Mesh info:
 dimension: 3
 no. of cells: 817
 boundary indicators: 0(470 times) 
Mesh info:
 dimension: 3
 no. of cells: 817
 boundary indicators: 0(470 times) 
 boundary indicators: 0(470 times) 
Mesh info:
 dimension: 3
 no. of cells: 817
Mesh info:
 dimension: 3
 no. of cells: 817
 boundary indicators: 0(473 times) 
 boundary indicators: 0(470 times) 
Mesh info:
 dimension: 3
 no. of cells: 817
 boundary indicators: 0(470 times) 
Mesh info:
 dimension: 3
 no. of cells: 817
 boundary indicators: 0(470 times) 
 written to solutions/run7/grid11.vtk

 written to solutions/run7/grid1.vtk

 written to solutions/run7/grid3.vtk

 written to solutions/run7/grid5.vtk

 written to solutions/run7/grid8.vtk

 written to solutions/run7/grid6.vtk

 written to solutions/run7/grid9.vtk

 written to solutions/run7/grid10.vtk

 written to solutions/run7/grid2.vtk

 written to solutions/run7/grid7.vtk

 written to solutions/run7/grid4.vtk

 written to solutions/run7/grid0.vtk

Distributing Degrees of freedom.
Renumbering DOFs (Downstream...)
Number of degrees of freedom: 43488
Renumbering DOFs (Custom...)
Adding Block 1 from 0 to 3887
Adding Block 2 from 3888 to 7487
Adding Block 3 from 7488 to 11087
Adding Block 4 from 11088 to 14687
Adding Block 5 from 14688 to 18287
Adding Block 6 from 18288 to 21887
Adding Block 7 from 21888 to 25487
Adding Block 8 from 25488 to 29087
Adding Block 9 from 29088 to 32687
Adding Block 10 from 32688 to 36287
Adding Block 11 from 36288 to 39887
Adding Block 12 from 39888 to 43487
Storing details in Waveguidestructure->case_sectors...
Reordering done.
Constructing Sparsity Patterns and Constrain Matrices ... done
done
Initialization done.
Done.
-------------------------------------
--------------------------------------------------------------------------
mpirun noticed that process rank 10 with PID 0 on node hc3n324 exited on signal 11 (Segmentation fault).
--------------------------------------------------------------------------
================================================================================
Job 211631 completed at 21.07.2016/14:41:32 (COMPLETED)

+++ Mail send to mx3529 +++
