Universitaet Karlsruhe / Rechenzentrum   +++ hc3 +++   JMS 2.3 / slurm 15.08.11
Job 211869 has been submitted at 22.07.2016/16:27:01 on hc3n996
Command: job_submit -t 600 -m 8188 -c p -p 12 -J WaveguideOptimization_10 -NbC mpirun ./main
Job 211869 started at 22.07.2016/16:27:19 on hc3n048
12 tasks running on 6 nodes exclusive: 2*hc3n[048,066,084,102,120,138]
+++ Mail send to mx3529 +++
================================================================================
Will write solutions to solutions/run12
JobId hc3n048 Fri Jul 22 16:27:25 2016
JobId hc3n102 Fri Jul 22 16:27:25 2016
JobId hc3n084 Fri Jul 22 16:27:25 2016
JobId hc3n120 Fri Jul 22 16:27:25 2016
JobId hc3n138 Fri Jul 22 16:27:25 2016
JobId hc3n066 Fri Jul 22 16:27:25 2016
JobId hc3n120 Fri Jul 22 16:27:25 2016
JobId hc3n138 Fri Jul 22 16:27:25 2016
JobId hc3n066 Fri Jul 22 16:27:25 2016
JobId hc3n102 Fri Jul 22 16:27:25 2016
JobId hc3n084 Fri Jul 22 16:27:25 2016
JobId hc3n048 Fri Jul 22 16:27:25 2016
-------------------------------------------
Sectors: 4
z_0: -4.00000     	 z_1: -1.33333     
m_0: 0.0500000    	 m_1: 0.0240741    
r_0: 2.00000      	 r_1: 2.00000      
v_0: 0.00000      	 v_1: -0.133333    
-------------------------------------------
z_0: -1.33333     	 z_1: 1.33333      
m_0: 0.0240741    	 m_1: -0.0240741   
r_0: 2.00000      	 r_1: 2.00000      
v_0: -0.133333    	 v_1: -0.133333    
-------------------------------------------
z_0: 1.33333      	 z_1: 4.00000      
m_0: -0.0240741   	 m_1: -0.0500000   
r_0: 2.00000      	 r_1: 2.00000      
v_0: -0.133333    	 v_1: 0.00000      
-------------------------------------------
z_0: 4.00000      	 z_1: 6.66667      
m_0: -0.0500000   	 m_1: -0.0500000   
r_0: 2.00000      	 r_1: 2.00000      
v_0: 0.00000      	 v_1: 0.00000      
-------------------------------------------
Residual Count: 9
Distributing Degrees of freedom.
Renumbering DOFs (Downstream...)
Number of degrees of freedom: 123792
Renumbering DOFs (Custom...)
Reordering done.
Constructing Sparsity Patterns and Constrain Matrices ... Done
done
Initialization done.
Done.
-------------------------------------
Dofs per cell: 24
Quadrature Formula Size: 8
Dofs per face: 8
Dofs per line: 2
Starting Assemblation process
Assembling done. L2-Norm of RHS: 90.4459
Number of GMRES steps: 4000-All preconditioner matrices built. Solving...
--------------------------------------------------------------------------
mpirun noticed that process rank 0 with PID 26705 on node hc3n048 exited on signal 6 (Aborted).
--------------------------------------------------------------------------
================================================================================
Job 211869 completed at 22.07.2016/16:39:00 (COMPLETED)

+++ Mail send to mx3529 +++
