Universitaet Karlsruhe / Rechenzentrum   +++ hc3 +++   JMS 2.3 / slurm 15.08.11
Job 211704 has been submitted at 22.07.2016/01:39:04 on hc3n994
Command: job_submit -t 600 -m 8188 -c p -p 64 -J WaveguideOptimization_8 -NbC mpirun ./main
Job 211704 started at 22.07.2016/06:40:04 on hc3n013
64 tasks running on 32 nodes exclusive: 2*hc3n[013,016,018,021,023-024,028,030-031,034,041,059,077,095,100,113,131,149,156,164,167,185,226,239,244,257,274-276,293,311,329]
+++ Mail send to mx3529 +++
================================================================================
JobId hc3n257 Fri Jul 22 06:40:14 2016
-------------------------------------------
Sectors: 4
JobId hc3n024 Fri Jul 22 06:40:13 2016
JobId hc3n239 Fri Jul 22 06:40:13 2016
z_0: -4.00000     	 z_1: -1.33333     
m_0: 0.0500000    	 m_1: 0.0240741    
r_0: 2.00000      	 r_1: 2.00000      
v_0: 0.00000      	 v_1: -0.133333    
-------------------------------------------
JobId hc3n077 Fri Jul 22 06:40:13 2016
-------------------------------------------
Sectors: 4
z_0: -4.00000     	 z_1: -1.33333     
m_0: 0.0500000    	 m_1: 0.0240741    
r_0: 2.00000      	 r_1: 2.00000      
v_0: 0.00000      	 v_1: -0.133333    
-------------------------------------------
z_0: -1.33333     	 z_1: 1.33333      
JobId hc3n274 Fri Jul 22 06:40:13 2016
JobId hc3n095 Fri Jul 22 06:40:13 2016
-------------------------------------------
Sectors: 4
z_0: -4.00000     	 z_1: -1.33333     
m_0: 0.0500000    	 m_1: 0.0240741    
r_0: 2.00000      	 r_1: 2.00000      
v_0: 0.00000      	 v_1: -0.133333    
-------------------------------------------
z_0: -1.33333     	 z_1: 1.33333      
m_0: 0.0240741    	 m_1: -0.0240741   
JobId hc3n226 Fri Jul 22 06:40:14 2016
-------------------------------------------
z_0: -1.33333     	 z_1: 1.33333      
m_0: 0.0240741    	 m_1: -0.0240741   
r_0: 2.00000      	 r_1: 2.00000      
v_0: -0.133333    	 v_1: -0.133333    
-------------------------------------------
z_0: 1.33333      	 z_1: 4.00000      
m_0: -0.0240741   	 m_1: -0.0500000   
r_0: 2.00000      	 r_1: 2.00000      
v_0: -0.133333    	 v_1: 0.00000      
-------------------------------------------
-------------------------------------------
Sectors: 4
m_0: 0.0240741    	 m_1: -0.0240741   
r_0: 2.00000      	 r_1: 2.00000      
v_0: -0.133333    	 v_1: -0.133333    
-------------------------------------------
z_0: 1.33333      	 z_1: 4.00000      
m_0: -0.0240741   	 m_1: -0.0500000   
r_0: 2.00000      	 r_1: 2.00000      
-------------------------------------------
Sectors: 4
-------------------------------------------
Sectors: 4
r_0: 2.00000      	 r_1: 2.00000      
v_0: -0.133333    	 v_1: -0.133333    
-------------------------------------------
z_0: 1.33333      	 z_1: 4.00000      
JobId hc3n167 Fri Jul 22 06:40:14 2016
Sectors: 4
z_0: -4.00000     	 z_1: -1.33333     
z_0: 4.00000      	 z_1: 6.66667      
m_0: -0.0500000   	 m_1: -0.0500000   
r_0: 2.00000      	 r_1: 2.00000      
v_0: 0.00000      	 v_1: 0.00000      
-------------------------------------------
z_0: -4.00000     	 z_1: -1.33333     
m_0: 0.0500000    	 m_1: 0.0240741    
r_0: 2.00000      	 r_1: 2.00000      
v_0: 0.00000      	 v_1: -0.133333    
-------------------------------------------
z_0: -1.33333     	 z_1: 1.33333      
m_0: 0.0240741    	 m_1: -0.0240741   
v_0: -0.133333    	 v_1: 0.00000      
-------------------------------------------
z_0: 4.00000      	 z_1: 6.66667      
m_0: -0.0500000   	 m_1: -0.0500000   
r_0: 2.00000      	 r_1: 2.00000      
v_0: 0.00000      	 v_1: 0.00000      
-------------------------------------------
JobId hc3n329 Fri Jul 22 06:40:14 2016
-------------------------------------------
z_0: -4.00000     	 z_1: -1.33333     
m_0: 0.0500000    	 m_1: 0.0240741    
r_0: 2.00000      	 r_1: 2.00000      
v_0: 0.00000      	 v_1: -0.133333    
JobId hc3n131 Fri Jul 22 06:40:14 2016
-------------------------------------------
Sectors: 4
JobId hc3n030 Fri Jul 22 06:40:13 2016
Sectors: 4
z_0: -4.00000     	 z_1: -1.33333     
-------------------------------------------
z_0: -1.33333     	 z_1: 1.33333      
JobId hc3n016 Fri Jul 22 06:40:14 2016
JobId hc3n156 Fri Jul 22 06:40:13 2016
JobId hc3n018 Fri Jul 22 06:40:14 2016
JobId hc3n276 Fri Jul 22 06:40:13 2016
z_0: -4.00000     	 z_1: -1.33333     
m_0: 0.0500000    	 m_1: 0.0240741    
r_0: 2.00000      	 r_1: 2.00000      
v_0: 0.00000      	 v_1: -0.133333    
-------------------------------------------
z_0: -1.33333     	 z_1: 1.33333      
m_0: 0.0240741    	 m_1: -0.0240741   
r_0: 2.00000      	 r_1: 2.00000      
m_0: -0.0240741   	 m_1: -0.0500000   
r_0: 2.00000      	 r_1: 2.00000      
v_0: -0.133333    	 v_1: 0.00000      
-------------------------------------------
z_0: 4.00000      	 z_1: 6.66667      
m_0: -0.0500000   	 m_1: -0.0500000   
-------------------------------------------
m_0: 0.0500000    	 m_1: 0.0240741    
r_0: 2.00000      	 r_1: 2.00000      
v_0: 0.00000      	 v_1: -0.133333    
-------------------------------------------
z_0: -1.33333     	 z_1: 1.33333      
m_0: 0.0240741    	 m_1: -0.0240741   
r_0: 2.00000      	 r_1: 2.00000      
v_0: -0.133333    	 v_1: -0.133333    
-------------------------------------------
z_0: 1.33333      	 z_1: 4.00000      
m_0: -0.0240741   	 m_1: -0.0500000   
r_0: 2.00000      	 r_1: 2.00000      
r_0: 2.00000      	 r_1: 2.00000      
v_0: -0.133333    	 v_1: -0.133333    
-------------------------------------------
z_0: 1.33333      	 z_1: 4.00000      
m_0: -0.0240741   	 m_1: -0.0500000   
JobId hc3n164 Fri Jul 22 06:40:14 2016
JobId hc3n149 Fri Jul 22 06:40:14 2016
-------------------------------------------
Sectors: 4
JobId hc3n100 Fri Jul 22 06:40:14 2016
-------------------------------------------
Sectors: 4
JobId hc3n013 Fri Jul 22 06:40:14 2016
-------------------------------------------
Sectors: 4
z_0: -4.00000     	 z_1: -1.33333     
m_0: 0.0500000    	 m_1: 0.0240741    
r_0: 2.00000      	 r_1: 2.00000      
v_0: 0.00000      	 v_1: -0.133333    
-------------------------------------------
z_0: -1.33333     	 z_1: 1.33333      
m_0: 0.0240741    	 m_1: -0.0240741   
r_0: 2.00000      	 r_1: 2.00000      
v_0: -0.133333    	 v_1: -0.133333    
-------------------------------------------
z_0: 1.33333      	 z_1: 4.00000      
m_0: -0.0240741   	 m_1: -0.0500000   
r_0: 2.00000      	 r_1: 2.00000      
v_0: -0.133333    	 v_1: 0.00000      
-------------------------------------------
z_0: 4.00000      	 z_1: 6.66667      
m_0: -0.0500000   	 m_1: -0.0500000   
r_0: 2.00000      	 r_1: 2.00000      
v_0: 0.00000      	 v_1: 0.00000      
-------------------------------------------
-------------------------------------------
Sectors: 4
z_0: -4.00000     	 z_1: -1.33333     
m_0: 0.0500000    	 m_1: 0.0240741    
r_0: 2.00000      	 r_1: 2.00000      
-------------------------------------------
Sectors: 4
v_0: -0.133333    	 v_1: -0.133333    
-------------------------------------------
z_0: 1.33333      	 z_1: 4.00000      
m_0: -0.0240741   	 m_1: -0.0500000   
r_0: 2.00000      	 r_1: 2.00000      
v_0: -0.133333    	 v_1: 0.00000      
-------------------------------------------
z_0: 4.00000      	 z_1: 6.66667      
m_0: -0.0500000   	 m_1: -0.0500000   
r_0: 2.00000      	 r_1: 2.00000      
v_0: 0.00000      	 v_1: 0.00000      
-------------------------------------------
r_0: 2.00000      	 r_1: 2.00000      
v_0: 0.00000      	 v_1: 0.00000      
-------------------------------------------
Sectors: 4
z_0: -4.00000     	 z_1: -1.33333     
v_0: -0.133333    	 v_1: 0.00000      
-------------------------------------------
z_0: 4.00000      	 z_1: 6.66667      
JobId hc3n059 Fri Jul 22 06:40:14 2016
r_0: 2.00000      	 r_1: 2.00000      
v_0: -0.133333    	 v_1: 0.00000      
-------------------------------------------
z_0: 4.00000      	 z_1: 6.66667      
m_0: -0.0500000   	 m_1: -0.0500000   
r_0: 2.00000      	 r_1: 2.00000      
-------------------------------------------
Sectors: 4
z_0: -4.00000     	 z_1: -1.33333     
m_0: 0.0500000    	 m_1: 0.0240741    
r_0: 2.00000      	 r_1: 2.00000      
v_0: 0.00000      	 v_1: -0.133333    
-------------------------------------------
z_0: -4.00000     	 z_1: -1.33333     
m_0: 0.0500000    	 m_1: 0.0240741    
r_0: 2.00000      	 r_1: 2.00000      
v_0: 0.00000      	 v_1: -0.133333    
-------------------------------------------
z_0: -1.33333     	 z_1: 1.33333      
m_0: 0.0240741    	 m_1: -0.0240741   
r_0: 2.00000      	 r_1: 2.00000      
v_0: -0.133333    	 v_1: -0.133333    
-------------------------------------------
z_0: 1.33333      	 z_1: 4.00000      
m_0: -0.0240741   	 m_1: -0.0500000   
z_0: -4.00000     	 z_1: -1.33333     
m_0: 0.0500000    	 m_1: 0.0240741    
r_0: 2.00000      	 r_1: 2.00000      
v_0: 0.00000      	 v_1: -0.133333    
-------------------------------------------
z_0: -1.33333     	 z_1: 1.33333      
m_0: 0.0240741    	 m_1: -0.0240741   
r_0: 2.00000      	 r_1: 2.00000      
v_0: -0.133333    	 v_1: -0.133333    
-------------------------------------------
z_0: 1.33333      	 z_1: 4.00000      
m_0: -0.0240741   	 m_1: -0.0500000   
-------------------------------------------
Sectors: 4
m_0: 0.0500000    	 m_1: 0.0240741    
r_0: 2.00000      	 r_1: 2.00000      
v_0: 0.00000      	 v_1: -0.133333    
-------------------------------------------
z_0: -1.33333     	 z_1: 1.33333      
m_0: 0.0240741    	 m_1: -0.0240741   
r_0: 2.00000      	 r_1: 2.00000      
v_0: -0.133333    	 v_1: -0.133333    
-------------------------------------------
z_0: 1.33333      	 z_1: 4.00000      
m_0: 0.0240741    	 m_1: -0.0240741   
r_0: 2.00000      	 r_1: 2.00000      
v_0: -0.133333    	 v_1: -0.133333    
-------------------------------------------
z_0: 1.33333      	 z_1: 4.00000      
m_0: -0.0240741   	 m_1: -0.0500000   
-------------------------------------------
Sectors: 4
-------------------------------------------
Sectors: 4
JobId hc3n275 Fri Jul 22 06:40:14 2016
m_0: 0.0500000    	 m_1: 0.0240741    
r_0: 2.00000      	 r_1: 2.00000      
m_0: -0.0500000   	 m_1: -0.0500000   
r_0: 2.00000      	 r_1: 2.00000      
v_0: 0.00000      	 v_1: 0.00000      
-------------------------------------------
JobId hc3n244 Fri Jul 22 06:40:13 2016
-------------------------------------------
Sectors: 4
-------------------------------------------
Sectors: 4
z_0: -4.00000     	 z_1: -1.33333     
v_0: 0.00000      	 v_1: 0.00000      
-------------------------------------------
z_0: -4.00000     	 z_1: -1.33333     
m_0: 0.0500000    	 m_1: 0.0240741    
r_0: 2.00000      	 r_1: 2.00000      
v_0: 0.00000      	 v_1: -0.133333    
-------------------------------------------
z_0: -1.33333     	 z_1: 1.33333      
m_0: 0.0240741    	 m_1: -0.0240741   
r_0: 2.00000      	 r_1: 2.00000      
v_0: -0.133333    	 v_1: -0.133333    
JobId hc3n113 Fri Jul 22 06:40:13 2016
z_0: -1.33333     	 z_1: 1.33333      
m_0: 0.0240741    	 m_1: -0.0240741   
r_0: 2.00000      	 r_1: 2.00000      
v_0: -0.133333    	 v_1: -0.133333    
-------------------------------------------
z_0: 1.33333      	 z_1: 4.00000      
m_0: -0.0240741   	 m_1: -0.0500000   
r_0: 2.00000      	 r_1: 2.00000      
v_0: -0.133333    	 v_1: 0.00000      
-------------------------------------------
z_0: 4.00000      	 z_1: 6.66667      
m_0: -0.0500000   	 m_1: -0.0500000   
r_0: 2.00000      	 r_1: 2.00000      
v_0: 0.00000      	 v_1: 0.00000      
r_0: 2.00000      	 r_1: 2.00000      
v_0: -0.133333    	 v_1: 0.00000      
-------------------------------------------
z_0: 4.00000      	 z_1: 6.66667      
m_0: -0.0500000   	 m_1: -0.0500000   
r_0: 2.00000      	 r_1: 2.00000      
r_0: 2.00000      	 r_1: 2.00000      
v_0: -0.133333    	 v_1: 0.00000      
-------------------------------------------
z_0: 4.00000      	 z_1: 6.66667      
m_0: -0.0500000   	 m_1: -0.0500000   
JobId hc3n293 Fri Jul 22 06:40:13 2016
z_0: -4.00000     	 z_1: -1.33333     
m_0: 0.0500000    	 m_1: 0.0240741    
r_0: 2.00000      	 r_1: 2.00000      
m_0: -0.0240741   	 m_1: -0.0500000   
r_0: 2.00000      	 r_1: 2.00000      
v_0: -0.133333    	 v_1: 0.00000      
-------------------------------------------
z_0: 4.00000      	 z_1: 6.66667      
m_0: -0.0500000   	 m_1: -0.0500000   
r_0: 2.00000      	 r_1: 2.00000      
JobId hc3n023 Fri Jul 22 06:40:13 2016
r_0: 2.00000      	 r_1: 2.00000      
v_0: -0.133333    	 v_1: 0.00000      
-------------------------------------------
z_0: 4.00000      	 z_1: 6.66667      
z_0: -4.00000     	 z_1: -1.33333     
m_0: 0.0500000    	 m_1: 0.0240741    
r_0: 2.00000      	 r_1: 2.00000      
v_0: 0.00000      	 v_1: -0.133333    
-------------------------------------------
z_0: -1.33333     	 z_1: 1.33333      
m_0: 0.0240741    	 m_1: -0.0240741   
r_0: 2.00000      	 r_1: 2.00000      
v_0: -0.133333    	 v_1: -0.133333    
z_0: -4.00000     	 z_1: -1.33333     
v_0: 0.00000      	 v_1: -0.133333    
-------------------------------------------
z_0: -1.33333     	 z_1: 1.33333      
m_0: 0.0240741    	 m_1: -0.0240741   
r_0: 2.00000      	 r_1: 2.00000      
z_0: -4.00000     	 z_1: -1.33333     
m_0: 0.0500000    	 m_1: 0.0240741    
r_0: 2.00000      	 r_1: 2.00000      
v_0: 0.00000      	 v_1: -0.133333    
-------------------------------------------
z_0: -1.33333     	 z_1: 1.33333      
m_0: 0.0240741    	 m_1: -0.0240741   
r_0: 2.00000      	 r_1: 2.00000      
-------------------------------------------
Sectors: 4
v_0: 0.00000      	 v_1: -0.133333    
-------------------------------------------
z_0: -1.33333     	 z_1: 1.33333      
m_0: 0.0240741    	 m_1: -0.0240741   
z_0: -4.00000     	 z_1: -1.33333     
m_0: 0.0500000    	 m_1: 0.0240741    
r_0: 2.00000      	 r_1: 2.00000      
v_0: 0.00000      	 v_1: -0.133333    
-------------------------------------------
z_0: -1.33333     	 z_1: 1.33333      
m_0: 0.0240741    	 m_1: -0.0240741   
r_0: 2.00000      	 r_1: 2.00000      
v_0: -0.133333    	 v_1: -0.133333    
-------------------------------------------
z_0: 1.33333      	 z_1: 4.00000      
m_0: -0.0240741   	 m_1: -0.0500000   
r_0: 2.00000      	 r_1: 2.00000      
m_0: 0.0500000    	 m_1: 0.0240741    
r_0: 2.00000      	 r_1: 2.00000      
v_0: 0.00000      	 v_1: -0.133333    
-------------------------------------------
JobId hc3n185 Fri Jul 22 06:40:14 2016
-------------------------------------------
z_0: 1.33333      	 z_1: 4.00000      
m_0: -0.0240741   	 m_1: -0.0500000   
r_0: 2.00000      	 r_1: 2.00000      
v_0: -0.133333    	 v_1: 0.00000      
-------------------------------------------
z_0: 4.00000      	 z_1: 6.66667      
m_0: -0.0500000   	 m_1: -0.0500000   
r_0: 2.00000      	 r_1: 2.00000      
v_0: 0.00000      	 v_1: 0.00000      
-------------------------------------------
Sectors: 4
z_0: -4.00000     	 z_1: -1.33333     
-------------------------------------------
v_0: 0.00000      	 v_1: 0.00000      
-------------------------------------------
r_0: 2.00000      	 r_1: 2.00000      
v_0: 0.00000      	 v_1: 0.00000      
-------------------------------------------
-------------------------------------------
Sectors: 4
v_0: 0.00000      	 v_1: -0.133333    
-------------------------------------------
z_0: -1.33333     	 z_1: 1.33333      
m_0: 0.0240741    	 m_1: -0.0240741   
r_0: 2.00000      	 r_1: 2.00000      
v_0: -0.133333    	 v_1: -0.133333    
-------------------------------------------
z_0: 1.33333      	 z_1: 4.00000      
m_0: -0.0240741   	 m_1: -0.0500000   
r_0: 2.00000      	 r_1: 2.00000      
v_0: -0.133333    	 v_1: 0.00000      
-------------------------------------------
z_0: 4.00000      	 z_1: 6.66667      
m_0: -0.0500000   	 m_1: -0.0500000   
r_0: 2.00000      	 r_1: 2.00000      
v_0: 0.00000      	 v_1: 0.00000      
-------------------------------------------
-------------------------------------------
Sectors: 4
m_0: -0.0500000   	 m_1: -0.0500000   
r_0: 2.00000      	 r_1: 2.00000      
-------------------------------------------
z_0: 1.33333      	 z_1: 4.00000      
m_0: -0.0240741   	 m_1: -0.0500000   
r_0: 2.00000      	 r_1: 2.00000      
v_0: -0.133333    	 v_1: 0.00000      
-------------------------------------------
z_0: 4.00000      	 z_1: 6.66667      
m_0: -0.0500000   	 m_1: -0.0500000   
r_0: 2.00000      	 r_1: 2.00000      
v_0: 0.00000      	 v_1: 0.00000      
-------------------------------------------
JobId hc3n021 Fri Jul 22 06:40:14 2016
-------------------------------------------
m_0: 0.0500000    	 m_1: 0.0240741    
r_0: 2.00000      	 r_1: 2.00000      
v_0: 0.00000      	 v_1: -0.133333    
-------------------------------------------
z_0: -1.33333     	 z_1: 1.33333      
m_0: 0.0240741    	 m_1: -0.0240741   
v_0: -0.133333    	 v_1: -0.133333    
-------------------------------------------
z_0: 1.33333      	 z_1: 4.00000      
m_0: -0.0240741   	 m_1: -0.0500000   
r_0: 2.00000      	 r_1: 2.00000      
v_0: -0.133333    	 v_1: 0.00000      
-------------------------------------------
z_0: 4.00000      	 z_1: 6.66667      
m_0: -0.0500000   	 m_1: -0.0500000   
r_0: 2.00000      	 r_1: 2.00000      
v_0: 0.00000      	 v_1: 0.00000      
v_0: -0.133333    	 v_1: -0.133333    
-------------------------------------------
z_0: 1.33333      	 z_1: 4.00000      
m_0: -0.0240741   	 m_1: -0.0500000   
r_0: 2.00000      	 r_1: 2.00000      
v_0: -0.133333    	 v_1: 0.00000      
-------------------------------------------
Will write solutions to solutions/run9
-------------------------------------------
m_0: 0.0500000    	 m_1: 0.0240741    
r_0: 2.00000      	 r_1: 2.00000      
v_0: 0.00000      	 v_1: -0.133333    
z_0: -4.00000     	 z_1: -1.33333     
m_0: 0.0500000    	 m_1: 0.0240741    
r_0: 2.00000      	 r_1: 2.00000      
v_0: 0.00000      	 v_1: -0.133333    
-------------------------------------------
z_0: -1.33333     	 z_1: 1.33333      
m_0: 0.0240741    	 m_1: -0.0240741   
r_0: 2.00000      	 r_1: 2.00000      
v_0: -0.133333    	 v_1: -0.133333    
-------------------------------------------
z_0: 1.33333      	 z_1: 4.00000      
v_0: 0.00000      	 v_1: 0.00000      
-------------------------------------------
z_0: -4.00000     	 z_1: -1.33333     
m_0: 0.0500000    	 m_1: 0.0240741    
r_0: 2.00000      	 r_1: 2.00000      
v_0: 0.00000      	 v_1: -0.133333    
v_0: 0.00000      	 v_1: 0.00000      
-------------------------------------------
Sectors: 4
z_0: -4.00000     	 z_1: -1.33333     
r_0: 2.00000      	 r_1: 2.00000      
v_0: -0.133333    	 v_1: -0.133333    
-------------------------------------------
z_0: 1.33333      	 z_1: 4.00000      
JobId hc3n028 Fri Jul 22 06:40:13 2016
-------------------------------------------
JobId hc3n034 Fri Jul 22 06:40:14 2016
JobId hc3n041 Fri Jul 22 06:40:14 2016
z_0: 4.00000      	 z_1: 6.66667      
m_0: -0.0500000   	 m_1: -0.0500000   
r_0: 2.00000      	 r_1: 2.00000      
v_0: 0.00000      	 v_1: 0.00000      
-------------------------------------------
z_0: -4.00000     	 z_1: -1.33333     
m_0: 0.0500000    	 m_1: 0.0240741    
r_0: 2.00000      	 r_1: 2.00000      
v_0: 0.00000      	 v_1: -0.133333    
JobId hc3n031 Fri Jul 22 06:40:13 2016
r_0: 2.00000      	 r_1: 2.00000      
v_0: -0.133333    	 v_1: -0.133333    
-------------------------------------------
z_0: 1.33333      	 z_1: 4.00000      
JobId hc3n311 Fri Jul 22 06:40:14 2016
-------------------------------------------
v_0: -0.133333    	 v_1: 0.00000      
-------------------------------------------
z_0: 4.00000      	 z_1: 6.66667      
m_0: -0.0500000   	 m_1: -0.0500000   
z_0: -1.33333     	 z_1: 1.33333      
m_0: 0.0240741    	 m_1: -0.0240741   
r_0: 2.00000      	 r_1: 2.00000      
v_0: -0.133333    	 v_1: -0.133333    
-------------------------------------------
z_0: 1.33333      	 z_1: 4.00000      
m_0: -0.0240741   	 m_1: -0.0500000   
r_0: 2.00000      	 r_1: 2.00000      
-------------------------------------------
Sectors: 4
z_0: -4.00000     	 z_1: -1.33333     
JobId hc3n276 Fri Jul 22 06:40:13 2016
-------------------------------------------
Sectors: 4
JobId hc3n095 Fri Jul 22 06:40:13 2016
-------------------------------------------
Sectors: 4
-------------------------------------------
z_0: -1.33333     	 z_1: 1.33333      
m_0: 0.0240741    	 m_1: -0.0240741   
r_0: 2.00000      	 r_1: 2.00000      
v_0: -0.133333    	 v_1: -0.133333    
-------------------------------------------
z_0: 1.33333      	 z_1: 4.00000      
m_0: -0.0240741   	 m_1: -0.0500000   
r_0: 2.00000      	 r_1: 2.00000      
-------------------------------------------
Sectors: 4
z_0: -4.00000     	 z_1: -1.33333     
m_0: 0.0500000    	 m_1: 0.0240741    
r_0: 2.00000      	 r_1: 2.00000      
v_0: 0.00000      	 v_1: -0.133333    
-------------------------------------------
z_0: -1.33333     	 z_1: 1.33333      
JobId hc3n239 Fri Jul 22 06:40:13 2016
m_0: -0.0240741   	 m_1: -0.0500000   
r_0: 2.00000      	 r_1: 2.00000      
v_0: -0.133333    	 v_1: 0.00000      
-------------------------------------------
JobId hc3n226 Fri Jul 22 06:40:14 2016
Sectors: 4
JobId hc3n257 Fri Jul 22 06:40:14 2016
r_0: 2.00000      	 r_1: 2.00000      
v_0: 0.00000      	 v_1: 0.00000      
-------------------------------------------
v_0: -0.133333    	 v_1: 0.00000      
-------------------------------------------
z_0: 4.00000      	 z_1: 6.66667      
m_0: -0.0500000   	 m_1: -0.0500000   
r_0: 2.00000      	 r_1: 2.00000      
v_0: 0.00000      	 v_1: 0.00000      
-------------------------------------------
m_0: 0.0500000    	 m_1: 0.0240741    
r_0: 2.00000      	 r_1: 2.00000      
v_0: 0.00000      	 v_1: -0.133333    
-------------------------------------------
z_0: -1.33333     	 z_1: 1.33333      
JobId hc3n077 Fri Jul 22 06:40:13 2016
-------------------------------------------
Sectors: 4
JobId hc3n164 Fri Jul 22 06:40:14 2016
-------------------------------------------
Sectors: 4
-------------------------------------------
z_0: -1.33333     	 z_1: 1.33333      
m_0: 0.0240741    	 m_1: -0.0240741   
r_0: 2.00000      	 r_1: 2.00000      
JobId hc3n149 Fri Jul 22 06:40:14 2016
JobId hc3n100 Fri Jul 22 06:40:14 2016
JobId hc3n131 Fri Jul 22 06:40:14 2016
m_0: -0.0240741   	 m_1: -0.0500000   
r_0: 2.00000      	 r_1: 2.00000      
v_0: -0.133333    	 v_1: 0.00000      
-------------------------------------------
z_0: 4.00000      	 z_1: 6.66667      
m_0: -0.0500000   	 m_1: -0.0500000   
JobId hc3n024 Fri Jul 22 06:40:13 2016
JobId hc3n030 Fri Jul 22 06:40:13 2016
-------------------------------------------
Sectors: 4
JobId hc3n329 Fri Jul 22 06:40:14 2016
-------------------------------------------
z_0: -1.33333     	 z_1: 1.33333      
m_0: 0.0240741    	 m_1: -0.0240741   
JobId hc3n274 Fri Jul 22 06:40:13 2016
-------------------------------------------
Sectors: 4
JobId hc3n016 Fri Jul 22 06:40:14 2016
m_0: 0.0500000    	 m_1: 0.0240741    
r_0: 2.00000      	 r_1: 2.00000      
v_0: 0.00000      	 v_1: -0.133333    
-------------------------------------------
z_0: -1.33333     	 z_1: 1.33333      
m_0: 0.0240741    	 m_1: -0.0240741   
r_0: 2.00000      	 r_1: 2.00000      
v_0: -0.133333    	 v_1: -0.133333    
-------------------------------------------
z_0: 1.33333      	 z_1: 4.00000      
m_0: -0.0240741   	 m_1: -0.0500000   
m_0: -0.0240741   	 m_1: -0.0500000   
r_0: 2.00000      	 r_1: 2.00000      
v_0: -0.133333    	 v_1: 0.00000      
-------------------------------------------
-------------------------------------------
JobId hc3n018 Fri Jul 22 06:40:14 2016
-------------------------------------------
Sectors: 4
-------------------------------------------
-------------------------------------------
Sectors: 4
z_0: -4.00000     	 z_1: -1.33333     
z_0: -4.00000     	 z_1: -1.33333     
v_0: -0.133333    	 v_1: 0.00000      
-------------------------------------------
z_0: 4.00000      	 z_1: 6.66667      
m_0: -0.0500000   	 m_1: -0.0500000   
r_0: 2.00000      	 r_1: 2.00000      
v_0: 0.00000      	 v_1: 0.00000      
-------------------------------------------
m_0: 0.0240741    	 m_1: -0.0240741   
r_0: 2.00000      	 r_1: 2.00000      
v_0: -0.133333    	 v_1: -0.133333    
-------------------------------------------
z_0: 1.33333      	 z_1: 4.00000      
-------------------------------------------
z_0: 4.00000      	 z_1: 6.66667      
m_0: -0.0500000   	 m_1: -0.0500000   
r_0: 2.00000      	 r_1: 2.00000      
v_0: 0.00000      	 v_1: 0.00000      
-------------------------------------------
-------------------------------------------
z_0: -4.00000     	 z_1: -1.33333     
m_0: 0.0500000    	 m_1: 0.0240741    
r_0: 2.00000      	 r_1: 2.00000      
v_0: 0.00000      	 v_1: -0.133333    
-------------------------------------------
z_0: -1.33333     	 z_1: 1.33333      
m_0: 0.0240741    	 m_1: -0.0240741   
r_0: 2.00000      	 r_1: 2.00000      
v_0: -0.133333    	 v_1: -0.133333    
-------------------------------------------
z_0: 1.33333      	 z_1: 4.00000      
m_0: -0.0240741   	 m_1: -0.0500000   
-------------------------------------------
JobId hc3n244 Fri Jul 22 06:40:13 2016
JobId hc3n059 Fri Jul 22 06:40:14 2016
m_0: 0.0240741    	 m_1: -0.0240741   
r_0: 2.00000      	 r_1: 2.00000      
v_0: -0.133333    	 v_1: -0.133333    
-------------------------------------------
z_0: 1.33333      	 z_1: 4.00000      
z_0: -4.00000     	 z_1: -1.33333     
m_0: 0.0500000    	 m_1: 0.0240741    
r_0: 2.00000      	 r_1: 2.00000      
v_0: 0.00000      	 v_1: -0.133333    
-------------------------------------------
z_0: -4.00000     	 z_1: -1.33333     
v_0: -0.133333    	 v_1: -0.133333    
-------------------------------------------
z_0: 1.33333      	 z_1: 4.00000      
m_0: -0.0240741   	 m_1: -0.0500000   
r_0: 2.00000      	 r_1: 2.00000      
v_0: -0.133333    	 v_1: 0.00000      
-------------------------------------------
z_0: 4.00000      	 z_1: 6.66667      
m_0: -0.0500000   	 m_1: -0.0500000   
-------------------------------------------
-------------------------------------------
-------------------------------------------
r_0: 2.00000      	 r_1: 2.00000      
v_0: 0.00000      	 v_1: 0.00000      
-------------------------------------------
-------------------------------------------
Sectors: 4
z_0: -4.00000     	 z_1: -1.33333     
m_0: 0.0500000    	 m_1: 0.0240741    
r_0: 2.00000      	 r_1: 2.00000      
v_0: 0.00000      	 v_1: -0.133333    
-------------------------------------------
z_0: -1.33333     	 z_1: 1.33333      
m_0: 0.0240741    	 m_1: -0.0240741   
-------------------------------------------
r_0: 2.00000      	 r_1: 2.00000      
v_0: -0.133333    	 v_1: -0.133333    
-------------------------------------------
z_0: 1.33333      	 z_1: 4.00000      
m_0: -0.0240741   	 m_1: -0.0500000   
r_0: 2.00000      	 r_1: 2.00000      
z_0: -4.00000     	 z_1: -1.33333     
m_0: 0.0500000    	 m_1: 0.0240741    
r_0: 2.00000      	 r_1: 2.00000      
-------------------------------------------
r_0: 2.00000      	 r_1: 2.00000      
v_0: -0.133333    	 v_1: 0.00000      
-------------------------------------------
z_0: 4.00000      	 z_1: 6.66667      
z_0: 4.00000      	 z_1: 6.66667      
m_0: -0.0500000   	 m_1: -0.0500000   
r_0: 2.00000      	 r_1: 2.00000      
v_0: 0.00000      	 v_1: 0.00000      
-------------------------------------------
Sectors: 4
z_0: -4.00000     	 z_1: -1.33333     
m_0: 0.0500000    	 m_1: 0.0240741    
r_0: 2.00000      	 r_1: 2.00000      
z_0: -4.00000     	 z_1: -1.33333     
Sectors: 4
z_0: -4.00000     	 z_1: -1.33333     
m_0: 0.0500000    	 m_1: 0.0240741    
r_0: 2.00000      	 r_1: 2.00000      
m_0: 0.0500000    	 m_1: 0.0240741    
r_0: 2.00000      	 r_1: 2.00000      
v_0: 0.00000      	 v_1: -0.133333    
-------------------------------------------
z_0: -1.33333     	 z_1: 1.33333      
m_0: 0.0240741    	 m_1: -0.0240741   
r_0: 2.00000      	 r_1: 2.00000      
v_0: -0.133333    	 v_1: -0.133333    
-------------------------------------------
z_0: -4.00000     	 z_1: -1.33333     
JobId hc3n013 Fri Jul 22 06:40:14 2016
-------------------------------------------
Sectors: 4
z_0: -4.00000     	 z_1: -1.33333     
m_0: 0.0500000    	 m_1: 0.0240741    
r_0: 2.00000      	 r_1: 2.00000      
v_0: 0.00000      	 v_1: -0.133333    
-------------------------------------------
z_0: -1.33333     	 z_1: 1.33333      
m_0: 0.0240741    	 m_1: -0.0240741   
r_0: 2.00000      	 r_1: 2.00000      
v_0: -0.133333    	 v_1: -0.133333    
-------------------------------------------
z_0: 1.33333      	 z_1: 4.00000      
m_0: -0.0240741   	 m_1: -0.0500000   
r_0: 2.00000      	 r_1: 2.00000      
v_0: -0.133333    	 v_1: 0.00000      
-------------------------------------------
z_0: 4.00000      	 z_1: 6.66667      
m_0: -0.0500000   	 m_1: -0.0500000   
r_0: 2.00000      	 r_1: 2.00000      
v_0: 0.00000      	 v_1: 0.00000      
-------------------------------------------
Residual Count: 48
Sectors: 4
JobId hc3n293 Fri Jul 22 06:40:13 2016
z_0: -4.00000     	 z_1: -1.33333     
m_0: 0.0500000    	 m_1: 0.0240741    
r_0: 2.00000      	 r_1: 2.00000      
v_0: -0.133333    	 v_1: -0.133333    
-------------------------------------------
z_0: 1.33333      	 z_1: 4.00000      
m_0: -0.0240741   	 m_1: -0.0500000   
r_0: 2.00000      	 r_1: 2.00000      
v_0: -0.133333    	 v_1: 0.00000      
Sectors: 4
v_0: 0.00000      	 v_1: -0.133333    
-------------------------------------------
z_0: -1.33333     	 z_1: 1.33333      
m_0: 0.0240741    	 m_1: -0.0240741   
r_0: 2.00000      	 r_1: 2.00000      
v_0: -0.133333    	 v_1: -0.133333    
-------------------------------------------
z_0: 1.33333      	 z_1: 4.00000      
m_0: -0.0240741   	 m_1: -0.0500000   
r_0: 2.00000      	 r_1: 2.00000      
Sectors: 4
m_0: -0.0500000   	 m_1: -0.0500000   
r_0: 2.00000      	 r_1: 2.00000      
v_0: 0.00000      	 v_1: 0.00000      
-------------------------------------------
JobId hc3n156 Fri Jul 22 06:40:13 2016
-------------------------------------------
Sectors: 4
v_0: 0.00000      	 v_1: -0.133333    
-------------------------------------------
z_0: -1.33333     	 z_1: 1.33333      
m_0: 0.0500000    	 m_1: 0.0240741    
r_0: 2.00000      	 r_1: 2.00000      
v_0: 0.00000      	 v_1: -0.133333    
-------------------------------------------
z_0: -1.33333     	 z_1: 1.33333      
m_0: 0.0240741    	 m_1: -0.0240741   
r_0: 2.00000      	 r_1: 2.00000      
v_0: 0.00000      	 v_1: -0.133333    
-------------------------------------------
z_0: -1.33333     	 z_1: 1.33333      
m_0: 0.0240741    	 m_1: -0.0240741   
r_0: 2.00000      	 r_1: 2.00000      
v_0: -0.133333    	 v_1: -0.133333    
-------------------------------------------
z_0: 1.33333      	 z_1: 4.00000      
m_0: -0.0240741   	 m_1: -0.0500000   
r_0: 2.00000      	 r_1: 2.00000      
v_0: -0.133333    	 v_1: 0.00000      
-------------------------------------------
z_0: 4.00000      	 z_1: 6.66667      
m_0: -0.0500000   	 m_1: -0.0500000   
r_0: 2.00000      	 r_1: 2.00000      
v_0: 0.00000      	 v_1: 0.00000      
-------------------------------------------
m_0: 0.0500000    	 m_1: 0.0240741    
r_0: 2.00000      	 r_1: 2.00000      
v_0: 0.00000      	 v_1: -0.133333    
-------------------------------------------
z_0: -1.33333     	 z_1: 1.33333      
m_0: 0.0240741    	 m_1: -0.0240741   
m_0: 0.0500000    	 m_1: 0.0240741    
r_0: 2.00000      	 r_1: 2.00000      
v_0: 0.00000      	 v_1: -0.133333    
-------------------------------------------
z_0: -1.33333     	 z_1: 1.33333      
m_0: 0.0240741    	 m_1: -0.0240741   
r_0: 2.00000      	 r_1: 2.00000      
JobId hc3n275 Fri Jul 22 06:40:14 2016
-------------------------------------------
Sectors: 4
m_0: -0.0240741   	 m_1: -0.0500000   
r_0: 2.00000      	 r_1: 2.00000      
v_0: -0.133333    	 v_1: 0.00000      
-------------------------------------------
z_0: 4.00000      	 z_1: 6.66667      
m_0: -0.0500000   	 m_1: -0.0500000   
r_0: 2.00000      	 r_1: 2.00000      
v_0: 0.00000      	 v_1: 0.00000      
Sectors: 4
JobId hc3n167 Fri Jul 22 06:40:14 2016
-------------------------------------------
Sectors: 4
Sectors: 4
r_0: 2.00000      	 r_1: 2.00000      
v_0: -0.133333    	 v_1: 0.00000      
-------------------------------------------
z_0: 4.00000      	 z_1: 6.66667      
m_0: -0.0500000   	 m_1: -0.0500000   
Sectors: 4
-------------------------------------------
-------------------------------------------
Sectors: 4
m_0: -0.0240741   	 m_1: -0.0500000   
r_0: 2.00000      	 r_1: 2.00000      
v_0: -0.133333    	 v_1: 0.00000      
-------------------------------------------
z_0: 4.00000      	 z_1: 6.66667      
m_0: -0.0500000   	 m_1: -0.0500000   
r_0: 2.00000      	 r_1: 2.00000      
z_0: -1.33333     	 z_1: 1.33333      
m_0: 0.0240741    	 m_1: -0.0240741   
r_0: 2.00000      	 r_1: 2.00000      
m_0: 0.0500000    	 m_1: 0.0240741    
r_0: 2.00000      	 r_1: 2.00000      
v_0: 0.00000      	 v_1: -0.133333    
-------------------------------------------
z_0: -1.33333     	 z_1: 1.33333      
m_0: 0.0240741    	 m_1: -0.0240741   
r_0: 2.00000      	 r_1: 2.00000      
v_0: -0.133333    	 v_1: -0.133333    
-------------------------------------------
z_0: 1.33333      	 z_1: 4.00000      
m_0: -0.0240741   	 m_1: -0.0500000   
r_0: 2.00000      	 r_1: 2.00000      
v_0: 0.00000      	 v_1: 0.00000      
-------------------------------------------
Sectors: 4
Sectors: 4
v_0: -0.133333    	 v_1: -0.133333    
-------------------------------------------
z_0: 1.33333      	 z_1: 4.00000      
m_0: -0.0240741   	 m_1: -0.0500000   
r_0: 2.00000      	 r_1: 2.00000      
v_0: -0.133333    	 v_1: 0.00000      
-------------------------------------------
z_0: 4.00000      	 z_1: 6.66667      
m_0: -0.0500000   	 m_1: -0.0500000   
z_0: -4.00000     	 z_1: -1.33333     
m_0: 0.0500000    	 m_1: 0.0240741    
r_0: 2.00000      	 r_1: 2.00000      
-------------------------------------------
z_0: -4.00000     	 z_1: -1.33333     
m_0: 0.0500000    	 m_1: 0.0240741    
r_0: 2.00000      	 r_1: 2.00000      
v_0: 0.00000      	 v_1: -0.133333    
-------------------------------------------
z_0: -4.00000     	 z_1: -1.33333     
z_0: -4.00000     	 z_1: -1.33333     
m_0: 0.0500000    	 m_1: 0.0240741    
r_0: 2.00000      	 r_1: 2.00000      
v_0: 0.00000      	 v_1: -0.133333    
r_0: 2.00000      	 r_1: 2.00000      
v_0: 0.00000      	 v_1: 0.00000      
z_0: -4.00000     	 z_1: -1.33333     
m_0: 0.0500000    	 m_1: 0.0240741    
Sectors: 4
z_0: -4.00000     	 z_1: -1.33333     
m_0: 0.0500000    	 m_1: 0.0240741    
r_0: 2.00000      	 r_1: 2.00000      
v_0: 0.00000      	 v_1: -0.133333    
-------------------------------------------
z_0: -1.33333     	 z_1: 1.33333      
v_0: 0.00000      	 v_1: 0.00000      
-------------------------------------------
v_0: -0.133333    	 v_1: -0.133333    
-------------------------------------------
z_0: 1.33333      	 z_1: 4.00000      
m_0: -0.0240741   	 m_1: -0.0500000   
r_0: 2.00000      	 r_1: 2.00000      
v_0: -0.133333    	 v_1: 0.00000      
-------------------------------------------
z_0: 4.00000      	 z_1: 6.66667      
m_0: -0.0500000   	 m_1: -0.0500000   
r_0: 2.00000      	 r_1: 2.00000      
v_0: 0.00000      	 v_1: 0.00000      
-------------------------------------------
r_0: 2.00000      	 r_1: 2.00000      
v_0: -0.133333    	 v_1: 0.00000      
-------------------------------------------
z_0: 4.00000      	 z_1: 6.66667      
m_0: -0.0500000   	 m_1: -0.0500000   
r_0: 2.00000      	 r_1: 2.00000      
v_0: 0.00000      	 v_1: 0.00000      
-------------------------------------------
JobId hc3n113 Fri Jul 22 06:40:13 2016
z_0: -4.00000     	 z_1: -1.33333     
m_0: 0.0500000    	 m_1: 0.0240741    
r_0: 2.00000      	 r_1: 2.00000      
z_0: -4.00000     	 z_1: -1.33333     
m_0: 0.0500000    	 m_1: 0.0240741    
r_0: 2.00000      	 r_1: 2.00000      
v_0: 0.00000      	 v_1: -0.133333    
z_0: -4.00000     	 z_1: -1.33333     
m_0: 0.0500000    	 m_1: 0.0240741    
-------------------------------------------
Sectors: 4
r_0: 2.00000      	 r_1: 2.00000      
v_0: 0.00000      	 v_1: -0.133333    
-------------------------------------------
z_0: -1.33333     	 z_1: 1.33333      
m_0: 0.0240741    	 m_1: -0.0240741   
r_0: 2.00000      	 r_1: 2.00000      
v_0: -0.133333    	 v_1: -0.133333    
-------------------------------------------
z_0: 1.33333      	 z_1: 4.00000      
-------------------------------------------
z_0: 4.00000      	 z_1: 6.66667      
m_0: -0.0500000   	 m_1: -0.0500000   
r_0: 2.00000      	 r_1: 2.00000      
v_0: 0.00000      	 v_1: 0.00000      
-------------------------------------------
z_0: -4.00000     	 z_1: -1.33333     
m_0: 0.0500000    	 m_1: 0.0240741    
r_0: 2.00000      	 r_1: 2.00000      
v_0: 0.00000      	 v_1: -0.133333    
-------------------------------------------
z_0: -1.33333     	 z_1: 1.33333      
m_0: 0.0240741    	 m_1: -0.0240741   
v_0: -0.133333    	 v_1: 0.00000      
-------------------------------------------
z_0: 4.00000      	 z_1: 6.66667      
m_0: -0.0500000   	 m_1: -0.0500000   
r_0: 2.00000      	 r_1: 2.00000      
v_0: 0.00000      	 v_1: 0.00000      
-------------------------------------------
v_0: -0.133333    	 v_1: 0.00000      
-------------------------------------------
z_0: 4.00000      	 z_1: 6.66667      
m_0: -0.0500000   	 m_1: -0.0500000   
r_0: 2.00000      	 r_1: 2.00000      
z_0: -4.00000     	 z_1: -1.33333     
m_0: 0.0500000    	 m_1: 0.0240741    
r_0: 2.00000      	 r_1: 2.00000      
v_0: 0.00000      	 v_1: -0.133333    
-------------------------------------------
z_0: -1.33333     	 z_1: 1.33333      
JobId hc3n021 Fri Jul 22 06:40:14 2016
z_0: -4.00000     	 z_1: -1.33333     
m_0: 0.0240741    	 m_1: -0.0240741   
r_0: 2.00000      	 r_1: 2.00000      
v_0: -0.133333    	 v_1: -0.133333    
-------------------------------------------
z_0: 1.33333      	 z_1: 4.00000      
v_0: -0.133333    	 v_1: -0.133333    
-------------------------------------------
z_0: 1.33333      	 z_1: 4.00000      
m_0: -0.0240741   	 m_1: -0.0500000   
r_0: 2.00000      	 r_1: 2.00000      
v_0: -0.133333    	 v_1: 0.00000      
-------------------------------------------
z_0: 4.00000      	 z_1: 6.66667      
m_0: -0.0500000   	 m_1: -0.0500000   
r_0: 2.00000      	 r_1: 2.00000      
v_0: 0.00000      	 v_1: 0.00000      
-------------------------------------------
z_0: 1.33333      	 z_1: 4.00000      
m_0: -0.0240741   	 m_1: -0.0500000   
r_0: 2.00000      	 r_1: 2.00000      
v_0: -0.133333    	 v_1: 0.00000      
-------------------------------------------
z_0: 4.00000      	 z_1: 6.66667      
m_0: -0.0500000   	 m_1: -0.0500000   
JobId hc3n041 Fri Jul 22 06:40:14 2016
-------------------------------------------
Sectors: 4
r_0: 2.00000      	 r_1: 2.00000      
v_0: -0.133333    	 v_1: -0.133333    
-------------------------------------------
z_0: 1.33333      	 z_1: 4.00000      
m_0: -0.0240741   	 m_1: -0.0500000   
r_0: 2.00000      	 r_1: 2.00000      
m_0: 0.0240741    	 m_1: -0.0240741   
r_0: 2.00000      	 r_1: 2.00000      
v_0: -0.133333    	 v_1: -0.133333    
-------------------------------------------
z_0: 1.33333      	 z_1: 4.00000      
m_0: -0.0240741   	 m_1: -0.0500000   
-------------------------------------------
m_0: 0.0500000    	 m_1: 0.0240741    
r_0: 2.00000      	 r_1: 2.00000      
v_0: 0.00000      	 v_1: -0.133333    
-------------------------------------------
z_0: -1.33333     	 z_1: 1.33333      
m_0: 0.0240741    	 m_1: -0.0240741   
r_0: 2.00000      	 r_1: 2.00000      
m_0: -0.0240741   	 m_1: -0.0500000   
r_0: 2.00000      	 r_1: 2.00000      
v_0: -0.133333    	 v_1: 0.00000      
-------------------------------------------
z_0: 4.00000      	 z_1: 6.66667      
m_0: -0.0500000   	 m_1: -0.0500000   
r_0: 2.00000      	 r_1: 2.00000      
r_0: 2.00000      	 r_1: 2.00000      
v_0: 0.00000      	 v_1: 0.00000      
-------------------------------------------
z_0: -4.00000     	 z_1: -1.33333     
m_0: 0.0500000    	 m_1: 0.0240741    
r_0: 2.00000      	 r_1: 2.00000      
v_0: 0.00000      	 v_1: -0.133333    
v_0: -0.133333    	 v_1: 0.00000      
-------------------------------------------
z_0: 4.00000      	 z_1: 6.66667      
m_0: -0.0500000   	 m_1: -0.0500000   
r_0: 2.00000      	 r_1: 2.00000      
r_0: 2.00000      	 r_1: 2.00000      
v_0: 0.00000      	 v_1: 0.00000      
-------------------------------------------
v_0: 0.00000      	 v_1: -0.133333    
-------------------------------------------
JobId hc3n031 Fri Jul 22 06:40:13 2016
z_0: -1.33333     	 z_1: 1.33333      
m_0: 0.0240741    	 m_1: -0.0240741   
r_0: 2.00000      	 r_1: 2.00000      
v_0: -0.133333    	 v_1: -0.133333    
-------------------------------------------
z_0: 1.33333      	 z_1: 4.00000      
m_0: -0.0240741   	 m_1: -0.0500000   
r_0: 2.00000      	 r_1: 2.00000      
m_0: 0.0500000    	 m_1: 0.0240741    
r_0: 2.00000      	 r_1: 2.00000      
v_0: 0.00000      	 v_1: -0.133333    
-------------------------------------------
z_0: -1.33333     	 z_1: 1.33333      
m_0: 0.0240741    	 m_1: -0.0240741   
r_0: 2.00000      	 r_1: 2.00000      
-------------------------------------------
z_0: -1.33333     	 z_1: 1.33333      
m_0: 0.0240741    	 m_1: -0.0240741   
r_0: 2.00000      	 r_1: 2.00000      
v_0: -0.133333    	 v_1: -0.133333    
-------------------------------------------
z_0: 1.33333      	 z_1: 4.00000      
-------------------------------------------
r_0: 2.00000      	 r_1: 2.00000      
v_0: 0.00000      	 v_1: -0.133333    
-------------------------------------------
z_0: -1.33333     	 z_1: 1.33333      
m_0: 0.0240741    	 m_1: -0.0240741   
r_0: 2.00000      	 r_1: 2.00000      
v_0: -0.133333    	 v_1: -0.133333    
-------------------------------------------
z_0: -4.00000     	 z_1: -1.33333     
m_0: 0.0240741    	 m_1: -0.0240741   
r_0: 2.00000      	 r_1: 2.00000      
v_0: -0.133333    	 v_1: -0.133333    
-------------------------------------------
z_0: 1.33333      	 z_1: 4.00000      
m_0: -0.0240741   	 m_1: -0.0500000   
r_0: 2.00000      	 r_1: 2.00000      
v_0: -0.133333    	 v_1: 0.00000      
-------------------------------------------
z_0: 4.00000      	 z_1: 6.66667      
m_0: -0.0500000   	 m_1: -0.0500000   
r_0: 2.00000      	 r_1: 2.00000      
v_0: 0.00000      	 v_1: 0.00000      
-------------------------------------------
JobId hc3n185 Fri Jul 22 06:40:14 2016
-------------------------------------------
v_0: 0.00000      	 v_1: -0.133333    
-------------------------------------------
z_0: -1.33333     	 z_1: 1.33333      
m_0: 0.0240741    	 m_1: -0.0240741   
r_0: 2.00000      	 r_1: 2.00000      
v_0: -0.133333    	 v_1: -0.133333    
-------------------------------------------
z_0: 1.33333      	 z_1: 4.00000      
-------------------------------------------
z_0: -1.33333     	 z_1: 1.33333      
m_0: 0.0240741    	 m_1: -0.0240741   
r_0: 2.00000      	 r_1: 2.00000      
v_0: -0.133333    	 v_1: -0.133333    
-------------------------------------------
z_0: 1.33333      	 z_1: 4.00000      
m_0: -0.0240741   	 m_1: -0.0500000   
r_0: 2.00000      	 r_1: 2.00000      
v_0: -0.133333    	 v_1: 0.00000      
-------------------------------------------
z_0: 4.00000      	 z_1: 6.66667      
m_0: -0.0500000   	 m_1: -0.0500000   
r_0: 2.00000      	 r_1: 2.00000      
r_0: 2.00000      	 r_1: 2.00000      
v_0: 0.00000      	 v_1: -0.133333    
-------------------------------------------
z_0: -1.33333     	 z_1: 1.33333      
m_0: 0.0240741    	 m_1: -0.0240741   
r_0: 2.00000      	 r_1: 2.00000      
v_0: -0.133333    	 v_1: -0.133333    
-------------------------------------------
z_0: -4.00000     	 z_1: -1.33333     
m_0: 0.0500000    	 m_1: 0.0240741    
r_0: 2.00000      	 r_1: 2.00000      
v_0: 0.00000      	 v_1: -0.133333    
-------------------------------------------
m_0: -0.0240741   	 m_1: -0.0500000   
r_0: 2.00000      	 r_1: 2.00000      
v_0: -0.133333    	 v_1: 0.00000      
-------------------------------------------
z_0: 4.00000      	 z_1: 6.66667      
m_0: -0.0500000   	 m_1: -0.0500000   
r_0: 2.00000      	 r_1: 2.00000      
r_0: 2.00000      	 r_1: 2.00000      
v_0: -0.133333    	 v_1: -0.133333    
-------------------------------------------
z_0: 1.33333      	 z_1: 4.00000      
m_0: -0.0240741   	 m_1: -0.0500000   
r_0: 2.00000      	 r_1: 2.00000      
v_0: -0.133333    	 v_1: 0.00000      
-------------------------------------------
z_0: 4.00000      	 z_1: 6.66667      
m_0: -0.0500000   	 m_1: -0.0500000   
JobId hc3n023 Fri Jul 22 06:40:13 2016
-------------------------------------------
Sectors: 4
v_0: 0.00000      	 v_1: 0.00000      
-------------------------------------------
v_0: -0.133333    	 v_1: -0.133333    
-------------------------------------------
z_0: 1.33333      	 z_1: 4.00000      
m_0: -0.0240741   	 m_1: -0.0500000   
r_0: 2.00000      	 r_1: 2.00000      
v_0: -0.133333    	 v_1: 0.00000      
v_0: 0.00000      	 v_1: 0.00000      
-------------------------------------------
JobId hc3n034 Fri Jul 22 06:40:14 2016
-------------------------------------------
z_0: -1.33333     	 z_1: 1.33333      
m_0: 0.0240741    	 m_1: -0.0240741   
r_0: 2.00000      	 r_1: 2.00000      
v_0: -0.133333    	 v_1: -0.133333    
-------------------------------------------
z_0: 1.33333      	 z_1: 4.00000      
v_0: 0.00000      	 v_1: 0.00000      
-------------------------------------------
z_0: -1.33333     	 z_1: 1.33333      
m_0: 0.0240741    	 m_1: -0.0240741   
r_0: 2.00000      	 r_1: 2.00000      
v_0: -0.133333    	 v_1: -0.133333    
-------------------------------------------
Sectors: 4
v_0: -0.133333    	 v_1: 0.00000      
-------------------------------------------
z_0: 4.00000      	 z_1: 6.66667      
m_0: -0.0500000   	 m_1: -0.0500000   
r_0: 2.00000      	 r_1: 2.00000      
v_0: 0.00000      	 v_1: 0.00000      
-------------------------------------------
v_0: -0.133333    	 v_1: -0.133333    
-------------------------------------------
z_0: 1.33333      	 z_1: 4.00000      
m_0: -0.0240741   	 m_1: -0.0500000   
r_0: 2.00000      	 r_1: 2.00000      
v_0: -0.133333    	 v_1: 0.00000      
-------------------------------------------
m_0: -0.0240741   	 m_1: -0.0500000   
r_0: 2.00000      	 r_1: 2.00000      
v_0: -0.133333    	 v_1: 0.00000      
-------------------------------------------
z_0: 4.00000      	 z_1: 6.66667      
m_0: -0.0500000   	 m_1: -0.0500000   
r_0: 2.00000      	 r_1: 2.00000      
v_0: 0.00000      	 v_1: 0.00000      
-------------------------------------------
JobId hc3n311 Fri Jul 22 06:40:14 2016
z_0: 1.33333      	 z_1: 4.00000      
m_0: -0.0240741   	 m_1: -0.0500000   
r_0: 2.00000      	 r_1: 2.00000      
v_0: -0.133333    	 v_1: 0.00000      
-------------------------------------------
z_0: 4.00000      	 z_1: 6.66667      
m_0: 0.0500000    	 m_1: 0.0240741    
r_0: 2.00000      	 r_1: 2.00000      
v_0: 0.00000      	 v_1: -0.133333    
-------------------------------------------
z_0: -1.33333     	 z_1: 1.33333      
m_0: 0.0240741    	 m_1: -0.0240741   
r_0: 2.00000      	 r_1: 2.00000      
-------------------------------------------
Sectors: 4
z_0: -4.00000     	 z_1: -1.33333     
m_0: 0.0500000    	 m_1: 0.0240741    
r_0: 2.00000      	 r_1: 2.00000      
v_0: 0.00000      	 v_1: -0.133333    
-------------------------------------------
z_0: -1.33333     	 z_1: 1.33333      
m_0: 0.0240741    	 m_1: -0.0240741   
m_0: -0.0240741   	 m_1: -0.0500000   
r_0: 2.00000      	 r_1: 2.00000      
v_0: -0.133333    	 v_1: 0.00000      
-------------------------------------------
z_0: 4.00000      	 z_1: 6.66667      
m_0: -0.0500000   	 m_1: -0.0500000   
r_0: 2.00000      	 r_1: 2.00000      
v_0: 0.00000      	 v_1: 0.00000      
-------------------------------------------
v_0: 0.00000      	 v_1: 0.00000      
-------------------------------------------
z_0: 1.33333      	 z_1: 4.00000      
m_0: -0.0240741   	 m_1: -0.0500000   
r_0: 2.00000      	 r_1: 2.00000      
v_0: -0.133333    	 v_1: 0.00000      
-------------------------------------------
z_0: 4.00000      	 z_1: 6.66667      
m_0: -0.0500000   	 m_1: -0.0500000   
r_0: 2.00000      	 r_1: 2.00000      
v_0: 0.00000      	 v_1: 0.00000      
-------------------------------------------
z_0: -1.33333     	 z_1: 1.33333      
m_0: 0.0240741    	 m_1: -0.0240741   
r_0: 2.00000      	 r_1: 2.00000      
v_0: 0.00000      	 v_1: 0.00000      
-------------------------------------------
r_0: 2.00000      	 r_1: 2.00000      
v_0: 0.00000      	 v_1: 0.00000      
-------------------------------------------
z_0: -4.00000     	 z_1: -1.33333     
m_0: 0.0500000    	 m_1: 0.0240741    
r_0: 2.00000      	 r_1: 2.00000      
Sectors: 4
z_0: -4.00000     	 z_1: -1.33333     
m_0: 0.0500000    	 m_1: 0.0240741    
r_0: 2.00000      	 r_1: 2.00000      
v_0: 0.00000      	 v_1: -0.133333    
-------------------------------------------
r_0: 2.00000      	 r_1: 2.00000      
v_0: -0.133333    	 v_1: -0.133333    
-------------------------------------------
z_0: 1.33333      	 z_1: 4.00000      
m_0: -0.0240741   	 m_1: -0.0500000   
r_0: 2.00000      	 r_1: 2.00000      
v_0: -0.133333    	 v_1: 0.00000      
-------------------------------------------
z_0: 4.00000      	 z_1: 6.66667      
m_0: -0.0500000   	 m_1: -0.0500000   
v_0: -0.133333    	 v_1: -0.133333    
-------------------------------------------
z_0: 1.33333      	 z_1: 4.00000      
m_0: -0.0240741   	 m_1: -0.0500000   
r_0: 2.00000      	 r_1: 2.00000      
v_0: 0.00000      	 v_1: -0.133333    
-------------------------------------------
z_0: -1.33333     	 z_1: 1.33333      
m_0: 0.0240741    	 m_1: -0.0240741   
z_0: -1.33333     	 z_1: 1.33333      
m_0: 0.0240741    	 m_1: -0.0240741   
r_0: 2.00000      	 r_1: 2.00000      
v_0: -0.133333    	 v_1: -0.133333    
-------------------------------------------
z_0: 1.33333      	 z_1: 4.00000      
m_0: -0.0240741   	 m_1: -0.0500000   
r_0: 2.00000      	 r_1: 2.00000      
v_0: -0.133333    	 v_1: 0.00000      
-------------------------------------------
z_0: 4.00000      	 z_1: 6.66667      
m_0: -0.0500000   	 m_1: -0.0500000   
r_0: 2.00000      	 r_1: 2.00000      
v_0: 0.00000      	 v_1: 0.00000      
-------------------------------------------
-------------------------------------------
z_0: 4.00000      	 z_1: 6.66667      
m_0: -0.0500000   	 m_1: -0.0500000   
r_0: 2.00000      	 r_1: 2.00000      
v_0: 0.00000      	 v_1: 0.00000      
-------------------------------------------
JobId hc3n028 Fri Jul 22 06:40:13 2016
-------------------------------------------
Sectors: 4
z_0: -4.00000     	 z_1: -1.33333     
m_0: -0.0240741   	 m_1: -0.0500000   
r_0: 2.00000      	 r_1: 2.00000      
v_0: -0.133333    	 v_1: 0.00000      
-------------------------------------------
-------------------------------------------
z_0: 1.33333      	 z_1: 4.00000      
m_0: -0.0240741   	 m_1: -0.0500000   
r_0: 2.00000      	 r_1: 2.00000      
v_0: -0.133333    	 v_1: 0.00000      
-------------------------------------------
z_0: 4.00000      	 z_1: 6.66667      
z_0: -4.00000     	 z_1: -1.33333     
m_0: 0.0500000    	 m_1: 0.0240741    
r_0: 2.00000      	 r_1: 2.00000      
z_0: 4.00000      	 z_1: 6.66667      
m_0: -0.0500000   	 m_1: -0.0500000   
r_0: 2.00000      	 r_1: 2.00000      
v_0: 0.00000      	 v_1: 0.00000      
-------------------------------------------
-------------------------------------------
Sectors: 4
m_0: -0.0500000   	 m_1: -0.0500000   
r_0: 2.00000      	 r_1: 2.00000      
v_0: 0.00000      	 v_1: 0.00000      
-------------------------------------------
v_0: -0.133333    	 v_1: -0.133333    
-------------------------------------------
z_0: 1.33333      	 z_1: 4.00000      
m_0: -0.0240741   	 m_1: -0.0500000   
r_0: 2.00000      	 r_1: 2.00000      
v_0: -0.133333    	 v_1: 0.00000      
-------------------------------------------
Sectors: 4
z_0: -4.00000     	 z_1: -1.33333     
z_0: 4.00000      	 z_1: 6.66667      
m_0: -0.0500000   	 m_1: -0.0500000   
r_0: 2.00000      	 r_1: 2.00000      
v_0: 0.00000      	 v_1: 0.00000      
-------------------------------------------
z_0: -4.00000     	 z_1: -1.33333     
m_0: 0.0500000    	 m_1: 0.0240741    
r_0: 2.00000      	 r_1: 2.00000      
v_0: 0.00000      	 v_1: -0.133333    
-------------------------------------------
z_0: -1.33333     	 z_1: 1.33333      
m_0: 0.0240741    	 m_1: -0.0240741   
r_0: 2.00000      	 r_1: 2.00000      
v_0: 0.00000      	 v_1: 0.00000      
-------------------------------------------
v_0: -0.133333    	 v_1: 0.00000      
-------------------------------------------
z_0: 4.00000      	 z_1: 6.66667      
m_0: -0.0500000   	 m_1: -0.0500000   
r_0: 2.00000      	 r_1: 2.00000      
v_0: 0.00000      	 v_1: 0.00000      
-------------------------------------------
r_0: 2.00000      	 r_1: 2.00000      
v_0: -0.133333    	 v_1: -0.133333    
-------------------------------------------
z_0: 1.33333      	 z_1: 4.00000      
m_0: -0.0240741   	 m_1: -0.0500000   
r_0: 2.00000      	 r_1: 2.00000      
v_0: -0.133333    	 v_1: 0.00000      
r_0: 2.00000      	 r_1: 2.00000      
v_0: -0.133333    	 v_1: 0.00000      
-------------------------------------------
z_0: 4.00000      	 z_1: 6.66667      
m_0: -0.0500000   	 m_1: -0.0500000   
r_0: 2.00000      	 r_1: 2.00000      
-------------------------------------------
m_0: 0.0500000    	 m_1: 0.0240741    
r_0: 2.00000      	 r_1: 2.00000      
v_0: 0.00000      	 v_1: -0.133333    
-------------------------------------------
z_0: -1.33333     	 z_1: 1.33333      
m_0: 0.0240741    	 m_1: -0.0240741   
z_0: 4.00000      	 z_1: 6.66667      
m_0: -0.0500000   	 m_1: -0.0500000   
r_0: 2.00000      	 r_1: 2.00000      
v_0: 0.00000      	 v_1: 0.00000      
-------------------------------------------
m_0: -0.0500000   	 m_1: -0.0500000   
r_0: 2.00000      	 r_1: 2.00000      
v_0: 0.00000      	 v_1: 0.00000      
-------------------------------------------
v_0: 0.00000      	 v_1: -0.133333    
-------------------------------------------
z_0: -1.33333     	 z_1: 1.33333      
m_0: 0.0240741    	 m_1: -0.0240741   
r_0: 2.00000      	 r_1: 2.00000      
v_0: -0.133333    	 v_1: -0.133333    
-------------------------------------------
z_0: 1.33333      	 z_1: 4.00000      
m_0: -0.0240741   	 m_1: -0.0500000   
r_0: 2.00000      	 r_1: 2.00000      
v_0: -0.133333    	 v_1: 0.00000      
-------------------------------------------
z_0: 4.00000      	 z_1: 6.66667      
m_0: -0.0500000   	 m_1: -0.0500000   
r_0: 2.00000      	 r_1: 2.00000      
m_0: 0.0500000    	 m_1: 0.0240741    
r_0: 2.00000      	 r_1: 2.00000      
v_0: 0.00000      	 v_1: -0.133333    
-------------------------------------------
z_0: -1.33333     	 z_1: 1.33333      
m_0: 0.0240741    	 m_1: -0.0240741   
r_0: 2.00000      	 r_1: 2.00000      
r_0: 2.00000      	 r_1: 2.00000      
v_0: -0.133333    	 v_1: -0.133333    
-------------------------------------------
z_0: 1.33333      	 z_1: 4.00000      
m_0: -0.0240741   	 m_1: -0.0500000   
r_0: 2.00000      	 r_1: 2.00000      
v_0: -0.133333    	 v_1: 0.00000      
-------------------------------------------
z_0: 4.00000      	 z_1: 6.66667      
m_0: -0.0500000   	 m_1: -0.0500000   
-------------------------------------------
z_0: 4.00000      	 z_1: 6.66667      
m_0: -0.0500000   	 m_1: -0.0500000   
r_0: 2.00000      	 r_1: 2.00000      
v_0: 0.00000      	 v_1: 0.00000      
v_0: 0.00000      	 v_1: 0.00000      
-------------------------------------------
Sectors: 4
z_0: -4.00000     	 z_1: -1.33333     
m_0: 0.0500000    	 m_1: 0.0240741    
r_0: 2.00000      	 r_1: 2.00000      
r_0: 2.00000      	 r_1: 2.00000      
v_0: -0.133333    	 v_1: -0.133333    
-------------------------------------------
z_0: 1.33333      	 z_1: 4.00000      
r_0: 2.00000      	 r_1: 2.00000      
v_0: 0.00000      	 v_1: 0.00000      
-------------------------------------------
-------------------------------------------
v_0: 0.00000      	 v_1: -0.133333    
-------------------------------------------
z_0: -1.33333     	 z_1: 1.33333      
m_0: 0.0240741    	 m_1: -0.0240741   
r_0: 2.00000      	 r_1: 2.00000      
v_0: -0.133333    	 v_1: -0.133333    
-------------------------------------------
z_0: 1.33333      	 z_1: 4.00000      
m_0: -0.0240741   	 m_1: -0.0500000   
m_0: -0.0240741   	 m_1: -0.0500000   
r_0: 2.00000      	 r_1: 2.00000      
v_0: -0.133333    	 v_1: 0.00000      
-------------------------------------------
z_0: 4.00000      	 z_1: 6.66667      
m_0: -0.0500000   	 m_1: -0.0500000   
r_0: 2.00000      	 r_1: 2.00000      
v_0: 0.00000      	 v_1: 0.00000      
-------------------------------------------
v_0: -0.133333    	 v_1: -0.133333    
-------------------------------------------
z_0: 1.33333      	 z_1: 4.00000      
m_0: -0.0240741   	 m_1: -0.0500000   
r_0: 2.00000      	 r_1: 2.00000      
v_0: -0.133333    	 v_1: 0.00000      
-------------------------------------------
z_0: 4.00000      	 z_1: 6.66667      
m_0: -0.0500000   	 m_1: -0.0500000   
r_0: 2.00000      	 r_1: 2.00000      
r_0: 2.00000      	 r_1: 2.00000      
v_0: -0.133333    	 v_1: 0.00000      
-------------------------------------------
z_0: 4.00000      	 z_1: 6.66667      
m_0: -0.0500000   	 m_1: -0.0500000   
r_0: 2.00000      	 r_1: 2.00000      
v_0: 0.00000      	 v_1: 0.00000      
v_0: 0.00000      	 v_1: 0.00000      
-------------------------------------------
v_0: 0.00000      	 v_1: 0.00000      
-------------------------------------------
-------------------------------------------
Mesh info:
 dimension: 3
 no. of cells: 869
 boundary indicators: 0(678 times) 
Mesh info:
 dimension: 3
 no. of cells: 869
 boundary indicators: 0(678 times) 
Mesh info:
 dimension: 3
 no. of cells: 869
 boundary indicators: 0(678 times) 
Mesh info:
 dimension: 3
 no. of cells: 869
 boundary indicators: 0(678 times) 
Mesh info:
 dimension: 3
 no. of cells: 722
 boundary indicators: 0(657 times) 
Mesh info:
 dimension: 3
 no. of cells: 722
 boundary indicators: 0(657 times) 
 written to solutions/run9/grid44.vtk

 written to solutions/run9/grid45.vtk

 written to solutions/run9/grid29.vtk

 written to solutions/run9/grid28.vtk

Mesh info:
 dimension: 3
 no. of cells: 869
 boundary indicators: 0(678 times) 
Mesh info:
 dimension: 3
 no. of cells: 869
Mesh info:
 dimension: 3
 no. of cells: 869
 boundary indicators: 0(678 times) 
 boundary indicators: 0(678 times) 
Mesh info:
 dimension: 3
 no. of cells: 869
Mesh info:
 dimension: 3
 no. of cells: 869
 boundary indicators: 0(678 times) 
 boundary indicators: 0(678 times) 
Mesh info:
 dimension: 3
 no. of cells: 869
 boundary indicators: 0(678 times) 
Mesh info:
 dimension: 3
 no. of cells: 869
Mesh info:
 dimension: 3
 no. of cells: 869
Mesh info:
 dimension: 3
 no. of cells: 869
 boundary indicators: 0(678 times) 
Mesh info:
 dimension: 3
 no. of cells: 869
 boundary indicators: 0(678 times) 
 boundary indicators: 0(678 times) 
 boundary indicators: 0(678 times) 
Mesh info:
 dimension: 3
 no. of cells: 869
 boundary indicators: 0(678 times) 
Mesh info:
 dimension: 3
 no. of cells: 869
Mesh info:
 dimension: 3
 no. of cells: 869
 boundary indicators: 0(678 times) 
Mesh info:
 dimension: 3
 no. of cells: 869
 boundary indicators: 0(678 times) 
 boundary indicators: 0(678 times) 
Mesh info:
 dimension: 3
 no. of cells: 869
 boundary indicators: 0(678 times) 
Mesh info:
 dimension: 3
 no. of cells: 869
 boundary indicators: 0(678 times) 
Mesh info:
 dimension: 3
 no. of cells: 869
 boundary indicators: 0(678 times) 
Mesh info:
 dimension: 3
 no. of cells: 869
 boundary indicators: 0(678 times) 
Mesh info:
 dimension: 3
 no. of cells: 869
Mesh info:
 dimension: 3
 no. of cells: 869
 boundary indicators: 0(681 times) 
 boundary indicators: 0(678 times) 
Mesh info:
 dimension: 3
 no. of cells: 869
Mesh info:
 dimension: 3
 no. of cells: 869
 boundary indicators: 0(678 times) 
 boundary indicators: 0(678 times) 
Mesh info:
 dimension: 3
 no. of cells: 869
Mesh info:
 dimension: 3
 no. of cells: 869
 boundary indicators: 0(678 times) 
 boundary indicators: 0(678 times) 
Mesh info:
 dimension: 3
 no. of cells: 869
Mesh info:
 dimension: 3
 no. of cells: 869
Mesh info:
 dimension: 3
 no. of cells: 869
 boundary indicators: 0(678 times) 
 boundary indicators: 0(678 times) 
 boundary indicators: 0(678 times) 
Mesh info:
 dimension: 3
 no. of cells: 869
Mesh info:
 dimension: 3
 no. of cells: 869
 boundary indicators: 0(678 times) 
Mesh info:
 dimension: 3
 no. of cells: 869
 boundary indicators: 0(678 times) 
Mesh info:
 dimension: 3
 no. of cells: 869
 boundary indicators: 0(681 times) 
Mesh info:
 dimension: 3
 no. of cells: 869
 boundary indicators: 0(678 times) 
 boundary indicators: 0(678 times) 
Mesh info:
 dimension: 3
 no. of cells: 869
Mesh info:
 dimension: 3
 no. of cells: 869
 boundary indicators: 0(678 times) 
 boundary indicators: 0(678 times) 
Mesh info:
 dimension: 3
 no. of cells: 869
 boundary indicators: 0(678 times) 
Mesh info:
 dimension: 3
 no. of cells: 869
 boundary indicators: 0(678 times) 
Mesh info:
 dimension: 3
 no. of cells: 869
 boundary indicators: 0(678 times) 
Mesh info:
 dimension: 3
 no. of cells: 869
Mesh info:
 dimension: 3
 no. of cells: 869
 boundary indicators: 0(678 times) 
 boundary indicators: 0(678 times) 
Mesh info:
 dimension: 3
 no. of cells: 869
Mesh info:
 dimension: 3
 no. of cells: 869
Mesh info:
 dimension: 3
 no. of cells: 869
 boundary indicators: 0(678 times) 
 boundary indicators: 0(678 times) 
Mesh info:
 dimension: 3
 no. of cells: 869
Mesh info:
 dimension: 3
 no. of cells: 869
Mesh info:
 dimension: 3
 no. of cells: 869
Mesh info:
 dimension: 3
 boundary indicators: 0(678 times) 
 boundary indicators: 0(678 times) 
 boundary indicators: 0(678 times) 
Mesh info:
 dimension: 3
 no. of cells: 869
Mesh info:
 dimension: 3
 no. of cells: 869
 no. of cells: 869
Mesh info:
 dimension: 3
 no. of cells: 869
Mesh info:
 dimension: 3
 no. of cells: 869
 boundary indicators: 0(678 times) 
 boundary indicators: 0(678 times) 
 boundary indicators: 0(678 times) 
 boundary indicators: 0(678 times) 
Mesh info:
 dimension: 3
 no. of cells: 869
 boundary indicators: 0(678 times) 
 boundary indicators: 0(678 times) 
 boundary indicators: 0(678 times) 
Mesh info:
 dimension: 3
 no. of cells: 869
 boundary indicators: 0(678 times) 
Mesh info:
 dimension: 3
 no. of cells: 869
Mesh info:
 dimension: 3
 no. of cells: 869
Mesh info:
 dimension: 3
 no. of cells: 869
 boundary indicators: 0(678 times) 
 boundary indicators: 0(678 times) 
Mesh info:
 dimension: 3
 no. of cells: 869
 boundary indicators: 0(678 times) 
 boundary indicators: 0(678 times) 
Mesh info:
 dimension: 3
 no. of cells: 869
 boundary indicators: 0(678 times) 
Mesh info:
 dimension: 3
 no. of cells: 869
 boundary indicators: 0(678 times) 
 written to solutions/run9/grid0.vtk

 written to solutions/run9/grid63.vtk

 written to solutions/run9/grid1.vtk

 written to solutions/run9/grid5.vtk

 written to solutions/run9/grid59.vtk

 written to solutions/run9/grid36.vtk

 written to solutions/run9/grid37.vtk

 written to solutions/run9/grid58.vtk

 written to solutions/run9/grid62.vtk

 written to solutions/run9/grid35.vtk

 written to solutions/run9/grid18.vtk

 written to solutions/run9/grid34.vtk

 written to solutions/run9/grid25.vtk

 written to solutions/run9/grid24.vtk

 written to solutions/run9/grid19.vtk

 written to solutions/run9/grid31.vtk

 written to solutions/run9/grid23.vtk

 written to solutions/run9/grid3.vtk

 written to solutions/run9/grid22.vtk

 written to solutions/run9/grid30.vtk

 written to solutions/run9/grid2.vtk

 written to solutions/run9/grid15.vtk

 written to solutions/run9/grid9.vtk

 written to solutions/run9/grid14.vtk

 written to solutions/run9/grid8.vtk

 written to solutions/run9/grid55.vtk

 written to solutions/run9/grid26.vtk

 written to solutions/run9/grid27.vtk

 written to solutions/run9/grid10.vtk

 written to solutions/run9/grid51.vtk

 written to solutions/run9/grid11.vtk

 written to solutions/run9/grid50.vtk

 written to solutions/run9/grid60.vtk

 written to solutions/run9/grid54.vtk

 written to solutions/run9/grid61.vtk

 written to solutions/run9/grid57.vtk

 written to solutions/run9/grid56.vtk

 written to solutions/run9/grid48.vtk

 written to solutions/run9/grid7.vtk

 written to solutions/run9/grid49.vtk

 written to solutions/run9/grid6.vtk

 written to solutions/run9/grid47.vtk

 written to solutions/run9/grid46.vtk

 written to solutions/run9/grid43.vtk

 written to solutions/run9/grid39.vtk

 written to solutions/run9/grid38.vtk

 written to solutions/run9/grid42.vtk

 written to solutions/run9/grid32.vtk

 written to solutions/run9/grid33.vtk

 written to solutions/run9/grid4.vtk

 written to solutions/run9/grid21.vtk

 written to solutions/run9/grid20.vtk

 written to solutions/run9/grid52.vtk

 written to solutions/run9/grid53.vtk

 written to solutions/run9/grid13.vtk

 written to solutions/run9/grid12.vtk

 written to solutions/run9/grid41.vtk

 written to solutions/run9/grid40.vtk

 written to solutions/run9/grid17.vtk

 written to solutions/run9/grid16.vtk

Distributing Degrees of freedom.
Renumbering DOFs (Downstream...)
Number of degrees of freedom: 230688
Renumbering DOFs (Custom...)
Reordering done.
Constructing Sparsity Patterns and Constrain Matrices ... done
done
Initialization done.
Done.
-------------------------------------
Dofs per cell: 24
Quadrature Formula Size: 8
Dofs per face: 8
Dofs per line: 2
Starting Assemblation process
Assembling done. L2-Norm of RHS: 260.741
4000-0 done building matrix. Init Sweep.
0
1
2
3
4
5
6
7
8
9
10
11
12
13
14
15
16
17
18
19
20
21
22
23
24
25
26
27
28
29
30
31
32
33
34
35
36
37
38
39
40
41
42
43
44
45
46
47
48
49
50
51
52
53
54
55
56
57
58
59
60
61
62
63
4000-63 done building matrix. Init Sweep.
4000-41 done building matrix. Init Sweep.
4000-57 done building matrix. Init Sweep.
4000-21 done building matrix. Init Sweep.
4000-36 done building matrix. Init Sweep.
4000-34 done building matrix. Init Sweep.
4000-53 done building matrix. Init Sweep.
4000-10 done building matrix. Init Sweep.
4000-13 done building matrix. Init Sweep.
4000-6 done building matrix. Init Sweep.
4000-28 done building matrix. Init Sweep.
4000-56 done building matrix. Init Sweep.
4000-55 done building matrix. Init Sweep.
4000-11 done building matrix. Init Sweep.
4000-7 done building matrix. Init Sweep.
4000-52 done building matrix. Init Sweep.
4000-44 done building matrix. Init Sweep.
4000-26 done building matrix. Init Sweep.
4000-8 done building matrix. Init Sweep.
4000-27 done building matrix. Init Sweep.
4000-50 done building matrix. Init Sweep.
4000-42 done building matrix. Init Sweep.
4000-24 done building matrix. Init Sweep.
4000-45 done building matrix. Init Sweep.
4000-22 done building matrix. Init Sweep.
4000-61 done building matrix. Init Sweep.
4000-40 done building matrix. Init Sweep.
4000-2 done building matrix. Init Sweep.
4000-62 done building matrix. Init Sweep.
4000-48 done building matrix. Init Sweep.
4000-47 done building matrix. Init Sweep.
4000-60 done building matrix. Init Sweep.
4000-20 done building matrix. Init Sweep.
4000-12 done building matrix. Init Sweep.
4000-37 done building matrix. Init Sweep.
4000-54 done building matrix. Init Sweep.
4000-29 done building matrix. Init Sweep.
4000-43 done building matrix. Init Sweep.
4000-14 done building matrix. Init Sweep.
4000-59 done building matrix. Init Sweep.
4000-18 done building matrix. Init Sweep.
4000-3 done building matrix. Init Sweep.
4000-30 done building matrix. Init Sweep.
4000-49 done building matrix. Init Sweep.
4000-19 done building matrix. Init Sweep.
4000-16 done building matrix. Init Sweep.
4000-35 done building matrix. Init Sweep.
4000-38 done building matrix. Init Sweep.
4000-15 done building matrix. Init Sweep.
4000-58 done building matrix. Init Sweep.
4000-33 done building matrix. Init Sweep.
4000-51 done building matrix. Init Sweep.
4000-46 done building matrix. Init Sweep.
4000-25 done building matrix. Init Sweep.
4000-32 done building matrix. Init Sweep.
4000-5 done building matrix. Init Sweep.
4000-1 done building matrix. Init Sweep.
4000-23 done building matrix. Init Sweep.
4000-31 done building matrix. Init Sweep.
4000-17 done building matrix. Init Sweep.
4000-4 done building matrix. Init Sweep.
4000-9 done building matrix. Init Sweep.
4000-39 done building matrix. Init Sweep.
Solving... --------------------------------------------------------------------------
mpirun noticed that process rank 0 with PID 29844 on node hc3n013 exited on signal 6 (Aborted).
--------------------------------------------------------------------------
================================================================================
Job 211704 completed at 22.07.2016/06:49:22 (COMPLETED)

+++ Mail send to mx3529 +++
