Universitaet Karlsruhe / Rechenzentrum   +++ hc3 +++   JMS 2.3 / slurm 15.08.11
Job 211619 has been submitted at 21.07.2016/13:44:48 on hc3n994
Command: job_submit -t 600 -m 8188 -c p -p 16 -J WaveguideOptimization_6 ./main
Job 211619 started at 21.07.2016/13:45:06 on hc3n058
16 tasks running on 8 nodes exclusive: 2*hc3n[058,076,094,112,130,148,166,184]
================================================================================
Will write solutions to solutions/run4
JobId hc3n058 Thu Jul 21 13:45:06 2016
-------------------------------------------
Sectors: 4
z_0: -4.00000     	 z_1: -1.33333     
m_0: 0.0500000    	 m_1: 0.0240741    
r_0: 2.00000      	 r_1: 2.00000      
v_0: 0.00000      	 v_1: -0.133333    
-------------------------------------------
z_0: -1.33333     	 z_1: 1.33333      
m_0: 0.0240741    	 m_1: -0.0240741   
r_0: 2.00000      	 r_1: 2.00000      
v_0: -0.133333    	 v_1: -0.133333    
-------------------------------------------
z_0: 1.33333      	 z_1: 4.00000      
m_0: -0.0240741   	 m_1: -0.0500000   
r_0: 2.00000      	 r_1: 2.00000      
v_0: -0.133333    	 v_1: 0.00000      
-------------------------------------------
z_0: 4.00000      	 z_1: 6.66667      
m_0: -0.0500000   	 m_1: -0.0500000   
r_0: 2.00000      	 r_1: 2.00000      
v_0: 0.00000      	 v_1: 0.00000      
-------------------------------------------
Residual Count: 0
Mesh info:
 dimension: 3
 no. of cells: 512
 boundary indicators: 0(384 times) 
 written to solutions/run4/grid0.vtk

Distributing Degrees of freedom.
Renumbering DOFs (Downstream...)
Number of degrees of freedom: 3888
Renumbering DOFs (Custom...)
Adding Block 1 from 0 to 3887
Storing details in Waveguidestructure->case_sectors...
Reordering done.
Constructing Sparsity Patterns and Constrain Matrices ... done
done
Initialization done.
Done.
-------------------------------------
Dofs per cell: 24
Quadrature Formula Size: 8
Dofs per face: 8
Dofs per line: 2
Starting Assemblation process
Assembling done. L2-Norm of RHS: 5.22708
4000-0 done building matrix. Init Sweep.
0
Solving... DEAL:GMRES::Check 0	28.1325
DEAL:GMRES::Starting value 28.1325
DEAL:GMRES::Convergence step 1 value 7.22695e-13
Done.
A Solution was calculated!
Starting Evaluation
Done Gathering Qualities!


+---------------------------------------------+------------+------------+
| Total wallclock time elapsed since start    |      14.7s |            |
|                                             |            |            |
| Section                         | no. calls |  wall time | % of total |
+---------------------------------+-----------+------------+------------+
| Assemble                        |         1 |      3.50s |       24.% |
| Evaluate                        |         1 |     0.115s |      0.78% |
| Reset                           |         1 |  9.54e-07s |   6.5e-06% |
| Setup FEM                       |         1 |    0.0890s |      0.60% |
| Setup Mesh                      |         1 |    0.0741s |      0.50% |
| Solve                           |         1 |      11.0s |       74.% |
+---------------------------------+-----------+------------+------------+

Run Complete for proc. 0, calculating Gradient
Residuals: 
Starting gradient estimation
Gradient step 1 starting ...
Reinit for rerun.
0-1-2-3Assemble for rerun.
Dofs per cell: 24
Quadrature Formula Size: 8
Dofs per face: 8
Dofs per line: 2
Starting Assemblation process
Assembling done. L2-Norm of RHS: 5.22708
Solve for rerun.
4000-0 done building matrix. Init Sweep.
0
Solving... DEAL:GMRES::Check 0	5.13977
DEAL:GMRES::Starting value 5.13977
DEAL:GMRES::Convergence step 1 value 6.09578e-15
Done.
A Solution was calculated!
Evaluate for rerun.
Starting Evaluation
Done Gathering Qualities!


+---------------------------------------------+------------+------------+
| Total wallclock time elapsed since start    |      14.7s |            |
|                                             |            |            |
| Section                         | no. calls |  wall time | % of total |
+---------------------------------+-----------+------------+------------+
| Assemble                        |         1 |      3.50s |       24.% |
| Evaluate                        |         1 |     0.114s |      0.78% |
| Reset                           |         1 |  0.000445s |    0.0030% |
| Setup FEM                       |         1 |  9.54e-07s |   6.5e-06% |
| Setup Mesh                      |         1 |  1.91e-06s |   1.3e-05% |
| Solve                           |         1 |      10.9s |       75.% |
+---------------------------------+-----------+------------+------------+

Gradient step 1 of 6 done.
Gradient step 2 starting ...
Reinit for rerun.
0-1-2-3Assemble for rerun.
Dofs per cell: 24
Quadrature Formula Size: 8
Dofs per face: 8
Dofs per line: 2
Starting Assemblation process
Assembling done. L2-Norm of RHS: 5.22709
Solve for rerun.
4000-0 done building matrix. Init Sweep.
0
Solving... DEAL:GMRES::Check 0	5.13977
DEAL:GMRES::Starting value 5.13977
DEAL:GMRES::Convergence step 1 value 6.45039e-15
Done.
A Solution was calculated!
Evaluate for rerun.
Starting Evaluation
Done Gathering Qualities!


+---------------------------------------------+------------+------------+
| Total wallclock time elapsed since start    |      14.5s |            |
|                                             |            |            |
| Section                         | no. calls |  wall time | % of total |
+---------------------------------+-----------+------------+------------+
| Assemble                        |         1 |      3.49s |       24.% |
| Evaluate                        |         1 |     0.115s |      0.79% |
| Reset                           |         1 |  0.000340s |    0.0023% |
| Setup FEM                       |         1 |  9.54e-07s |   6.6e-06% |
| Setup Mesh                      |         1 |  1.91e-06s |   1.3e-05% |
| Solve                           |         1 |      10.9s |       75.% |
+---------------------------------+-----------+------------+------------+

Gradient step 2 of 6 done.
Gradient step 3 starting ...
Reinit for rerun.
0-1-2-3Assemble for rerun.
Dofs per cell: 24
Quadrature Formula Size: 8
Dofs per face: 8
Dofs per line: 2
Starting Assemblation process
Assembling done. L2-Norm of RHS: 5.22708
Solve for rerun.
4000-0 done building matrix. Init Sweep.
0
Solving... DEAL:GMRES::Check 0	5.13977
DEAL:GMRES::Starting value 5.13977
DEAL:GMRES::Convergence step 1 value 1.35231e-14
Done.
A Solution was calculated!
Evaluate for rerun.
Starting Evaluation
Done Gathering Qualities!


+---------------------------------------------+------------+------------+
| Total wallclock time elapsed since start    |      14.5s |            |
|                                             |            |            |
| Section                         | no. calls |  wall time | % of total |
+---------------------------------+-----------+------------+------------+
| Assemble                        |         1 |      3.49s |       24.% |
| Evaluate                        |         1 |     0.114s |      0.78% |
| Reset                           |         1 |  0.000339s |    0.0023% |
| Setup FEM                       |         1 |  1.91e-06s |   1.3e-05% |
| Setup Mesh                      |         1 |  1.91e-06s |   1.3e-05% |
| Solve                           |         1 |      10.9s |       75.% |
+---------------------------------+-----------+------------+------------+

Gradient step 3 of 6 done.
Gradient step 4 starting ...
Reinit for rerun.
0-1-2-3Assemble for rerun.
Dofs per cell: 24
Quadrature Formula Size: 8
Dofs per face: 8
Dofs per line: 2
Starting Assemblation process
Assembling done. L2-Norm of RHS: 5.22708
Solve for rerun.
4000-0 done building matrix. Init Sweep.
0
Solving... DEAL:GMRES::Check 0	5.13977
DEAL:GMRES::Starting value 5.13977
DEAL:GMRES::Convergence step 1 value 6.89923e-15
Done.
A Solution was calculated!
Evaluate for rerun.
Starting Evaluation
Done Gathering Qualities!


+---------------------------------------------+------------+------------+
| Total wallclock time elapsed since start    |      14.5s |            |
|                                             |            |            |
| Section                         | no. calls |  wall time | % of total |
+---------------------------------+-----------+------------+------------+
| Assemble                        |         1 |      3.49s |       24.% |
| Evaluate                        |         1 |     0.114s |      0.78% |
| Reset                           |         1 |  0.000342s |    0.0024% |
| Setup FEM                       |         1 |  1.19e-06s |   8.2e-06% |
| Setup Mesh                      |         1 |  2.15e-06s |   1.5e-05% |
| Solve                           |         1 |      10.9s |       75.% |
+---------------------------------+-----------+------------+------------+

Gradient step 4 of 6 done.
Gradient step 5 starting ...
Reinit for rerun.
0-1-2-3Assemble for rerun.
Dofs per cell: 24
Quadrature Formula Size: 8
Dofs per face: 8
Dofs per line: 2
Starting Assemblation process
Assembling done. L2-Norm of RHS: 5.22708
Solve for rerun.
4000-0 done building matrix. Init Sweep.
0
Solving... DEAL:GMRES::Check 0	5.13977
DEAL:GMRES::Starting value 5.13977
DEAL:GMRES::Convergence step 1 value 8.50609e-15
Done.
A Solution was calculated!
Evaluate for rerun.
Starting Evaluation
Done Gathering Qualities!


+---------------------------------------------+------------+------------+
| Total wallclock time elapsed since start    |      14.5s |            |
|                                             |            |            |
| Section                         | no. calls |  wall time | % of total |
+---------------------------------+-----------+------------+------------+
| Assemble                        |         1 |      3.49s |       24.% |
| Evaluate                        |         1 |     0.114s |      0.78% |
| Reset                           |         1 |  0.000341s |    0.0023% |
| Setup FEM                       |         1 |  9.54e-07s |   6.6e-06% |
| Setup Mesh                      |         1 |  1.91e-06s |   1.3e-05% |
| Solve                           |         1 |      10.9s |       75.% |
+---------------------------------+-----------+------------+------------+

Gradient step 5 of 6 done.
Gradient step 6 starting ...
Reinit for rerun.
0-1-2-3Assemble for rerun.
Dofs per cell: 24
Quadrature Formula Size: 8
Dofs per face: 8
Dofs per line: 2
Starting Assemblation process
Assembling done. L2-Norm of RHS: 5.22708
Solve for rerun.
4000-0 done building matrix. Init Sweep.
0
Solving... DEAL:GMRES::Check 0	5.13977
DEAL:GMRES::Starting value 5.13977
DEAL:GMRES::Convergence step 1 value 3.45017e-15
Done.
A Solution was calculated!
Evaluate for rerun.
Starting Evaluation
Done Gathering Qualities!


+---------------------------------------------+------------+------------+
| Total wallclock time elapsed since start    |      14.5s |            |
|                                             |            |            |
| Section                         | no. calls |  wall time | % of total |
+---------------------------------+-----------+------------+------------+
| Assemble                        |         1 |      3.50s |       24.% |
| Evaluate                        |         1 |     0.114s |      0.78% |
| Reset                           |         1 |  0.000340s |    0.0023% |
| Setup FEM                       |         1 |  2.15e-06s |   1.5e-05% |
| Setup Mesh                      |         1 |  1.91e-06s |   1.3e-05% |
| Solve                           |         1 |      10.9s |       75.% |
+---------------------------------+-----------+------------+------------+

Gradient step 6 of 6 done.
All gradient steps done. Executing Gauss-Newton
Matrix D:
================================================================================
Job 211619 completed at 21.07.2016/13:46:49 (COMPLETED)
