Universitaet Karlsruhe / Rechenzentrum   +++ hc3 +++   JMS 2.3 / slurm 15.08.11
Job 211611 has been submitted at 21.07.2016/13:13:18 on hc3n994
Command: job_submit -t 600 -m 8188 -c p -p 12 -J WaveguideOptimization_2 -NbC ./main
Job 211611 started at 21.07.2016/13:13:37 on hc3n095
12 tasks running on 6 nodes exclusive: 2*hc3n[095,167,185,239,293,311]
+++ Mail send to mx3529 +++
================================================================================
Will write solutions to solutions/run1
JobId hc3n095 Thu Jul 21 13:13:42 2016
-------------------------------------------
Sectors: 4
z_0: -4.00000     	 z_1: -1.33333     
m_0: 0.0500000    	 m_1: 0.0240741    
r_0: 2.00000      	 r_1: 2.00000      
v_0: 0.00000      	 v_1: -0.133333    
-------------------------------------------
z_0: -1.33333     	 z_1: 1.33333      
m_0: 0.0240741    	 m_1: -0.0240741   
r_0: 2.00000      	 r_1: 2.00000      
v_0: -0.133333    	 v_1: -0.133333    
-------------------------------------------
z_0: 1.33333      	 z_1: 4.00000      
m_0: -0.0240741   	 m_1: -0.0500000   
r_0: 2.00000      	 r_1: 2.00000      
v_0: -0.133333    	 v_1: 0.00000      
-------------------------------------------
z_0: 4.00000      	 z_1: 6.66667      
m_0: -0.0500000   	 m_1: -0.0500000   
r_0: 2.00000      	 r_1: 2.00000      
v_0: 0.00000      	 v_1: 0.00000      
-------------------------------------------
Mesh info:
 dimension: 3
 no. of cells: 512
 boundary indicators: 0(384 times) 
 written to solutions/run1/grid0.vtk

Distributing Degrees of freedom.
Renumbering DOFs (Downstream...)
Number of degrees of freedom: 3888
Renumbering DOFs (Custom...)
Adding Block 1 from 0 to 3887
Storing details in Waveguidestructure->case_sectors...
Reordering done.
Constructing Sparsity Patterns and Constrain Matrices ... done
done
Initialization done.
Done.
-------------------------------------
Dofs per cell: 24
Quadrature Formula Size: 8
Dofs per face: 8
Dofs per line: 2
Starting Assemblation process
Assembling done. L2-Norm of RHS: 5.22708
4000-0 done building matrix. Init Sweep.
0
Solving... ================================================================================
Job 211611 completed at 21.07.2016/13:13:49 (COMPLETED)

+++ Mail send to mx3529 +++
