[hc3n058:00978] *** Process received signal ***
[hc3n058:00978] Signal: Segmentation fault (11)
[hc3n058:00978] Signal code: Address not mapped (1)
[hc3n058:00978] Failing at address: 0xe10000071a8
[hc3n058:00979] *** Process received signal ***
[hc3n058:00979] Signal: Segmentation fault (11)
[hc3n058:00979] Signal code: Address not mapped (1)
[hc3n058:00979] Failing at address: 0xe10000071a8
[hc3n058:00978] [ 0] /lib64/libpthread.so.0(+0xf850)[0x2ab7fa8cf850]
[hc3n058:00978] [ 1] ./main(_ZNSt16_Sp_counted_baseILN9__gnu_cxx12_Lock_policyE2EE10_M_releaseEv+0x13)[0x46437f]
[hc3n058:00978] [ 2] [hc3n058:00979] [ 0] /lib64/libpthread.so.0(+0xf850)[0x2b5f93321850]
[hc3n058:00979] [ 1] ./main(_ZNSt16_Sp_counted_baseILN9__gnu_cxx12_Lock_policyE2EE10_M_releaseEv+0x13)[0x46437f]
[hc3n058:00979] [ 2] [hc3n076:31623] *** Process received signal ***
[hc3n076:31623] Signal: Segmentation fault (11)
[hc3n076:31623] Signal code: Address not mapped (1)
[hc3n076:31623] Failing at address: 0xe10000071a8
[hc3n094:31101] *** Process received signal ***
[hc3n094:31101] Signal: Segmentation fault (11)
[hc3n094:31101] Signal code: Address not mapped (1)
[hc3n094:31101] Failing at address: 0xe10000071a8
[hc3n112:27046] *** Process received signal ***
[hc3n112:27046] Signal: Segmentation fault (11)
[hc3n112:27046] Signal code: Address not mapped (1)
[hc3n112:27046] Failing at address: 0xe10000071a8
[hc3n148:04413] *** Process received signal ***
[hc3n148:04413] Signal: Segmentation fault (11)
[hc3n148:04413] Signal code: Address not mapped (1)
[hc3n148:04413] Failing at address: 0xe10000071a8
[hc3n184:26918] *** Process received signal ***
[hc3n184:26918] Signal: Segmentation fault (11)
[hc3n184:26918] Signal code: Address not mapped (1)
[hc3n184:26918] Failing at address: 0xe10000071a8
[hc3n166:02830] *** Process received signal ***
[hc3n166:02830] Signal: Segmentation fault (11)
[hc3n166:02830] Signal code: Address not mapped (1)
[hc3n166:02830] Failing at address: 0xe10000071a8
[hc3n130:31654] *** Process received signal ***
[hc3n130:31654] Signal: Segmentation fault (11)
[hc3n130:31654] Signal code: Address not mapped (1)
[hc3n130:31654] Failing at address: 0xe10000071a8
[hc3n112:27045] *** Process received signal ***
[hc3n112:27045] Signal: Segmentation fault (11)
[hc3n112:27045] Signal code: Address not mapped (1)
[hc3n112:27045] Failing at address: 0xe10000071a8
[hc3n148:04414] *** Process received signal ***
[hc3n148:04414] Signal: Segmentation fault (11)
[hc3n148:04414] Signal code: Address not mapped (1)
[hc3n148:04414] Failing at address: 0xe10000071a8
[hc3n184:26919] *** Process received signal ***
[hc3n184:26919] Signal: Segmentation fault (11)
[hc3n184:26919] Signal code: Address not mapped (1)
[hc3n184:26919] Failing at address: 0xe10000071a8
[hc3n166:02831] *** Process received signal ***
[hc3n166:02831] Signal: Segmentation fault (11)
[hc3n166:02831] Signal code: Address not mapped (1)
[hc3n166:02831] Failing at address: 0xe10000071a8
[hc3n130:31655] *** Process received signal ***
[hc3n130:31655] Signal: Segmentation fault (11)
[hc3n130:31655] Signal code: Address not mapped (1)
[hc3n130:31655] Failing at address: 0xe10000071a8
[hc3n076:31622] *** Process received signal ***
[hc3n076:31622] Signal: Segmentation fault (11)
[hc3n076:31622] Signal code: Address not mapped (1)
[hc3n076:31622] Failing at address: 0xe10000071a8
[hc3n094:31102] *** Process received signal ***
[hc3n094:31102] Signal: Segmentation fault (11)
[hc3n094:31102] Signal code: Address not mapped (1)
[hc3n094:31102] Failing at address: 0xe10000071a8
/home/kit/ianm/mx3529/share/dealii/lib/libdeal_II.g.so.8.4.1(_ZN6dealii16TrilinosWrappers12SparseMatrix6reinitERKNS0_15SparsityPatternE+0x34)[0x2b5f8131f068]
[hc3n058:00979] [ 3] /home/kit/ianm/mx3529/share/dealii/lib/libdeal_II.g.so.8.4.1(_ZN6dealii16TrilinosWrappers12SparseMatrix6reinitERKNS0_15SparsityPatternE+0x34)[0x2ab7e88cd068]
[hc3n058:00978] [ 3] ./main(_ZN9WaveguideIN6dealii16TrilinosWrappers12SparseMatrixENS1_3MPI6VectorEE21reinit_preconditionerEv+0x301)[0x4574a1]
[hc3n058:00978] [ 4] ./main(_ZN9WaveguideIN6dealii16TrilinosWrappers12SparseMatrixENS1_3MPI6VectorEE21reinit_preconditionerEv+0x301)[0x4574a1]
[hc3n058:00979] [ 4] ./main(_ZN9WaveguideIN6dealii16TrilinosWrappers12SparseMatrixENS1_3MPI6VectorEE10reinit_allEv+0x19)[0x49830b]
[hc3n058:00979] [ 5] ./main(_ZN9WaveguideIN6dealii16TrilinosWrappers12SparseMatrixENS1_3MPI6VectorEE10reinit_allEv+0x19)[0x49830b]
[hc3n058:00978] [ 5] ./main(_ZN9WaveguideIN6dealii16TrilinosWrappers12SparseMatrixENS1_3MPI6VectorEE12setup_systemEv+0x1164)[0x49de28]
[hc3n058:00978] [ 6] ./main(_ZN9WaveguideIN6dealii16TrilinosWrappers12SparseMatrixENS1_3MPI6VectorEE3runEv+0xbb)[0x4a115f]
[hc3n058:00978] [ 7] ./main(_ZN9WaveguideIN6dealii16TrilinosWrappers12SparseMatrixENS1_3MPI6VectorEE12setup_systemEv+0x1164)[0x49de28]
[hc3n058:00979] [ 6] ./main(_ZN9WaveguideIN6dealii16TrilinosWrappers12SparseMatrixENS1_3MPI6VectorEE3runEv+0xbb)[0x4a115f]
[hc3n058:00979] [ 7] ./main(_ZN12OptimizationIN6dealii16TrilinosWrappers12SparseMatrixENS1_3MPI6VectorEE3runEv+0xb52)[0x4a24d2]
[hc3n058:00979] [ 8] ./main(_ZN12OptimizationIN6dealii16TrilinosWrappers12SparseMatrixENS1_3MPI6VectorEE3runEv+0xb52)[0x4a24d2]
[hc3n058:00978] [ 8] ./main(main+0x4ab)[0x45b478]
[hc3n058:00978] [ 9] /lib64/libc.so.6(__libc_start_main+0xe6)[0x2ab7ff3c7c36]
[hc3n058:00978] [10] ./main(main+0x4ab)[0x45b478]
[hc3n058:00979] [ 9] /lib64/libc.so.6(__libc_start_main+0xe6)[0x2b5f97e19c36]
[hc3n058:00979] [10] ./main[0x44c059]
[hc3n058:00979] *** End of error message ***
./main[0x44c059]
[hc3n058:00978] *** End of error message ***
