[hc3n180:23891] *** Process received signal ***
[hc3n180:23891] Signal: Segmentation fault (11)
[hc3n180:23891] Signal code: Address not mapped (1)
[hc3n180:23891] Failing at address: 0xe10000071a8
[hc3n180:23892] *** Process received signal ***
[hc3n180:23892] Signal: Segmentation fault (11)
[hc3n180:23892] Signal code: Address not mapped (1)
[hc3n180:23892] Failing at address: 0xe10000071a8
[hc3n180:23891] [ 0] /lib64/libpthread.so.0(+0xf850)[0x2b01d086d850]
[hc3n180:23891] [ 1] ./main(_ZNSt16_Sp_counted_baseILN9__gnu_cxx12_Lock_policyE2EE10_M_releaseEv+0x13)[0x463f77]
[hc3n180:23891] [ 2] [hc3n180:23892] [ 0] /lib64/libpthread.so.0(+0xf850)[0x2b8b303a4850]
[hc3n180:23892] [ 1] ./main(_ZNSt16_Sp_counted_baseILN9__gnu_cxx12_Lock_policyE2EE10_M_releaseEv+0x13)[0x463f77]
[hc3n180:23892] [ 2] [hc3n324:10925] *** Process received signal ***
[hc3n324:10925] Signal: Segmentation fault (11)
[hc3n324:10925] Signal code: Address not mapped (1)
[hc3n324:10925] Failing at address: 0xe10000071a8
[hc3n306:13034] *** Process received signal ***
[hc3n306:13034] Signal: Segmentation fault (11)
[hc3n306:13034] Signal code: Address not mapped (1)
[hc3n306:13034] Failing at address: 0xe10000071a8
[hc3n288:14393] *** Process received signal ***
[hc3n288:14393] Signal: Segmentation fault (11)
[hc3n288:14393] Signal code: Address not mapped (1)
[hc3n288:14393] Failing at address: 0xe10000071a8
[hc3n252:22592] *** Process received signal ***
[hc3n252:22592] Signal: Segmentation fault (11)
[hc3n252:22592] Signal code: Address not mapped (1)
[hc3n252:22592] Failing at address: 0xe10000071a8
[hc3n270:16692] *** Process received signal ***
[hc3n270:16692] Signal: Segmentation fault (11)
[hc3n270:16692] Signal code: Address not mapped (1)
[hc3n270:16692] Failing at address: 0xe10000071a8
[hc3n306:13035] *** Process received signal ***
[hc3n306:13035] Signal: Segmentation fault (11)
[hc3n306:13035] Signal code: Address not mapped (1)
[hc3n306:13035] Failing at address: 0xe10000071a8
[hc3n288:14394] *** Process received signal ***
[hc3n288:14394] Signal: Segmentation fault (11)
[hc3n288:14394] Signal code: Address not mapped (1)
[hc3n288:14394] Failing at address: 0xe10000071a8
[hc3n252:22593] *** Process received signal ***
[hc3n252:22593] Signal: Segmentation fault (11)
[hc3n252:22593] Signal code: Address not mapped (1)
[hc3n252:22593] Failing at address: 0xe10000071a8
[hc3n270:16693] *** Process received signal ***
[hc3n270:16693] Signal: Segmentation fault (11)
[hc3n270:16693] Signal code: Address not mapped (1)
[hc3n270:16693] Failing at address: 0xe10000071a8
[hc3n324:10926] *** Process received signal ***
[hc3n324:10926] Signal: Segmentation fault (11)
[hc3n324:10926] Signal code: Address not mapped (1)
[hc3n324:10926] Failing at address: 0xe10000071a8
/home/kit/ianm/mx3529/share/dealii/lib/libdeal_II.g.so.8.4.1(_ZN6dealii16TrilinosWrappers12SparseMatrix6reinitERKNS0_15SparsityPatternE+0x34)[0x2b01be86b068]
[hc3n180:23891] [ 3] ./main(_ZN9WaveguideIN6dealii16TrilinosWrappers12SparseMatrixENS1_3MPI6VectorEE21reinit_preconditionerEv+0x59)[0x44d54b]
[hc3n180:23891] [ 4] ./main(_ZN9WaveguideIN6dealii16TrilinosWrappers12SparseMatrixENS1_3MPI6VectorEE10reinit_allEv+0x19)[0x46bffd]
[hc3n180:23891] [ 5] ./main(_ZN9WaveguideIN6dealii16TrilinosWrappers12SparseMatrixENS1_3MPI6VectorEE12setup_systemEv+0x1174)[0x49d98a]
[hc3n180:23891] [ 6] ./main(_ZN9WaveguideIN6dealii16TrilinosWrappers12SparseMatrixENS1_3MPI6VectorEE3runEv+0xbb)[0x4a0cc1]
[hc3n180:23891] [ 7] ./main(_ZN12OptimizationIN6dealii16TrilinosWrappers12SparseMatrixENS1_3MPI6VectorEE3runEv+0xb52)[0x4a2034]
[hc3n180:23891] [ 8] ./main(main+0x4ab)[0x45b070]
[hc3n180:23891] /home/kit/ianm/mx3529/share/dealii/lib/libdeal_II.g.so.8.4.1(_ZN6dealii16TrilinosWrappers12SparseMatrix6reinitERKNS0_15SparsityPatternE+0x34)[0x2b8b1e3a2068]
[hc3n180:23892] [ 3] ./main(_ZN9WaveguideIN6dealii16TrilinosWrappers12SparseMatrixENS1_3MPI6VectorEE21reinit_preconditionerEv+0x59)[0x44d54b]
[hc3n180:23892] [ 4] ./main(_ZN9WaveguideIN6dealii16TrilinosWrappers12SparseMatrixENS1_3MPI6VectorEE10reinit_allEv+0x19)[0x46bffd]
[hc3n180:23892] [ 5] ./main(_ZN9WaveguideIN6dealii16TrilinosWrappers12SparseMatrixENS1_3MPI6VectorEE12setup_systemEv+0x1174)[0x49d98a]
[hc3n180:23892] [ 6] ./main(_ZN9WaveguideIN6dealii16TrilinosWrappers12SparseMatrixENS1_3MPI6VectorEE3runEv+0xbb)[0x4a0cc1]
[hc3n180:23892] [ 7] ./main(_ZN12OptimizationIN6dealii16TrilinosWrappers12SparseMatrixENS1_3MPI6VectorEE3runEv+0xb52)[0x4a2034]
[hc3n180:23892] [ 8] ./main(main+0x4ab)[0x45b070]
[hc3n180:23892] [ 9] /lib64/libc.so.6(__libc_start_main+0xe6)[0x2b8b34e9cc36]
[hc3n180:23892] [10] ./main[0x44c059]
[hc3n180:23892] *** End of error message ***
[hc3n324:10925] [ 0] /lib64/libpthread.so.0(+0xf850)[0x2b82beb73850]
[hc3n324:10925] [ 1] ./main(_ZNSt16_Sp_counted_baseILN9__gnu_cxx12_Lock_policyE2EE10_M_releaseEv+0x13)[0x463f77]
[hc3n324:10925] [ 2] [hc3n306:13034] [ 0] /lib64/libpthread.so.0(+0xf850)[0x2b1a3e0f8850]
[hc3n306:13034] [ 1] ./main(_ZNSt16_Sp_counted_baseILN9__gnu_cxx12_Lock_policyE2EE10_M_releaseEv+0x13)[0x463f77]
[hc3n306:13034] [ 2] [hc3n288:14393] [ 0] /lib64/libpthread.so.0(+0xf850)[0x2b0b6b25e850]
[hc3n288:14393] [ 1] ./main(_ZNSt16_Sp_counted_baseILN9__gnu_cxx12_Lock_policyE2EE10_M_releaseEv+0x13)[0x463f77]
[hc3n288:14393] [ 2] [hc3n252:22592] [ 0] /lib64/libpthread.so.0(+0xf850)[0x2adb82645850]
[hc3n252:22592] [ 1] ./main(_ZNSt16_Sp_counted_baseILN9__gnu_cxx12_Lock_policyE2EE10_M_releaseEv+0x13)[0x463f77]
[hc3n252:22592] [ 2] [hc3n270:16693] [ 0] /lib64/libpthread.so.0(+0xf850)[0x2af7f2774850]
[hc3n270:16693] [ 1] ./main(_ZNSt16_Sp_counted_baseILN9__gnu_cxx12_Lock_policyE2EE10_M_releaseEv+0x13)[0x463f77]
[hc3n270:16693] [ 2] [ 9] /lib64/libc.so.6(__libc_start_main+0xe6)[0x2b01d5365c36]
[hc3n180:23891] [10] ./main[0x44c059]
[hc3n180:23891] *** End of error message ***
[hc3n270:16692] [ 0] /lib64/libpthread.so.0(+0xf850)[0x2ba8525b1850]
[hc3n270:16692] [ 1] ./main(_ZNSt16_Sp_counted_baseILN9__gnu_cxx12_Lock_policyE2EE10_M_releaseEv+0x13)[0x463f77]
[hc3n270:16692] [ 2] [hc3n324:10926] [ 0] /lib64/libpthread.so.0(+0xf850)[0x2afde5819850]
[hc3n324:10926] [ 1] ./main(_ZNSt16_Sp_counted_baseILN9__gnu_cxx12_Lock_policyE2EE10_M_releaseEv+0x13)[0x463f77]
[hc3n324:10926] [ 2] [hc3n306:13035] [ 0] /lib64/libpthread.so.0(+0xf850)[0x2b95e428c850]
[hc3n306:13035] [ 1] ./main(_ZNSt16_Sp_counted_baseILN9__gnu_cxx12_Lock_policyE2EE10_M_releaseEv+0x13)[0x463f77]
[hc3n306:13035] [ 2] [hc3n288:14394] [ 0] /lib64/libpthread.so.0(+0xf850)[0x2b39a6f7d850]
[hc3n288:14394] [ 1] [hc3n252:22593] [ 0] /lib64/libpthread.so.0(+0xf850)[0x2b6134518850]
[hc3n252:22593] [ 1] ./main(_ZNSt16_Sp_counted_baseILN9__gnu_cxx12_Lock_policyE2EE10_M_releaseEv+0x13)[0x463f77]
[hc3n252:22593] [ 2] /home/kit/ianm/mx3529/share/dealii/lib/libdeal_II.g.so.8.4.1(_ZN6dealii16TrilinosWrappers12SparseMatrix6reinitERKNS0_15SparsityPatternE+0x34)[0x2adb70643068]
[hc3n252:22592] [ 3] ./main(_ZN9WaveguideIN6dealii16TrilinosWrappers12SparseMatrixENS1_3MPI6VectorEE21reinit_preconditionerEv+0x59)[0x44d54b]
[hc3n252:22592] [ 4] /home/kit/ianm/mx3529/share/dealii/lib/libdeal_II.g.so.8.4.1(_ZN6dealii16TrilinosWrappers12SparseMatrix6reinitERKNS0_15SparsityPatternE+0x34)[0x2ba8405af068]
[hc3n270:16692] [ 3] ./main(_ZN9WaveguideIN6dealii16TrilinosWrappers12SparseMatrixENS1_3MPI6VectorEE21reinit_preconditionerEv+0x59)[0x44d54b]
[hc3n270:16692] [ 4] ./main(_ZN9WaveguideIN6dealii16TrilinosWrappers12SparseMatrixENS1_3MPI6VectorEE10reinit_allEv+0x19)[0x46bffd]
[hc3n270:16692] [ 5] /home/kit/ianm/mx3529/share/dealii/lib/libdeal_II.g.so.8.4.1(_ZN6dealii16TrilinosWrappers12SparseMatrix6reinitERKNS0_15SparsityPatternE+0x34)[0x2b82acb71068]
[hc3n324:10925] [ 3] ./main(_ZN9WaveguideIN6dealii16TrilinosWrappers12SparseMatrixENS1_3MPI6VectorEE21reinit_preconditionerEv+0x59)[0x44d54b]
[hc3n324:10925] [ 4] ./main(_ZN9WaveguideIN6dealii16TrilinosWrappers12SparseMatrixENS1_3MPI6VectorEE10reinit_allEv+0x19)[0x46bffd]
[hc3n324:10925] [ 5] /home/kit/ianm/mx3529/share/dealii/lib/libdeal_II.g.so.8.4.1(_ZN6dealii16TrilinosWrappers12SparseMatrix6reinitERKNS0_15SparsityPatternE+0x34)[0x2b1a2c0f6068]
[hc3n306:13034] [ 3] ./main(_ZN9WaveguideIN6dealii16TrilinosWrappers12SparseMatrixENS1_3MPI6VectorEE21reinit_preconditionerEv+0x59)[0x44d54b]
[hc3n306:13034] [ 4] ./main(_ZN9WaveguideIN6dealii16TrilinosWrappers12SparseMatrixENS1_3MPI6VectorEE10reinit_allEv+0x19)[0x46bffd]
[hc3n306:13034] [ 5] ./main(_ZNSt16_Sp_counted_baseILN9__gnu_cxx12_Lock_policyE2EE10_M_releaseEv+0x13)[0x463f77]
[hc3n288:14394] [ 2] /home/kit/ianm/mx3529/share/dealii/lib/libdeal_II.g.so.8.4.1(_ZN6dealii16TrilinosWrappers12SparseMatrix6reinitERKNS0_15SparsityPatternE+0x34)[0x2afdd3817068]
[hc3n324:10926] [ 3] ./main(_ZN9WaveguideIN6dealii16TrilinosWrappers12SparseMatrixENS1_3MPI6VectorEE21reinit_preconditionerEv+0x59)[0x44d54b]
[hc3n324:10926] [ 4] /home/kit/ianm/mx3529/share/dealii/lib/libdeal_II.g.so.8.4.1(_ZN6dealii16TrilinosWrappers12SparseMatrix6reinitERKNS0_15SparsityPatternE+0x34)[0x2b95d228a068]
[hc3n306:13035] [ 3] ./main(_ZN9WaveguideIN6dealii16TrilinosWrappers12SparseMatrixENS1_3MPI6VectorEE21reinit_preconditionerEv+0x59)[0x44d54b]
[hc3n306:13035] [ 4] ./main(_ZN9WaveguideIN6dealii16TrilinosWrappers12SparseMatrixENS1_3MPI6VectorEE10reinit_allEv+0x19)[0x46bffd]
[hc3n306:13035] [ 5] ./main(_ZN9WaveguideIN6dealii16TrilinosWrappers12SparseMatrixENS1_3MPI6VectorEE12setup_systemEv+0x1174)[0x49d98a]
[hc3n306:13035] [ 6] /home/kit/ianm/mx3529/share/dealii/lib/libdeal_II.g.so.8.4.1(_ZN6dealii16TrilinosWrappers12SparseMatrix6reinitERKNS0_15SparsityPatternE+0x34)[0x2b6122516068]
[hc3n252:22593] [ 3] ./main(_ZN9WaveguideIN6dealii16TrilinosWrappers12SparseMatrixENS1_3MPI6VectorEE21reinit_preconditionerEv+0x59)[0x44d54b]
[hc3n252:22593] [ 4] ./main(_ZN9WaveguideIN6dealii16TrilinosWrappers12SparseMatrixENS1_3MPI6VectorEE10reinit_allEv+0x19)[0x46bffd]
[hc3n252:22593] [ 5] ./main(_ZN9WaveguideIN6dealii16TrilinosWrappers12SparseMatrixENS1_3MPI6VectorEE12setup_systemEv+0x1174)[0x49d98a]
[hc3n252:22593] [ 6] /home/kit/ianm/mx3529/share/dealii/lib/libdeal_II.g.so.8.4.1(_ZN6dealii16TrilinosWrappers12SparseMatrix6reinitERKNS0_15SparsityPatternE+0x34)[0x2af7e0772068]
[hc3n270:16693] [ 3] ./main(_ZN9WaveguideIN6dealii16TrilinosWrappers12SparseMatrixENS1_3MPI6VectorEE21reinit_preconditionerEv+0x59)[0x44d54b]
[hc3n270:16693] [ 4] ./main(_ZN9WaveguideIN6dealii16TrilinosWrappers12SparseMatrixENS1_3MPI6VectorEE10reinit_allEv+0x19)[0x46bffd]
[hc3n270:16693] [ 5] ./main(_ZN9WaveguideIN6dealii16TrilinosWrappers12SparseMatrixENS1_3MPI6VectorEE12setup_systemEv+0x1174)[0x49d98a]
./main(_ZN9WaveguideIN6dealii16TrilinosWrappers12SparseMatrixENS1_3MPI6VectorEE10reinit_allEv+0x19)[0x46bffd]
[hc3n252:22592] [ 5] ./main(_ZN9WaveguideIN6dealii16TrilinosWrappers12SparseMatrixENS1_3MPI6VectorEE12setup_systemEv+0x1174)[0x49d98a]
[hc3n270:16692] [ 6] ./main(_ZN9WaveguideIN6dealii16TrilinosWrappers12SparseMatrixENS1_3MPI6VectorEE3runEv+0xbb)[0x4a0cc1]
[hc3n270:16692] [ 7] ./main(_ZN9WaveguideIN6dealii16TrilinosWrappers12SparseMatrixENS1_3MPI6VectorEE12setup_systemEv+0x1174)[0x49d98a]
[hc3n324:10925] [ 6] ./main(_ZN9WaveguideIN6dealii16TrilinosWrappers12SparseMatrixENS1_3MPI6VectorEE3runEv+0xbb)[0x4a0cc1]
[hc3n324:10925] [ 7] ./main(_ZN9WaveguideIN6dealii16TrilinosWrappers12SparseMatrixENS1_3MPI6VectorEE12setup_systemEv+0x1174)[0x49d98a]
[hc3n306:13034] [ 6] ./main(_ZN9WaveguideIN6dealii16TrilinosWrappers12SparseMatrixENS1_3MPI6VectorEE3runEv+0xbb)[0x4a0cc1]
[hc3n306:13034] [ 7] /home/kit/ianm/mx3529/share/dealii/lib/libdeal_II.g.so.8.4.1(_ZN6dealii16TrilinosWrappers12SparseMatrix6reinitERKNS0_15SparsityPatternE+0x34)[0x2b0b5925c068]
[hc3n288:14393] [ 3] ./main(_ZN9WaveguideIN6dealii16TrilinosWrappers12SparseMatrixENS1_3MPI6VectorEE21reinit_preconditionerEv+0x59)[0x44d54b]
[hc3n288:14393] [ 4] ./main(_ZN9WaveguideIN6dealii16TrilinosWrappers12SparseMatrixENS1_3MPI6VectorEE10reinit_allEv+0x19)[0x46bffd]
[hc3n288:14393] [ 5] ./main(_ZN9WaveguideIN6dealii16TrilinosWrappers12SparseMatrixENS1_3MPI6VectorEE3runEv+0xbb)[0x4a0cc1]
[hc3n252:22593] [ 7] [hc3n270:16693] [ 6] ./main(_ZN9WaveguideIN6dealii16TrilinosWrappers12SparseMatrixENS1_3MPI6VectorEE3runEv+0xbb)[0x4a0cc1]
[hc3n270:16693] [ 7] ./main(_ZN9WaveguideIN6dealii16TrilinosWrappers12SparseMatrixENS1_3MPI6VectorEE10reinit_allEv+0x19)[0x46bffd]
[hc3n324:10926] [ 5] ./main(_ZN9WaveguideIN6dealii16TrilinosWrappers12SparseMatrixENS1_3MPI6VectorEE3runEv+0xbb)[0x4a0cc1]
[hc3n306:13035] [ 7] /home/kit/ianm/mx3529/share/dealii/lib/libdeal_II.g.so.8.4.1(_ZN6dealii16TrilinosWrappers12SparseMatrix6reinitERKNS0_15SparsityPatternE+0x34)[0x2b3994f7b068]
[hc3n288:14394] [ 3] ./main(_ZN9WaveguideIN6dealii16TrilinosWrappers12SparseMatrixENS1_3MPI6VectorEE21reinit_preconditionerEv+0x59)[0x44d54b]
[hc3n288:14394] [ 4] ./main(_ZN9WaveguideIN6dealii16TrilinosWrappers12SparseMatrixENS1_3MPI6VectorEE10reinit_allEv+0x19)[0x46bffd]
[hc3n288:14394] [ 5] ./main(_ZN9WaveguideIN6dealii16TrilinosWrappers12SparseMatrixENS1_3MPI6VectorEE12setup_systemEv+0x1174)[0x49d98a]
[hc3n252:22592] [ 6] ./main(_ZN9WaveguideIN6dealii16TrilinosWrappers12SparseMatrixENS1_3MPI6VectorEE3runEv+0xbb)[0x4a0cc1]
[hc3n252:22592] [ 7] ./main(_ZN12OptimizationIN6dealii16TrilinosWrappers12SparseMatrixENS1_3MPI6VectorEE3runEv+0xb52)[0x4a2034]
[hc3n270:16692] [ 8] ./main(_ZN12OptimizationIN6dealii16TrilinosWrappers12SparseMatrixENS1_3MPI6VectorEE3runEv+0xb52)[0x4a2034]
[hc3n324:10925] [ 8] ./main(main+0x4ab)[0x45b070]
[hc3n324:10925] [ 9] ./main(_ZN12OptimizationIN6dealii16TrilinosWrappers12SparseMatrixENS1_3MPI6VectorEE3runEv+0xb52)[0x4a2034]
[hc3n306:13034] [ 8] ./main(main+0x4ab)[0x45b070]
[hc3n306:13034] [ 9] ./main(_ZN9WaveguideIN6dealii16TrilinosWrappers12SparseMatrixENS1_3MPI6VectorEE12setup_systemEv+0x1174)[0x49d98a]
[hc3n288:14393] [ 6] ./main(_ZN9WaveguideIN6dealii16TrilinosWrappers12SparseMatrixENS1_3MPI6VectorEE3runEv+0xbb)[0x4a0cc1]
[hc3n288:14393] [ 7] ./main(_ZN12OptimizationIN6dealii16TrilinosWrappers12SparseMatrixENS1_3MPI6VectorEE3runEv+0xb52)[0x4a2034]
[hc3n252:22593] [ 8] ./main(main+0x4ab)[0x45b070]
[hc3n252:22593] [ 9] ./main(_ZN12OptimizationIN6dealii16TrilinosWrappers12SparseMatrixENS1_3MPI6VectorEE3runEv+0xb52)[0x4a2034]
[hc3n270:16693] [ 8] ./main(main+0x4ab)[0x45b070]
[hc3n270:16693] ./main(_ZN9WaveguideIN6dealii16TrilinosWrappers12SparseMatrixENS1_3MPI6VectorEE12setup_systemEv+0x1174)[0x49d98a]
[hc3n324:10926] [ 6] ./main(_ZN12OptimizationIN6dealii16TrilinosWrappers12SparseMatrixENS1_3MPI6VectorEE3runEv+0xb52)[0x4a2034]
[hc3n306:13035] [ 8] ./main(main+0x4ab)[0x45b070]
[hc3n306:13035] [ 9] ./main(_ZN9WaveguideIN6dealii16TrilinosWrappers12SparseMatrixENS1_3MPI6VectorEE12setup_systemEv+0x1174)[0x49d98a]
[hc3n288:14394] [ 6] ./main(_ZN9WaveguideIN6dealii16TrilinosWrappers12SparseMatrixENS1_3MPI6VectorEE3runEv+0xbb)[0x4a0cc1]
[hc3n288:14394] [ 7] ./main(_ZN12OptimizationIN6dealii16TrilinosWrappers12SparseMatrixENS1_3MPI6VectorEE3runEv+0xb52)[0x4a2034]
[hc3n252:22592] [ 8] ./main(main+0x4ab)[0x45b070]
[hc3n252:22592] [ 9] ./main(main+0x4ab)[0x45b070]
[hc3n270:16692] [ 9] /lib64/libc.so.6(__libc_start_main+0xe6)[0x2ba8570a9c36]
[hc3n270:16692] [10] /lib64/libc.so.6(__libc_start_main+0xe6)[0x2b82c366bc36]
[hc3n324:10925] [10] /lib64/libc.so.6(__libc_start_main+0xe6)[0x2b95e8d84c36]
[hc3n306:13035] [10] ./main[0x44c059]
[hc3n306:13035] *** End of error message ***
./main(_ZN12OptimizationIN6dealii16TrilinosWrappers12SparseMatrixENS1_3MPI6VectorEE3runEv+0xb52)[0x4a2034]
[hc3n288:14393] [ 8] /lib64/libc.so.6(__libc_start_main+0xe6)[0x2b6139010c36]
[hc3n252:22593] [10] ./main[0x44c059]
[hc3n252:22593] *** End of error message ***
[ 9] /lib64/libc.so.6(__libc_start_main+0xe6)[0x2af7f726cc36]
[hc3n270:16693] [10] ./main(_ZN9WaveguideIN6dealii16TrilinosWrappers12SparseMatrixENS1_3MPI6VectorEE3runEv+0xbb)[0x4a0cc1]
[hc3n324:10926] [ 7] /lib64/libc.so.6(__libc_start_main+0xe6)[0x2b1a42bf0c36]
[hc3n306:13034] [10] ./main[0x44c059]
[hc3n306:13034] *** End of error message ***
./main(_ZN12OptimizationIN6dealii16TrilinosWrappers12SparseMatrixENS1_3MPI6VectorEE3runEv+0xb52)[0x4a2034]
[hc3n288:14394] [ 8] ./main(main+0x4ab)[0x45b070]
[hc3n288:14394] [ 9] /lib64/libc.so.6(__libc_start_main+0xe6)[0x2adb8713dc36]
[hc3n252:22592] [10] ./main[0x44c059]
[hc3n252:22592] *** End of error message ***
./main[0x44c059]
[hc3n270:16693] *** End of error message ***
./main[0x44c059]
[hc3n324:10925] *** End of error message ***
/lib64/libc.so.6(__libc_start_main+0xe6)[0x2b39aba75c36]
[hc3n288:14394] [10] ./main[0x44c059]
[hc3n270:16692] *** End of error message ***
./main(_ZN12OptimizationIN6dealii16TrilinosWrappers12SparseMatrixENS1_3MPI6VectorEE3runEv+0xb52)[0x4a2034]
[hc3n324:10926] [ 8] ./main(main+0x4ab)[0x45b070]
[hc3n288:14393] [ 9] /lib64/libc.so.6(__libc_start_main+0xe6)[0x2b0b6fd56c36]
[hc3n288:14393] [10] ./main(main+0x4ab)[0x45b070]
[hc3n324:10926] [ 9] ./main[0x44c059]
[hc3n288:14394] *** End of error message ***
/lib64/libc.so.6(__libc_start_main+0xe6)[0x2afdea311c36]
[hc3n324:10926] [10] ./main[0x44c059]
[hc3n288:14393] *** End of error message ***
./main[0x44c059]
[hc3n324:10926] *** End of error message ***
