Universitaet Karlsruhe / Rechenzentrum   +++ hc3 +++   JMS 2.3 / slurm 15.08.11
Job 211632 has been submitted at 21.07.2016/15:06:02 on hc3n996
Command: job_submit -t 600 -m 8188 -c p -p 12 -J WaveguideOptimization_7 mpirun ./main
Job 211632 started at 21.07.2016/15:06:20 on hc3n180
12 tasks running on 6 nodes exclusive: 2*hc3n[180,252,270,288,306,324]
================================================================================
JobId hc3n180 Thu Jul 21 15:06:20 2016
Will write solutions to solutions/run8
-------------------------------------------
Sectors: 4
z_0: -4.00000     	 z_1: -1.33333     
m_0: 0.0500000    	 m_1: 0.0240741    
r_0: 2.00000      	 r_1: 2.00000      
v_0: 0.00000      	 v_1: -0.133333    
-------------------------------------------
z_0: -1.33333     	 z_1: 1.33333      
m_0: 0.0240741    	 m_1: -0.0240741   
r_0: 2.00000      	 r_1: 2.00000      
v_0: -0.133333    	 v_1: -0.133333    
-------------------------------------------
z_0: 1.33333      	 z_1: 4.00000      
m_0: -0.0240741   	 m_1: -0.0500000   
r_0: 2.00000      	 r_1: 2.00000      
v_0: -0.133333    	 v_1: 0.00000      
-------------------------------------------
z_0: 4.00000      	 z_1: 6.66667      
m_0: -0.0500000   	 m_1: -0.0500000   
r_0: 2.00000      	 r_1: 2.00000      
v_0: 0.00000      	 v_1: 0.00000      
-------------------------------------------
JobId hc3n324 Thu Jul 21 15:06:20 2016
-------------------------------------------
JobId hc3n288 Thu Jul 21 15:06:20 2016
JobId hc3n252 Thu Jul 21 15:06:20 2016
JobId hc3n306 Thu Jul 21 15:06:20 2016
JobId hc3n270 Thu Jul 21 15:06:20 2016
JobId hc3n324 Thu Jul 21 15:06:20 2016
-------------------------------------------
Sectors: 4
-------------------------------------------
Sectors: 4
-------------------------------------------
Sectors: 4
z_0: -4.00000     	 z_1: -1.33333     
-------------------------------------------
-------------------------------------------
Sectors: 4
Sectors: 4
z_0: -4.00000     	 z_1: -1.33333     
m_0: 0.0500000    	 m_1: 0.0240741    
z_0: -4.00000     	 z_1: -1.33333     
m_0: 0.0500000    	 m_1: 0.0240741    
r_0: 2.00000      	 r_1: 2.00000      
v_0: 0.00000      	 v_1: -0.133333    
-------------------------------------------
z_0: -1.33333     	 z_1: 1.33333      
JobId hc3n252 Thu Jul 21 15:06:20 2016
Sectors: 4
z_0: -4.00000     	 z_1: -1.33333     
z_0: -4.00000     	 z_1: -1.33333     
JobId hc3n180 Thu Jul 21 15:06:20 2016
-------------------------------------------
Sectors: 4
z_0: -4.00000     	 z_1: -1.33333     
m_0: 0.0500000    	 m_1: 0.0240741    
r_0: 2.00000      	 r_1: 2.00000      
v_0: 0.00000      	 v_1: -0.133333    
-------------------------------------------
z_0: -1.33333     	 z_1: 1.33333      
m_0: 0.0240741    	 m_1: -0.0240741   
r_0: 2.00000      	 r_1: 2.00000      
v_0: -0.133333    	 v_1: -0.133333    
-------------------------------------------
z_0: 1.33333      	 z_1: 4.00000      
m_0: -0.0240741   	 m_1: -0.0500000   
r_0: 2.00000      	 r_1: 2.00000      
v_0: -0.133333    	 v_1: 0.00000      
-------------------------------------------
r_0: 2.00000      	 r_1: 2.00000      
v_0: 0.00000      	 v_1: -0.133333    
-------------------------------------------
z_0: -1.33333     	 z_1: 1.33333      
m_0: 0.0240741    	 m_1: -0.0240741   
r_0: 2.00000      	 r_1: 2.00000      
v_0: -0.133333    	 v_1: -0.133333    
-------------------------------------------
z_0: 1.33333      	 z_1: 4.00000      
m_0: -0.0240741   	 m_1: -0.0500000   
r_0: 2.00000      	 r_1: 2.00000      
v_0: -0.133333    	 v_1: 0.00000      
-------------------------------------------
z_0: 4.00000      	 z_1: 6.66667      
m_0: -0.0500000   	 m_1: -0.0500000   
r_0: 2.00000      	 r_1: 2.00000      
JobId hc3n288 Thu Jul 21 15:06:20 2016
m_0: 0.0500000    	 m_1: 0.0240741    
r_0: 2.00000      	 r_1: 2.00000      
v_0: 0.00000      	 v_1: -0.133333    
-------------------------------------------
z_0: -1.33333     	 z_1: 1.33333      
m_0: 0.0240741    	 m_1: -0.0240741   
r_0: 2.00000      	 r_1: 2.00000      
m_0: 0.0500000    	 m_1: 0.0240741    
r_0: 2.00000      	 r_1: 2.00000      
v_0: 0.00000      	 v_1: -0.133333    
-------------------------------------------
z_0: -1.33333     	 z_1: 1.33333      
m_0: 0.0500000    	 m_1: 0.0240741    
r_0: 2.00000      	 r_1: 2.00000      
v_0: 0.00000      	 v_1: -0.133333    
-------------------------------------------
z_0: -1.33333     	 z_1: 1.33333      
m_0: 0.0240741    	 m_1: -0.0240741   
r_0: 2.00000      	 r_1: 2.00000      
v_0: -0.133333    	 v_1: -0.133333    
-------------------------------------------
z_0: 4.00000      	 z_1: 6.66667      
m_0: -0.0500000   	 m_1: -0.0500000   
r_0: 2.00000      	 r_1: 2.00000      
v_0: 0.00000      	 v_1: 0.00000      
-------------------------------------------
Residual Count: 9
z_0: -4.00000     	 z_1: -1.33333     
m_0: 0.0500000    	 m_1: 0.0240741    
r_0: 2.00000      	 r_1: 2.00000      
v_0: 0.00000      	 v_1: -0.133333    
-------------------------------------------
z_0: -1.33333     	 z_1: 1.33333      
m_0: 0.0240741    	 m_1: -0.0240741   
r_0: 2.00000      	 r_1: 2.00000      
v_0: -0.133333    	 v_1: -0.133333    
-------------------------------------------
z_0: 1.33333      	 z_1: 4.00000      
m_0: -0.0240741   	 m_1: -0.0500000   
r_0: 2.00000      	 r_1: 2.00000      
m_0: 0.0240741    	 m_1: -0.0240741   
r_0: 2.00000      	 r_1: 2.00000      
v_0: -0.133333    	 v_1: -0.133333    
-------------------------------------------
z_0: 1.33333      	 z_1: 4.00000      
m_0: -0.0240741   	 m_1: -0.0500000   
r_0: 2.00000      	 r_1: 2.00000      
v_0: -0.133333    	 v_1: 0.00000      
-------------------------------------------
z_0: 4.00000      	 z_1: 6.66667      
-------------------------------------------
Sectors: 4
m_0: 0.0240741    	 m_1: -0.0240741   
r_0: 2.00000      	 r_1: 2.00000      
v_0: -0.133333    	 v_1: -0.133333    
-------------------------------------------
z_0: 1.33333      	 z_1: 4.00000      
m_0: -0.0240741   	 m_1: -0.0500000   
r_0: 2.00000      	 r_1: 2.00000      
v_0: -0.133333    	 v_1: 0.00000      
z_0: 1.33333      	 z_1: 4.00000      
m_0: -0.0240741   	 m_1: -0.0500000   
r_0: 2.00000      	 r_1: 2.00000      
v_0: -0.133333    	 v_1: 0.00000      
-------------------------------------------
z_0: 4.00000      	 z_1: 6.66667      
m_0: -0.0500000   	 m_1: -0.0500000   
v_0: 0.00000      	 v_1: 0.00000      
-------------------------------------------
-------------------------------------------
Sectors: 4
-------------------------------------------
z_0: 4.00000      	 z_1: 6.66667      
m_0: -0.0500000   	 m_1: -0.0500000   
r_0: 2.00000      	 r_1: 2.00000      
v_0: 0.00000      	 v_1: 0.00000      
-------------------------------------------
JobId hc3n270 Thu Jul 21 15:06:20 2016
-------------------------------------------
v_0: -0.133333    	 v_1: 0.00000      
-------------------------------------------
z_0: 4.00000      	 z_1: 6.66667      
m_0: -0.0500000   	 m_1: -0.0500000   
r_0: 2.00000      	 r_1: 2.00000      
v_0: 0.00000      	 v_1: 0.00000      
-------------------------------------------
m_0: -0.0500000   	 m_1: -0.0500000   
r_0: 2.00000      	 r_1: 2.00000      
v_0: 0.00000      	 v_1: 0.00000      
-------------------------------------------
v_0: -0.133333    	 v_1: -0.133333    
-------------------------------------------
z_0: 1.33333      	 z_1: 4.00000      
m_0: -0.0240741   	 m_1: -0.0500000   
r_0: 2.00000      	 r_1: 2.00000      
v_0: -0.133333    	 v_1: 0.00000      
-------------------------------------------
z_0: 4.00000      	 z_1: 6.66667      
JobId hc3n306 Thu Jul 21 15:06:20 2016
-------------------------------------------
r_0: 2.00000      	 r_1: 2.00000      
v_0: 0.00000      	 v_1: 0.00000      
-------------------------------------------
z_0: -4.00000     	 z_1: -1.33333     
m_0: 0.0500000    	 m_1: 0.0240741    
r_0: 2.00000      	 r_1: 2.00000      
v_0: 0.00000      	 v_1: -0.133333    
-------------------------------------------
z_0: -4.00000     	 z_1: -1.33333     
m_0: 0.0500000    	 m_1: 0.0240741    
r_0: 2.00000      	 r_1: 2.00000      
v_0: 0.00000      	 v_1: -0.133333    
-------------------------------------------
z_0: -1.33333     	 z_1: 1.33333      
m_0: 0.0240741    	 m_1: -0.0240741   
r_0: 2.00000      	 r_1: 2.00000      
Sectors: 4
Sectors: 4
z_0: -4.00000     	 z_1: -1.33333     
m_0: 0.0500000    	 m_1: 0.0240741    
r_0: 2.00000      	 r_1: 2.00000      
v_0: 0.00000      	 v_1: -0.133333    
z_0: -1.33333     	 z_1: 1.33333      
m_0: 0.0240741    	 m_1: -0.0240741   
r_0: 2.00000      	 r_1: 2.00000      
m_0: -0.0500000   	 m_1: -0.0500000   
r_0: 2.00000      	 r_1: 2.00000      
v_0: 0.00000      	 v_1: 0.00000      
-------------------------------------------
z_0: -4.00000     	 z_1: -1.33333     
m_0: 0.0500000    	 m_1: 0.0240741    
r_0: 2.00000      	 r_1: 2.00000      
v_0: 0.00000      	 v_1: -0.133333    
-------------------------------------------
z_0: -1.33333     	 z_1: 1.33333      
m_0: 0.0240741    	 m_1: -0.0240741   
r_0: 2.00000      	 r_1: 2.00000      
v_0: -0.133333    	 v_1: -0.133333    
-------------------------------------------
z_0: 1.33333      	 z_1: 4.00000      
m_0: -0.0240741   	 m_1: -0.0500000   
r_0: 2.00000      	 r_1: 2.00000      
v_0: -0.133333    	 v_1: 0.00000      
-------------------------------------------
z_0: 4.00000      	 z_1: 6.66667      
m_0: -0.0500000   	 m_1: -0.0500000   
-------------------------------------------
z_0: -1.33333     	 z_1: 1.33333      
m_0: 0.0240741    	 m_1: -0.0240741   
r_0: 2.00000      	 r_1: 2.00000      
v_0: -0.133333    	 v_1: -0.133333    
-------------------------------------------
z_0: 1.33333      	 z_1: 4.00000      
v_0: -0.133333    	 v_1: -0.133333    
-------------------------------------------
z_0: 1.33333      	 z_1: 4.00000      
m_0: -0.0240741   	 m_1: -0.0500000   
r_0: 2.00000      	 r_1: 2.00000      
v_0: -0.133333    	 v_1: -0.133333    
-------------------------------------------
z_0: 1.33333      	 z_1: 4.00000      
m_0: -0.0240741   	 m_1: -0.0500000   
r_0: 2.00000      	 r_1: 2.00000      
v_0: -0.133333    	 v_1: 0.00000      
-------------------------------------------
z_0: 4.00000      	 z_1: 6.66667      
m_0: -0.0500000   	 m_1: -0.0500000   
r_0: 2.00000      	 r_1: 2.00000      
v_0: 0.00000      	 v_1: 0.00000      
r_0: 2.00000      	 r_1: 2.00000      
v_0: 0.00000      	 v_1: 0.00000      
-------------------------------------------
m_0: -0.0240741   	 m_1: -0.0500000   
r_0: 2.00000      	 r_1: 2.00000      
v_0: -0.133333    	 v_1: 0.00000      
-------------------------------------------
z_0: 4.00000      	 z_1: 6.66667      
v_0: -0.133333    	 v_1: 0.00000      
-------------------------------------------
z_0: 4.00000      	 z_1: 6.66667      
m_0: -0.0500000   	 m_1: -0.0500000   
r_0: 2.00000      	 r_1: 2.00000      
-------------------------------------------
m_0: -0.0500000   	 m_1: -0.0500000   
r_0: 2.00000      	 r_1: 2.00000      
v_0: 0.00000      	 v_1: 0.00000      
-------------------------------------------
v_0: 0.00000      	 v_1: 0.00000      
-------------------------------------------
Mesh info:
 dimension: 3
 no. of cells: 670
 boundary indicators: 0(449 times) 
Mesh info:
 dimension: 3
 no. of cells: 670
 boundary indicators: 0(449 times) 
Mesh info:
 dimension: 3
 no. of cells: 817
 boundary indicators: 0(470 times) 
Mesh info:
 dimension: 3
 no. of cells: 817
 boundary indicators: 0(473 times) 
Mesh info:
 dimension: 3
 no. of cells: 817
Mesh info:
 dimension: 3
 no. of cells: 817
Mesh info:
 dimension: 3
 no. of cells: 817
 boundary indicators: 0(470 times) 
Mesh info:
 dimension: 3
 no. of cells: 817
 boundary indicators: 0(473 times) 
 boundary indicators: 0(470 times) 
 boundary indicators: 0(470 times) 
Mesh info:
 dimension: 3
 no. of cells: 817
 boundary indicators: 0(470 times) 
Mesh info:
 dimension: 3
 no. of cells: 817
 boundary indicators: 0(470 times) 
Mesh info:
 dimension: 3
 no. of cells: 817
Mesh info:
 dimension: 3
 no. of cells: 817
 boundary indicators: 0(470 times) 
 boundary indicators: 0(470 times) 
 written to solutions/run8/grid0.vtk

 written to solutions/run8/grid11.vtk

 written to solutions/run8/grid10.vtk

 written to solutions/run8/grid9.vtk

 written to solutions/run8/grid1.vtk

 written to solutions/run8/grid3.vtk

 written to solutions/run8/grid2.vtk

 written to solutions/run8/grid4.vtk

 written to solutions/run8/grid7.vtk

 written to solutions/run8/grid6.vtk

 written to solutions/run8/grid8.vtk

 written to solutions/run8/grid5.vtk

Distributing Degrees of freedom.
Renumbering DOFs (Downstream...)
Number of degrees of freedom: 43488
Renumbering DOFs (Custom...)
Reordering done.
Constructing Sparsity Patterns and Constrain Matrices ... done
done
Initialization done.
Done.
-------------------------------------
Dofs per cell: 24
Quadrature Formula Size: 8
Dofs per face: 8
Dofs per line: 2
Starting Assemblation process
Assembling done. L2-Norm of RHS: 48.9787
4000-0 done building matrix. Init Sweep.
0
1
2
3
4
5
6
7
8
9
10
11
4000-11 done building matrix. Init Sweep.
4000-9 done building matrix. Init Sweep.
4000-6 done building matrix. Init Sweep.
4000-2 done building matrix. Init Sweep.
4000-3 done building matrix. Init Sweep.
4000-5 done building matrix. Init Sweep.
4000-4 done building matrix. Init Sweep.
4000-8 done building matrix. Init Sweep.
4000-7 done building matrix. Init Sweep.
4000-1 done building matrix. Init Sweep.
4000-10 done building matrix. Init Sweep.
DEAL:GMRES::Check 0	9.09597
DEAL:GMRES::Check 0	9.09597
Solving... DEAL:GMRES::Check 0	9.09597
DEAL:GMRES::Starting value 9.09597
DEAL:GMRES::Check 0	9.09597
DEAL:GMRES::Starting value 9.09597
DEAL:GMRES::Check 0	9.09597
DEAL:GMRES::Starting value 9.09597
DEAL:GMRES::Check 0	9.09597
DEAL:GMRES::Starting value 9.09597
DEAL:GMRES::Check 0	9.09597
DEAL:GMRES::Check 0	9.09597
DEAL:GMRES::Check 0	9.09597
DEAL:GMRES::Check 0	9.09597
DEAL:GMRES::Starting value 9.09597
DEAL:GMRES::Check 0	9.09597
DEAL:GMRES::Starting value 9.09597
DEAL:GMRES::Check 0	9.09597
DEAL:GMRES::Starting value 9.09597
DEAL:GMRES::Starting value 9.09597
DEAL:GMRES::Starting value 9.09597
DEAL:GMRES::Starting value 9.09597
DEAL:GMRES::Starting value 9.09597
DEAL:GMRES::Starting value 9.09597
DEAL:GMRES::Check 10	3.35107
DEAL:GMRES::Check 10	3.35107
DEAL:GMRES::Check 10	3.35107
DEAL:GMRES::Check 10	3.35107
DEAL:GMRES::Check 10	3.35107
DEAL:GMRES::Check 10	3.35107
DEAL:GMRES::Check 10	3.35107
DEAL:GMRES::Check 10	3.35107
DEAL:GMRES::Check 10	3.35107
DEAL:GMRES::Check 10	3.35107
DEAL:GMRES::Check 10	3.35107
DEAL:GMRES::Check 10	3.35107
DEAL:GMRES::Check 20	3.33640
DEAL:GMRES::Check 20	3.33640
DEAL:GMRES::Check 20	3.33640
DEAL:GMRES::Check 20	3.33640
DEAL:GMRES::Check 20	3.33640
DEAL:GMRES::Check 20	3.33640
DEAL:GMRES::Check 20	3.33640
DEAL:GMRES::Check 20	3.33640
DEAL:GMRES::Check 20	3.33640
DEAL:GMRES::Check 20	3.33640
DEAL:GMRES::Check 20	3.33640
DEAL:GMRES::Check 20	3.33640
DEAL:GMRES::Check 30	3.33264
DEAL:GMRES::Check 30	3.33264
DEAL:GMRES::Check 30	3.33264
DEAL:GMRES::Check 30	3.33264
DEAL:GMRES::Check 30	3.33264
DEAL:GMRES::Check 30	3.33264
DEAL:GMRES::Check 30	3.33264
DEAL:GMRES::Check 30	3.33264
DEAL:GMRES::Check 30	3.33264
DEAL:GMRES::Check 30	3.33264
DEAL:GMRES::Check 30	3.33264
DEAL:GMRES::Check 30	3.33264
DEAL:GMRES::Check 40	3.31774
DEAL:GMRES::Check 40	3.31774
DEAL:GMRES::Check 40	3.31774
DEAL:GMRES::Check 40	3.31774
DEAL:GMRES::Check 40	3.31774
DEAL:GMRES::Check 40	3.31774
DEAL:GMRES::Check 40	3.31774
DEAL:GMRES::Check 40	3.31774
DEAL:GMRES::Check 40	3.31774
DEAL:GMRES::Check 40	3.31774
DEAL:GMRES::Check 40	3.31774
DEAL:GMRES::Check 40	3.31774
DEAL:GMRES::Check 50	3.28176
DEAL:GMRES::Check 50	3.28176
DEAL:GMRES::Check 50	3.28176
DEAL:GMRES::Check 50	3.28176
DEAL:GMRES::Check 50	3.28176
DEAL:GMRES::Check 50	3.28176
DEAL:GMRES::Check 50	3.28176
DEAL:GMRES::Check 50	3.28176
DEAL:GMRES::Check 50	3.28176
DEAL:GMRES::Check 50	3.28176
DEAL:GMRES::Check 50	3.28176
DEAL:GMRES::Check 50	3.28176
DEAL:GMRES::Check 60	3.21985
DEAL:GMRES::Check 60	3.21985
DEAL:GMRES::Check 60	3.21985
DEAL:GMRES::Check 60	3.21985
DEAL:GMRES::Check 60	3.21985
DEAL:GMRES::Check 60	3.21985
DEAL:GMRES::Check 60	3.21985
DEAL:GMRES::Check 60	3.21985
DEAL:GMRES::Check 60	3.21985
DEAL:GMRES::Check 60	3.21985
DEAL:GMRES::Check 60	3.21985
DEAL:GMRES::Check 60	3.21985
DEAL:GMRES::Check 70	3.14512
DEAL:GMRES::Check 70	3.14512
DEAL:GMRES::Check 70	3.14512
DEAL:GMRES::Check 70	3.14512
DEAL:GMRES::Check 70	3.14512
DEAL:GMRES::Check 70	3.14512
DEAL:GMRES::Check 70	3.14512
DEAL:GMRES::Check 70	3.14512
DEAL:GMRES::Check 70	3.14512
DEAL:GMRES::Check 70	3.14512
DEAL:GMRES::Check 70	3.14512
DEAL:GMRES::Check 70	3.14512
DEAL:GMRES::Check 80	3.11731
DEAL:GMRES::Check 80	3.11731
DEAL:GMRES::Check 80	3.11731
DEAL:GMRES::Check 80	3.11731
DEAL:GMRES::Check 80	3.11731
DEAL:GMRES::Check 80	3.11731
DEAL:GMRES::Check 80	3.11731
DEAL:GMRES::Check 80	3.11731
DEAL:GMRES::Check 80	3.11731
DEAL:GMRES::Check 80	3.11731
DEAL:GMRES::Check 80	3.11731
DEAL:GMRES::Check 80	3.11731
DEAL:GMRES::Check 90	3.05866
DEAL:GMRES::Check 90	3.05866
DEAL:GMRES::Check 90	3.05866
DEAL:GMRES::Check 90	3.05866
DEAL:GMRES::Check 90	3.05866
DEAL:GMRES::Check 90	3.05866
DEAL:GMRES::Check 90	3.05866
DEAL:GMRES::Check 90	3.05866
DEAL:GMRES::Check 90	3.05866
DEAL:GMRES::Check 90	3.05866
DEAL:GMRES::Check 90	3.05866
DEAL:GMRES::Check 90	3.05866
DEAL:GMRES::Check 100	3.00644
DEAL:GMRES::Check 100	3.00644
DEAL:GMRES::Check 100	3.00644
DEAL:GMRES::Check 100	3.00644
DEAL:GMRES::Check 100	3.00644
DEAL:GMRES::Check 100	3.00644
DEAL:GMRES::Check 100	3.00644
DEAL:GMRES::Check 100	3.00644
DEAL:GMRES::Check 100	3.00644
DEAL:GMRES::Check 100	3.00644
DEAL:GMRES::Check 100	3.00644
DEAL:GMRES::Check 100	3.00644
DEAL:GMRES::Check 110	2.96696
DEAL:GMRES::Check 110	2.96696
DEAL:GMRES::Check 110	2.96696
DEAL:GMRES::Check 110	2.96696
DEAL:GMRES::Check 110	2.96696
DEAL:GMRES::Check 110	2.96696
DEAL:GMRES::Check 110	2.96696
DEAL:GMRES::Check 110	2.96696
DEAL:GMRES::Check 110	2.96696
DEAL:GMRES::Check 110	2.96696
DEAL:GMRES::Check 110	2.96696
DEAL:GMRES::Check 110	2.96696
DEAL:GMRES::Check 120	2.91774
DEAL:GMRES::Check 120	2.91774
DEAL:GMRES::Check 120	2.91774
DEAL:GMRES::Check 120	2.91774
DEAL:GMRES::Check 120	2.91774
DEAL:GMRES::Check 120	2.91774
DEAL:GMRES::Check 120	2.91774
DEAL:GMRES::Check 120	2.91774
DEAL:GMRES::Check 120	2.91774
DEAL:GMRES::Check 120	2.91774
DEAL:GMRES::Check 120	2.91774
DEAL:GMRES::Check 120	2.91774
DEAL:GMRES::Check 130	2.83423
DEAL:GMRES::Check 130	2.83423
DEAL:GMRES::Check 130	2.83423
DEAL:GMRES::Check 130	2.83423
DEAL:GMRES::Check 130	2.83423
DEAL:GMRES::Check 130	2.83423
DEAL:GMRES::Check 130	2.83423
DEAL:GMRES::Check 130	2.83423
DEAL:GMRES::Check 130	2.83423
DEAL:GMRES::Check 130	2.83423
DEAL:GMRES::Check 130	2.83423
DEAL:GMRES::Check 130	2.83423
DEAL:GMRES::Check 140	2.68196
DEAL:GMRES::Check 140	2.68196
DEAL:GMRES::Check 140	2.68196
DEAL:GMRES::Check 140	2.68196
DEAL:GMRES::Check 140	2.68196
DEAL:GMRES::Check 140	2.68196
DEAL:GMRES::Check 140	2.68196
DEAL:GMRES::Check 140	2.68196
DEAL:GMRES::Check 140	2.68196
DEAL:GMRES::Check 140	2.68196
DEAL:GMRES::Check 140	2.68196
DEAL:GMRES::Check 140	2.68196
DEAL:GMRES::Check 150	2.55452
DEAL:GMRES::Check 150	2.55452
DEAL:GMRES::Check 150	2.55452
DEAL:GMRES::Check 150	2.55452
DEAL:GMRES::Check 150	2.55452
DEAL:GMRES::Check 150	2.55452
DEAL:GMRES::Check 150	2.55452
DEAL:GMRES::Check 150	2.55452
DEAL:GMRES::Check 150	2.55452
DEAL:GMRES::Check 150	2.55452
DEAL:GMRES::Check 150	2.55452
DEAL:GMRES::Check 150	2.55452
DEAL:GMRES::Check 160	2.44604
DEAL:GMRES::Check 160	2.44604
DEAL:GMRES::Check 160	2.44604
DEAL:GMRES::Check 160	2.44604
DEAL:GMRES::Check 160	2.44604
DEAL:GMRES::Check 160	2.44604
DEAL:GMRES::Check 160	2.44604
DEAL:GMRES::Check 160	2.44604
DEAL:GMRES::Check 160	2.44604
DEAL:GMRES::Check 160	2.44604
DEAL:GMRES::Check 160	2.44604
DEAL:GMRES::Check 160	2.44604
DEAL:GMRES::Check 170	2.35944
DEAL:GMRES::Check 170	2.35944
DEAL:GMRES::Check 170	2.35944
DEAL:GMRES::Check 170	2.35944
DEAL:GMRES::Check 170	2.35944
DEAL:GMRES::Check 170	2.35944
DEAL:GMRES::Check 170	2.35944
DEAL:GMRES::Check 170	2.35944
DEAL:GMRES::Check 170	2.35944
DEAL:GMRES::Check 170	2.35944
DEAL:GMRES::Check 170	2.35944
DEAL:GMRES::Check 170	2.35944
DEAL:GMRES::Check 180	2.26767
DEAL:GMRES::Check 180	2.26767
DEAL:GMRES::Check 180	2.26767
DEAL:GMRES::Check 180	2.26767
DEAL:GMRES::Check 180	2.26767
DEAL:GMRES::Check 180	2.26767
DEAL:GMRES::Check 180	2.26767
DEAL:GMRES::Check 180	2.26767
DEAL:GMRES::Check 180	2.26767
DEAL:GMRES::Check 180	2.26767
DEAL:GMRES::Check 180	2.26767
DEAL:GMRES::Check 180	2.26767
DEAL:GMRES::Check 190	2.22931
DEAL:GMRES::Check 190	2.22931
DEAL:GMRES::Check 190	2.22931
DEAL:GMRES::Check 190	2.22931
DEAL:GMRES::Check 190	2.22931
DEAL:GMRES::Check 190	2.22931
DEAL:GMRES::Check 190	2.22931
DEAL:GMRES::Check 190	2.22931
DEAL:GMRES::Check 190	2.22931
DEAL:GMRES::Check 190	2.22931
DEAL:GMRES::Check 190	2.22931
DEAL:GMRES::Check 190	2.22931
DEAL:GMRES::Check 200	2.10672
DEAL:GMRES::Check 200	2.10672
DEAL:GMRES::Check 200	2.10672
DEAL:GMRES::Check 200	2.10672
DEAL:GMRES::Check 200	2.10672
DEAL:GMRES::Check 200	2.10672
DEAL:GMRES::Check 200	2.10672
DEAL:GMRES::Check 200	2.10672
DEAL:GMRES::Check 200	2.10672
DEAL:GMRES::Check 200	2.10672
DEAL:GMRES::Check 200	2.10672
DEAL:GMRES::Check 200	2.10672
DEAL:GMRES::Check 210	1.95264
DEAL:GMRES::Check 210	1.95264
DEAL:GMRES::Check 210	1.95264
DEAL:GMRES::Check 210	1.95264
DEAL:GMRES::Check 210	1.95264
DEAL:GMRES::Check 210	1.95264
DEAL:GMRES::Check 210	1.95264
DEAL:GMRES::Check 210	1.95264
DEAL:GMRES::Check 210	1.95264
DEAL:GMRES::Check 210	1.95264
DEAL:GMRES::Check 210	1.95264
DEAL:GMRES::Check 210	1.95264
DEAL:GMRES::Check 220	1.73849
DEAL:GMRES::Check 220	1.73849
DEAL:GMRES::Check 220	1.73849
DEAL:GMRES::Check 220	1.73849
DEAL:GMRES::Check 220	1.73849
DEAL:GMRES::Check 220	1.73849
DEAL:GMRES::Check 220	1.73849
DEAL:GMRES::Check 220	1.73849
DEAL:GMRES::Check 220	1.73849
DEAL:GMRES::Check 220	1.73849
DEAL:GMRES::Check 220	1.73849
DEAL:GMRES::Check 220	1.73849
DEAL:GMRES::Check 230	1.36340
DEAL:GMRES::Check 230	1.36340
DEAL:GMRES::Check 230	1.36340
DEAL:GMRES::Check 230	1.36340
DEAL:GMRES::Check 230	1.36340
DEAL:GMRES::Check 230	1.36340
DEAL:GMRES::Check 230	1.36340
DEAL:GMRES::Check 230	1.36340
DEAL:GMRES::Check 230	1.36340
DEAL:GMRES::Check 230	1.36340
DEAL:GMRES::Check 230	1.36340
DEAL:GMRES::Check 230	1.36340
DEAL:GMRES::Check 240	1.12054
DEAL:GMRES::Check 240	1.12054
DEAL:GMRES::Check 240	1.12054
DEAL:GMRES::Check 240	1.12054
DEAL:GMRES::Check 240	1.12054
DEAL:GMRES::Check 240	1.12054
DEAL:GMRES::Check 240	1.12054
DEAL:GMRES::Check 240	1.12054
DEAL:GMRES::Check 240	1.12054
DEAL:GMRES::Check 240	1.12054
DEAL:GMRES::Check 240	1.12054
DEAL:GMRES::Check 240	1.12054
DEAL:GMRES::Check 250	1.07189
DEAL:GMRES::Check 250	1.07189
DEAL:GMRES::Check 250	1.07189
DEAL:GMRES::Check 250	1.07189
DEAL:GMRES::Check 250	1.07189
DEAL:GMRES::Check 250	1.07189
DEAL:GMRES::Check 250	1.07189
DEAL:GMRES::Check 250	1.07189
DEAL:GMRES::Check 250	1.07189
DEAL:GMRES::Check 250	1.07189
DEAL:GMRES::Check 250	1.07189
DEAL:GMRES::Check 250	1.07189
DEAL:GMRES::Check 260	1.04088
DEAL:GMRES::Check 260	1.04088
DEAL:GMRES::Check 260	1.04088
DEAL:GMRES::Check 260	1.04088
DEAL:GMRES::Check 260	1.04088
DEAL:GMRES::Check 260	1.04088
DEAL:GMRES::Check 260	1.04088
DEAL:GMRES::Check 260	1.04088
DEAL:GMRES::Check 260	1.04088
DEAL:GMRES::Check 260	1.04088
DEAL:GMRES::Check 260	1.04088
DEAL:GMRES::Check 260	1.04088
DEAL:GMRES::Check 270	1.02868
DEAL:GMRES::Check 270	1.02868
DEAL:GMRES::Check 270	1.02868
DEAL:GMRES::Check 270	1.02868
DEAL:GMRES::Check 270	1.02868
DEAL:GMRES::Check 270	1.02868
DEAL:GMRES::Check 270	1.02868
DEAL:GMRES::Check 270	1.02868
DEAL:GMRES::Check 270	1.02868
DEAL:GMRES::Check 270	1.02868
DEAL:GMRES::Check 270	1.02868
DEAL:GMRES::Check 270	1.02868
DEAL:GMRES::Check 280	1.00456
DEAL:GMRES::Check 280	1.00456
DEAL:GMRES::Check 280	1.00456
DEAL:GMRES::Check 280	1.00456
DEAL:GMRES::Check 280	1.00456
DEAL:GMRES::Check 280	1.00456
DEAL:GMRES::Check 280	1.00456
DEAL:GMRES::Check 280	1.00456
DEAL:GMRES::Check 280	1.00456
DEAL:GMRES::Check 280	1.00456
DEAL:GMRES::Check 280	1.00456
DEAL:GMRES::Check 280	1.00456
DEAL:GMRES::Check 290	0.990357
DEAL:GMRES::Check 290	0.990357
DEAL:GMRES::Check 290	0.990357
DEAL:GMRES::Check 290	0.990357
DEAL:GMRES::Check 290	0.990357
DEAL:GMRES::Check 290	0.990357
DEAL:GMRES::Check 290	0.990357
DEAL:GMRES::Check 290	0.990357
DEAL:GMRES::Check 290	0.990357
DEAL:GMRES::Check 290	0.990357
DEAL:GMRES::Check 290	0.990357
DEAL:GMRES::Check 290	0.990357
DEAL:GMRES::Check 300	0.976101
DEAL:GMRES::Check 300	0.976101
DEAL:GMRES::Check 300	0.976101
DEAL:GMRES::Check 300	0.976101
DEAL:GMRES::Check 300	0.976101
DEAL:GMRES::Check 300	0.976101
DEAL:GMRES::Check 300	0.976101
DEAL:GMRES::Check 300	0.976101
DEAL:GMRES::Check 300	0.976101
DEAL:GMRES::Check 300	0.976101
DEAL:GMRES::Check 300	0.976101
DEAL:GMRES::Check 300	0.976101
DEAL:GMRES::Check 310	0.973481
DEAL:GMRES::Check 310	0.973481
DEAL:GMRES::Check 310	0.973481
DEAL:GMRES::Check 310	0.973481
DEAL:GMRES::Check 310	0.973481
DEAL:GMRES::Check 310	0.973481
DEAL:GMRES::Check 310	0.973481
DEAL:GMRES::Check 310	0.973481
DEAL:GMRES::Check 310	0.973481
DEAL:GMRES::Check 310	0.973481
DEAL:GMRES::Check 310	0.973481
DEAL:GMRES::Check 310	0.973481
DEAL:GMRES::Check 320	0.971570
DEAL:GMRES::Check 320	0.971570
DEAL:GMRES::Check 320	0.971570
DEAL:GMRES::Check 320	0.971570
DEAL:GMRES::Check 320	0.971570
DEAL:GMRES::Check 320	0.971570
DEAL:GMRES::Check 320	0.971570
DEAL:GMRES::Check 320	0.971570
DEAL:GMRES::Check 320	0.971570
DEAL:GMRES::Check 320	0.971570
DEAL:GMRES::Check 320	0.971570
DEAL:GMRES::Check 320	0.971570
================================================================================
Job 211632 completed at 21.07.2016/17:42:00 (CANCELLED)
