terminate called after throwing an instance of 'dealii::StandardExceptions::ExcMessage'
  what():  
--------------------------------------------------------
An error occurred in line <470> of file </home/kit/ianm/mx3529/libs/dealii-8.4.1/source/lac/trilinos_solver.cc> in function
    void dealii::TrilinosWrappers::SolverDirect::do_solve()
The violated condition was: 
    Factory.Query(additional_data.solver_type.c_str())
The name and call sequence of the exception was:
    ExcMessage (std::string ("You tried to select the solver type <") + additional_data.solver_type + "> but this solver is not supported by Trilinos either " "because it does not exist, or because Trilinos was not " "configured for its use.")
Additional Information: 
You tried to select the solver type <Amesos_Mumps> but this solver is not supported by Trilinos either because it does not exist, or because Trilinos was not configured for its use.
--------------------------------------------------------

[hc3n048:26705] *** Process received signal ***
[hc3n048:26705] Signal: Aborted (6)
[hc3n048:26705] Signal code:  (-6)
[hc3n048:26705] [ 0] /lib64/libpthread.so.0(+0xf850)[0x2b327122a850]
[hc3n048:26705] [ 1] /lib64/libc.so.6(gsignal+0x35)[0x2b3275d35875]
[hc3n048:26705] [ 2] /lib64/libc.so.6(abort+0x181)[0x2b3275d36e51]
[hc3n048:26705] [ 3] /opt/gcc/6/lib64/libstdc++.so.6(_ZN9__gnu_cxx27__verbose_terminate_handlerEv+0x15d)[0x2b3275a1294d]
[hc3n048:26705] [ 4] /opt/gcc/6/lib64/libstdc++.so.6(+0x96916)[0x2b3275a10916]
[hc3n048:26705] [ 5] /opt/gcc/6/lib64/libstdc++.so.6(+0x96961)[0x2b3275a10961]
[hc3n048:26705] [ 6] /opt/gcc/6/lib64/libstdc++.so.6(+0x96b78)[0x2b3275a10b78]
[hc3n048:26705] [ 7] /home/kit/ianm/mx3529/share/dealii/lib/libdeal_II.so.8.4.1(_ZN6dealii18deal_II_exceptions9internals11issue_errorINS_18StandardExceptions10ExcMessageEEEvNS1_17ExceptionHandlingEPKciS7_S7_S7_T_+0xb8)[0x2b325d506a78]
[hc3n048:26705] [ 8] /home/kit/ianm/mx3529/share/dealii/lib/libdeal_II.so.8.4.1(_ZN6dealii16TrilinosWrappers12SolverDirect8do_solveEv+0x720)[0x2b325f5742b0]
[hc3n048:26705] [ 9] /home/kit/ianm/mx3529/share/dealii/lib/libdeal_II.so.8.4.1(_ZN6dealii16TrilinosWrappers12SolverDirect5solveERKNS0_12SparseMatrixERNS_6VectorIdEERKS6_+0xec)[0x2b325f57523c]
[hc3n048:26705] [10] ./main(_ZNK22PreconditionerSweeping5vmultERN6dealii16TrilinosWrappers3MPI6VectorERKS3_+0xd0e)[0x441bce]
[hc3n048:26705] [11] ./main(_ZN6dealii11SolverGMRESINS_16TrilinosWrappers3MPI6VectorEE5solveINS1_12SparseMatrixE22PreconditionerSweepingEEvRKT_RS3_RKS3_RKT0_+0x490)[0x472ef0]
[hc3n048:26705] [12] ./main(_ZN9WaveguideIN6dealii16TrilinosWrappers12SparseMatrixENS1_3MPI6VectorEE5solveEv+0x16bf)[0x44794f]
[hc3n048:26705] [13] ./main(_ZN9WaveguideIN6dealii16TrilinosWrappers12SparseMatrixENS1_3MPI6VectorEE3runEv+0x1df)[0x47dadf]
[hc3n048:26705] [14] ./main(_ZN12OptimizationIN6dealii16TrilinosWrappers12SparseMatrixENS1_3MPI6VectorEE3runEv+0x104)[0x47e164]
[hc3n048:26705] [15] ./main(main+0x185d)[0x439d6d]
[hc3n048:26705] [16] /lib64/libc.so.6(__libc_start_main+0xe6)[0x2b3275d21c36]
[hc3n048:26705] [17] ./main[0x43a7f9]
[hc3n048:26705] *** End of error message ***
